#
# There is insufficient memory for the Java Runtime Environment to continue.
# Native memory allocation (malloc) failed to allocate 438048 bytes for Chunk::new
# Possible reasons:
#   The system is out of physical RAM or swap space
#   In 32 bit mode, the process size limit was hit
# Possible solutions:
#   Reduce memory load on the system
#   Increase physical memory or swap space
#   Check if swap backing store is full
#   Use 64 bit Java on a 64 bit OS
#   Decrease Java heap size (-Xmx/-Xms)
#   Decrease number of Java threads
#   Decrease Java thread stack sizes (-Xss)
#   Set larger code cache with -XX:ReservedCodeCacheSize=
# This output file may be truncated or incomplete.
#
#  Out of Memory Error (allocation.cpp:390), pid=9068, tid=9196
#
# JRE version: Java(TM) SE Runtime Environment (8.0_91-b14) (build 1.8.0_91-b14)
# Java VM: Java HotSpot(TM) 64-Bit Server VM (25.91-b14 mixed mode windows-amd64 compressed oops)
# Failed to write core dump. Minidumps are not enabled by default on client versions of Windows
#

---------------  T H R E A D  ---------------

Current thread (0x0000000014c1a000):  JavaThread "C2 CompilerThread0" daemon [_thread_in_native, id=9196, stack(0x0000000016240000,0x0000000016340000)]

Stack: [0x0000000016240000,0x0000000016340000]
[error occurred during error reporting (printing stack bounds), id 0xc0000005]

Native frames: (J=compiled Java code, j=interpreted, Vv=VM code, C=native code)


Current CompileTask:
C2:1061261 2508       4       com.android.dx.ssa.SsaMethod::convertRopToSsaBlocks (103 bytes)


---------------  P R O C E S S  ---------------

Java Threads: ( => current thread )
  0x0000000016c02000 JavaThread "pool-2-thread-4" [_thread_in_Java, id=6884, stack(0x0000000017740000,0x0000000017840000)]
  0x0000000016c04000 JavaThread "pool-2-thread-3" [_thread_in_Java, id=3820, stack(0x0000000017640000,0x0000000017740000)]
  0x0000000016c89000 JavaThread "pool-2-thread-2" [_thread_blocked, id=8360, stack(0x0000000017540000,0x0000000017640000)]
  0x00000000167cf800 JavaThread "pool-3-thread-1" [_thread_blocked, id=1440, stack(0x0000000017440000,0x0000000017540000)]
  0x0000000016bf3000 JavaThread "pool-2-thread-1" [_thread_in_vm, id=10964, stack(0x0000000017340000,0x0000000017440000)]
  0x0000000016568800 JavaThread "Service Thread" daemon [_thread_blocked, id=9412, stack(0x0000000016940000,0x0000000016a40000)]
  0x0000000014c0e800 JavaThread "C1 CompilerThread2" daemon [_thread_blocked, id=5416, stack(0x0000000016440000,0x0000000016540000)]
  0x0000000014c1c000 JavaThread "C2 CompilerThread1" daemon [_thread_in_native, id=10556, stack(0x0000000016340000,0x0000000016440000)]
=>0x0000000014c1a000 JavaThread "C2 CompilerThread0" daemon [_thread_in_native, id=9196, stack(0x0000000016240000,0x0000000016340000)]
  0x0000000014c17800 JavaThread "Attach Listener" daemon [_thread_blocked, id=6872, stack(0x0000000016140000,0x0000000016240000)]
  0x0000000014c16000 JavaThread "Signal Dispatcher" daemon [_thread_blocked, id=6604, stack(0x0000000016040000,0x0000000016140000)]
  0x000000000253b800 JavaThread "Finalizer" daemon [_thread_blocked, id=8416, stack(0x0000000015e60000,0x0000000015f60000)]
  0x0000000002531000 JavaThread "Reference Handler" daemon [_thread_blocked, id=2848, stack(0x0000000015d60000,0x0000000015e60000)]
  0x0000000002440800 JavaThread "main" [_thread_blocked, id=6560, stack(0x00000000022d0000,0x00000000023d0000)]

Other Threads:
  0x0000000014bd8000 VMThread [stack: 0x0000000015c60000,0x0000000015d60000] [id=3596]
  0x0000000014c6e000 WatcherThread [stack: 0x0000000016a40000,0x0000000016b40000] [id=4732]

VM state:not at safepoint (normal execution)

VM Mutex/Monitor currently owned by a thread: None

Heap:
 PSYoungGen      total 223744K, used 111218K [0x00000000eab00000, 0x0000000100000000, 0x0000000100000000)
  eden space 136192K, 20% used [0x00000000eab00000,0x00000000ec66b8c8,0x00000000f3000000)
  from space 87552K, 94% used [0x00000000f9280000,0x00000000fe3b11f8,0x00000000fe800000)
  to   space 100864K, 0% used [0x00000000f3000000,0x00000000f3000000,0x00000000f9280000)
 ParOldGen       total 699392K, used 168573K [0x00000000c0000000, 0x00000000eab00000, 0x00000000eab00000)
  object space 699392K, 24% used [0x00000000c0000000,0x00000000ca49f6f8,0x00000000eab00000)
 Metaspace       used 6648K, capacity 7320K, committed 7680K, reserved 1056768K
  class space    used 628K, capacity 656K, committed 768K, reserved 1048576K

Card table byte_map: [0x0000000011900000,0x0000000011b10000] byte_map_base: 0x0000000011300000

Marking Bits: (ParMarkBitMap*) 0x000000005a2e2f70
 Begin Bits: [0x0000000012070000, 0x0000000013070000)
 End Bits:   [0x0000000013070000, 0x0000000014070000)

Polling page: 0x0000000000b40000

CodeCache: size=245760Kb used=9146Kb max_used=10627Kb free=236613Kb
 bounds [0x0000000002540000, 0x0000000002fc0000, 0x0000000011540000]
 total_blobs=2316 nmethods=2046 adapters=182
 compilation: enabled

Compilation events (10 events):
Event: 1060.716 Thread 0x0000000014c0e800 2588       2       com.android.dx.ssa.back.FirstFitLocalCombiningAllocator::addMapping (76 bytes)
Event: 1060.717 Thread 0x0000000014c0e800 nmethod 2588 0x0000000002822890 code [0x0000000002822aa0, 0x0000000002823018]
Event: 1060.718 Thread 0x0000000014c0e800 2589       2       java.util.BitSet::set (124 bytes)
Event: 1060.719 Thread 0x0000000014c0e800 nmethod 2589 0x0000000002ea1050 code [0x0000000002ea11e0, 0x0000000002ea1568]
Event: 1060.792 Thread 0x0000000014c0e800 2591       1       com.android.dx.cf.attrib.AttEnclosingMethod::byteLength (3 bytes)
Event: 1060.793 Thread 0x0000000014c0e800 nmethod 2591 0x0000000002bf0f10 code [0x0000000002bf1060, 0x0000000002bf1170]
Event: 1060.806 Thread 0x0000000014c1a000 nmethod 2503% 0x00000000028bf750 code [0x00000000028bfae0, 0x00000000028c3698]
Event: 1060.806 Thread 0x0000000014c1a000 2508       4       com.android.dx.ssa.SsaMethod::convertRopToSsaBlocks (103 bytes)
Event: 1061.037 Thread 0x0000000014c0e800 2592 % !   3       com.android.dx.dex.cf.CfTranslator::processMethods @ 24 (583 bytes)
Event: 1061.047 Thread 0x0000000014c0e800 nmethod 2592% 0x00000000028b36d0 code [0x00000000028b3e60, 0x00000000028b9ec8]

GC Heap History (10 events):
Event: 1059.250 GC heap before
{Heap before GC invocations=3423 (full 3413):
 PSYoungGen      total 135168K, used 135146K [0x00000000eab00000, 0x00000000fb480000, 0x0000000100000000)
  eden space 124928K, 100% used [0x00000000eab00000,0x00000000f2500000,0x00000000f2500000)
  from space 10240K, 99% used [0x00000000f2500000,0x00000000f2efa8d0,0x00000000f2f00000)
  to   space 71680K, 0% used [0x00000000f6e80000,0x00000000f6e80000,0x00000000fb480000)
 ParOldGen       total 699392K, used 167786K [0x00000000c0000000, 0x00000000eab00000, 0x00000000eab00000)
  object space 699392K, 23% used [0x00000000c0000000,0x00000000ca3da9e0,0x00000000eab00000)
 Metaspace       used 6634K, capacity 7320K, committed 7680K, reserved 1056768K
  class space    used 627K, capacity 656K, committed 768K, reserved 1048576K
Event: 1059.362 GC heap after
Heap after GC invocations=3423 (full 3413):
 PSYoungGen      total 200192K, used 27487K [0x00000000eab00000, 0x00000000fb180000, 0x0000000100000000)
  eden space 131584K, 0% used [0x00000000eab00000,0x00000000eab00000,0x00000000f2b80000)
  from space 68608K, 40% used [0x00000000f6e80000,0x00000000f8957da8,0x00000000fb180000)
  to   space 68608K, 0% used [0x00000000f2b80000,0x00000000f2b80000,0x00000000f6e80000)
 ParOldGen       total 699392K, used 168557K [0x00000000c0000000, 0x00000000eab00000, 0x00000000eab00000)
  object space 699392K, 24% used [0x00000000c0000000,0x00000000ca49b6f8,0x00000000eab00000)
 Metaspace       used 6634K, capacity 7320K, committed 7680K, reserved 1056768K
  class space    used 627K, capacity 656K, committed 768K, reserved 1048576K
}
Event: 1059.757 GC heap before
{Heap before GC invocations=3424 (full 3413):
 PSYoungGen      total 200192K, used 159071K [0x00000000eab00000, 0x00000000fb180000, 0x0000000100000000)
  eden space 131584K, 100% used [0x00000000eab00000,0x00000000f2b80000,0x00000000f2b80000)
  from space 68608K, 40% used [0x00000000f6e80000,0x00000000f8957da8,0x00000000fb180000)
  to   space 68608K, 0% used [0x00000000f2b80000,0x00000000f2b80000,0x00000000f6e80000)
 ParOldGen       total 699392K, used 168557K [0x00000000c0000000, 0x00000000eab00000, 0x00000000eab00000)
  object space 699392K, 24% used [0x00000000c0000000,0x00000000ca49b6f8,0x00000000eab00000)
 Metaspace       used 6641K, capacity 7320K, committed 7680K, reserved 1056768K
  class space    used 627K, capacity 656K, committed 768K, reserved 1048576K
Event: 1059.854 GC heap after
Heap after GC invocations=3424 (full 3413):
 PSYoungGen      total 200192K, used 44102K [0x00000000eab00000, 0x00000000fc080000, 0x0000000100000000)
  eden space 131584K, 0% used [0x00000000eab00000,0x00000000eab00000,0x00000000f2b80000)
  from space 68608K, 64% used [0x00000000f2b80000,0x00000000f5691888,0x00000000f6e80000)
  to   space 71680K, 0% used [0x00000000f7a80000,0x00000000f7a80000,0x00000000fc080000)
 ParOldGen       total 699392K, used 168557K [0x00000000c0000000, 0x00000000eab00000, 0x00000000eab00000)
  object space 699392K, 24% used [0x00000000c0000000,0x00000000ca49b6f8,0x00000000eab00000)
 Metaspace       used 6641K, capacity 7320K, committed 7680K, reserved 1056768K
  class space    used 627K, capacity 656K, committed 768K, reserved 1048576K
}
Event: 1060.167 GC heap before
{Heap before GC invocations=3425 (full 3413):
 PSYoungGen      total 200192K, used 175686K [0x00000000eab00000, 0x00000000fc080000, 0x0000000100000000)
  eden space 131584K, 100% used [0x00000000eab00000,0x00000000f2b80000,0x00000000f2b80000)
  from space 68608K, 64% used [0x00000000f2b80000,0x00000000f5691888,0x00000000f6e80000)
  to   space 71680K, 0% used [0x00000000f7a80000,0x00000000f7a80000,0x00000000fc080000)
 ParOldGen       total 699392K, used 168557K [0x00000000c0000000, 0x00000000eab00000, 0x00000000eab00000)
  object space 699392K, 24% used [0x00000000c0000000,0x00000000ca49b6f8,0x00000000eab00000)
 Metaspace       used 6646K, capacity 7320K, committed 7680K, reserved 1056768K
  class space    used 627K, capacity 656K, committed 768K, reserved 1048576K
Event: 1060.291 GC heap after
Heap after GC invocations=3425 (full 3413):
 PSYoungGen      total 203776K, used 60514K [0x00000000eab00000, 0x00000000fd500000, 0x0000000100000000)
  eden space 132096K, 0% used [0x00000000eab00000,0x00000000eab00000,0x00000000f2c00000)
  from space 71680K, 84% used [0x00000000f7a80000,0x00000000fb598890,0x00000000fc080000)
  to   space 80384K, 0% used [0x00000000f2c00000,0x00000000f2c00000,0x00000000f7a80000)
 ParOldGen       total 699392K, used 168565K [0x00000000c0000000, 0x00000000eab00000, 0x00000000eab00000)
  object space 699392K, 24% used [0x00000000c0000000,0x00000000ca49d6f8,0x00000000eab00000)
 Metaspace       used 6646K, capacity 7320K, committed 7680K, reserved 1056768K
  class space    used 627K, capacity 656K, committed 768K, reserved 1048576K
}
Event: 1060.413 GC heap before
{Heap before GC invocations=3426 (full 3413):
 PSYoungGen      total 203776K, used 192610K [0x00000000eab00000, 0x00000000fd500000, 0x0000000100000000)
  eden space 132096K, 100% used [0x00000000eab00000,0x00000000f2c00000,0x00000000f2c00000)
  from space 71680K, 84% used [0x00000000f7a80000,0x00000000fb598890,0x00000000fc080000)
  to   space 80384K, 0% used [0x00000000f2c00000,0x00000000f2c00000,0x00000000f7a80000)
 ParOldGen       total 699392K, used 168565K [0x00000000c0000000, 0x00000000eab00000, 0x00000000eab00000)
  object space 699392K, 24% used [0x00000000c0000000,0x00000000ca49d6f8,0x00000000eab00000)
 Metaspace       used 6646K, capacity 7320K, committed 7680K, reserved 1056768K
  class space    used 627K, capacity 656K, committed 768K, reserved 1048576K
Event: 1060.497 GC heap after
Heap after GC invocations=3426 (full 3413):
 PSYoungGen      total 212480K, used 62339K [0x00000000eab00000, 0x00000000fe800000, 0x0000000100000000)
  eden space 132096K, 0% used [0x00000000eab00000,0x00000000eab00000,0x00000000f2c00000)
  from space 80384K, 77% used [0x00000000f2c00000,0x00000000f68e0fd0,0x00000000f7a80000)
  to   space 87552K, 0% used [0x00000000f9280000,0x00000000f9280000,0x00000000fe800000)
 ParOldGen       total 699392K, used 168565K [0x00000000c0000000, 0x00000000eab00000, 0x00000000eab00000)
  object space 699392K, 24% used [0x00000000c0000000,0x00000000ca49d6f8,0x00000000eab00000)
 Metaspace       used 6646K, capacity 7320K, committed 7680K, reserved 1056768K
  class space    used 627K, capacity 656K, committed 768K, reserved 1048576K
}
Event: 1060.890 GC heap before
{Heap before GC invocations=3427 (full 3413):
 PSYoungGen      total 212480K, used 194435K [0x00000000eab00000, 0x00000000fe800000, 0x0000000100000000)
  eden space 132096K, 100% used [0x00000000eab00000,0x00000000f2c00000,0x00000000f2c00000)
  from space 80384K, 77% used [0x00000000f2c00000,0x00000000f68e0fd0,0x00000000f7a80000)
  to   space 87552K, 0% used [0x00000000f9280000,0x00000000f9280000,0x00000000fe800000)
 ParOldGen       total 699392K, used 168565K [0x00000000c0000000, 0x00000000eab00000, 0x00000000eab00000)
  object space 699392K, 24% used [0x00000000c0000000,0x00000000ca49d6f8,0x00000000eab00000)
 Metaspace       used 6648K, capacity 7320K, committed 7680K, reserved 1056768K
  class space    used 628K, capacity 656K, committed 768K, reserved 1048576K
Event: 1061.036 GC heap after
Heap after GC invocations=3427 (full 3413):
 PSYoungGen      total 223744K, used 83140K [0x00000000eab00000, 0x0000000100000000, 0x0000000100000000)
  eden space 136192K, 0% used [0x00000000eab00000,0x00000000eab00000,0x00000000f3000000)
  from space 87552K, 94% used [0x00000000f9280000,0x00000000fe3b11f8,0x00000000fe800000)
  to   space 100864K, 0% used [0x00000000f3000000,0x00000000f3000000,0x00000000f9280000)
 ParOldGen       total 699392K, used 168573K [0x00000000c0000000, 0x00000000eab00000, 0x00000000eab00000)
  object space 699392K, 24% used [0x00000000c0000000,0x00000000ca49f6f8,0x00000000eab00000)
 Metaspace       used 6648K, capacity 7320K, committed 7680K, reserved 1056768K
  class space    used 628K, capacity 656K, committed 768K, reserved 1048576K
}

Deoptimization events (10 events):
Event: 13.996 Thread 0x0000000016c02000 Uncommon trap: reason=class_check action=maybe_recompile pc=0x0000000002e4633c method=com.android.dx.cf.code.Ropper.processBlock(Lcom/android/dx/cf/code/ByteBlock;Lcom/android/dx/cf/code/Frame;[I)V @ 711
Event: 15.014 Thread 0x0000000016c04000 Uncommon trap: reason=unstable_if action=reinterpret pc=0x0000000002e46c14 method=com.android.dx.cf.code.Merger.mergeType(Lcom/android/dx/rop/type/TypeBearer;Lcom/android/dx/rop/type/TypeBearer;)Lcom/android/dx/rop/type/TypeBearer; @ 77
Event: 1059.117 Thread 0x0000000002440800 Uncommon trap: reason=class_check action=maybe_recompile pc=0x0000000002d8db84 method=com.android.dx.ssa.SCCP.replaceConstants()V @ 182
Event: 1060.061 Thread 0x0000000016bf3000 Uncommon trap: reason=class_check action=maybe_recompile pc=0x0000000002eeab74 method=com.android.dx.ssa.SCCP.simulateBranch(Lcom/android/dx/ssa/SsaInsn;)V @ 339
Event: 1060.116 Thread 0x0000000002440800 Uncommon trap: reason=unstable_if action=reinterpret pc=0x00000000026b6618 method=java.util.zip.ZipCoder.decoder()Ljava/nio/charset/CharsetDecoder; @ 4
Event: 1060.116 Thread 0x0000000002440800 Uncommon trap: reason=unstable_if action=reinterpret pc=0x0000000002699d98 method=java.util.zip.ZipEntry.setExtra0([BZ)V @ 1
Event: 1060.371 Thread 0x0000000016c04000 Uncommon trap: reason=unstable_if action=reinterpret pc=0x0000000002df0618 method=com.android.dx.ssa.PhiTypeResolver.equalsHandlesNulls(Lcom/android/dx/rop/code/LocalItem;Lcom/android/dx/rop/code/LocalItem;)Z @ 2
Event: 1060.708 Thread 0x0000000016bf3000 Uncommon trap: reason=unstable_if action=reinterpret pc=0x00000000026e7d94 method=java.util.BitSet.nextClearBit(I)I @ 70
Event: 1060.716 Thread 0x0000000016bf3000 Uncommon trap: reason=unstable_if action=reinterpret pc=0x0000000002858310 method=java.util.BitSet.set(II)V @ 48
Event: 1060.716 Thread 0x0000000016bf3000 Uncommon trap: reason=unstable_if action=reinterpret pc=0x0000000002650cbc method=java.util.BitSet.set(II)V @ 48

Internal exceptions (10 events):
Event: 0.036 Thread 0x0000000002440800 Exception <a 'java/lang/NoSuchMethodError': Method sun.misc.Unsafe.prefetchRead(Ljava/lang/Object;J)V name or signature does not match> (0x00000000eab07fa8) thrown at [C:\re\workspace\8-2-build-windows-amd64-cygwin\jdk8u91\6644\hotspot\src\share\vm\prims\j•¸êï?
Event: 0.970 Thread 0x0000000016c04000 Implicit null exception at 0x00000000028469a2 to 0x0000000002846a92
Event: 1.107 Thread 0x0000000002440800 Implicit null exception at 0x00000000029437f3 to 0x0000000002944379
Event: 1.576 Thread 0x0000000016c89000 Implicit null exception at 0x00000000029724a1 to 0x0000000002972e81
Event: 1.844 Thread 0x0000000016c89000 Implicit null exception at 0x00000000029c4558 to 0x00000000029c46c5
Event: 1.845 Thread 0x0000000016c89000 Implicit null exception at 0x0000000002bdd5f9 to 0x0000000002bde8e5
Event: 2.366 Thread 0x0000000016c04000 Exception <a 'java/lang/ArrayIndexOutOfBoundsException': 18> (0x00000000f1387bf8) thrown at [C:\re\workspace\8-2-build-windows-amd64-cygwin\jdk8u91\6644\hotspot\src\share\vm\interpreter\interpreterRuntime.cpp, line 366]
Event: 2.368 Thread 0x0000000016c04000 Exception <a 'java/lang/ArrayIndexOutOfBoundsException'> (0x00000000f1389778) thrown at [C:\re\workspace\8-2-build-windows-amd64-cygwin\jdk8u91\6644\hotspot\src\share\vm\runtime\sharedRuntime.cpp, line 605]
Event: 2.370 Thread 0x0000000016c04000 Exception <a 'java/lang/ArrayIndexOutOfBoundsException'> (0x00000000f138aa60) thrown at [C:\re\workspace\8-2-build-windows-amd64-cygwin\jdk8u91\6644\hotspot\src\share\vm\runtime\sharedRuntime.cpp, line 605]
Event: 1060.116 Thread 0x0000000002440800 Implicit null exception at 0x00000000026b5c3d to 0x00000000026b65d9

Events (10 events):
Event: 1060.828 Thread 0x0000000016c02000 DEOPT PACKING pc=0x0000000002a37720 sp=0x000000001783e620
Event: 1060.828 Thread 0x0000000016c02000 DEOPT UNPACKING pc=0x000000000258787f sp=0x000000001783e450 mode 0
Event: 1060.890 Executing VM operation: ParallelGCFailedAllocation
Event: 1061.036 Executing VM operation: ParallelGCFailedAllocation done
Event: 1061.040 Thread 0x0000000016c89000 DEOPT PACKING pc=0x0000000002a37351 sp=0x000000001763ec00
Event: 1061.040 Thread 0x0000000016c89000 DEOPT UNPACKING pc=0x000000000258787f sp=0x000000001763ea30 mode 0
Event: 1061.065 Thread 0x0000000016c04000 DEOPT PACKING pc=0x0000000002a37720 sp=0x000000001773e6b0
Event: 1061.065 Thread 0x0000000016c04000 DEOPT UNPACKING pc=0x000000000258787f sp=0x000000001773e4e0 mode 0
Event: 1061.117 Thread 0x0000000016c89000 DEOPT PACKING pc=0x0000000002a37351 sp=0x000000001763ec00
Event: 1061.117 Thread 0x0000000016c89000 DEOPT UNPACKING pc=0x000000000258787f sp=0x000000001763ea30 mode 0


Dynamic libraries:
0x00007ff616680000 - 0x00007ff6166b7000 	C:\Program Files\Java\jdk1.8.0_91\bin\java.exe
0x00007ffce13f0000 - 0x00007ffce15b1000 	C:\WINDOWS\SYSTEM32\ntdll.dll
0x00007ffcdf640000 - 0x00007ffcdf6ed000 	C:\WINDOWS\system32\KERNEL32.DLL
0x00007ffcddbc0000 - 0x00007ffcddda8000 	C:\WINDOWS\system32\KERNELBASE.dll
0x00007ffcdfcd0000 - 0x00007ffcdfd77000 	C:\WINDOWS\system32\ADVAPI32.dll
0x00007ffce12f0000 - 0x00007ffce138d000 	C:\WINDOWS\system32\msvcrt.dll
0x00007ffcdea60000 - 0x00007ffcdeabb000 	C:\WINDOWS\system32\sechost.dll
0x00007ffcdf970000 - 0x00007ffcdfa8c000 	C:\WINDOWS\system32\RPCRT4.dll
0x00007ffcdee90000 - 0x00007ffcdefe6000 	C:\WINDOWS\system32\USER32.dll
0x00007ffcdfb40000 - 0x00007ffcdfcc6000 	C:\WINDOWS\system32\GDI32.dll
0x00007ffccf520000 - 0x00007ffccf794000 	C:\WINDOWS\WinSxS\amd64_microsoft.windows.common-controls_6595b64144ccf1df_6.0.10586.672_none_a2d6b3cea53ff843\COMCTL32.dll
0x00007ffcdeac0000 - 0x00007ffcded3d000 	C:\WINDOWS\system32\combase.dll
0x00007ffcddaf0000 - 0x00007ffcddb5a000 	C:\WINDOWS\system32\bcryptPrimitives.dll
0x00007ffcdf910000 - 0x00007ffcdf94b000 	C:\WINDOWS\system32\IMM32.DLL
0x0000000059620000 - 0x00000000596f2000 	C:\Program Files\Java\jdk1.8.0_91\jre\bin\msvcr100.dll
0x0000000059ad0000 - 0x000000005a363000 	C:\Program Files\Java\jdk1.8.0_91\jre\bin\server\jvm.dll
0x00007ffcdf760000 - 0x00007ffcdf768000 	C:\WINDOWS\system32\PSAPI.DLL
0x00007ffcdbc60000 - 0x00007ffcdbc83000 	C:\WINDOWS\SYSTEM32\WINMM.dll
0x00007ffcd4b70000 - 0x00007ffcd4b7a000 	C:\WINDOWS\SYSTEM32\VERSION.dll
0x00007ffcd38e0000 - 0x00007ffcd38e9000 	C:\WINDOWS\SYSTEM32\WSOCK32.dll
0x00007ffcdf840000 - 0x00007ffcdf8ab000 	C:\WINDOWS\system32\WS2_32.dll
0x00007ffcdbc30000 - 0x00007ffcdbc5c000 	C:\WINDOWS\SYSTEM32\WINMMBASE.dll
0x00007ffcddaa0000 - 0x00007ffcddae3000 	C:\WINDOWS\system32\cfgmgr32.dll
0x000000005a770000 - 0x000000005a77f000 	C:\Program Files\Java\jdk1.8.0_91\jre\bin\verify.dll
0x000000005a740000 - 0x000000005a769000 	C:\Program Files\Java\jdk1.8.0_91\jre\bin\java.dll
0x000000005a480000 - 0x000000005a496000 	C:\Program Files\Java\jdk1.8.0_91\jre\bin\zip.dll
0x00007ffcdfd90000 - 0x00007ffce12ec000 	C:\WINDOWS\system32\SHELL32.dll
0x00007ffcde110000 - 0x00007ffcde755000 	C:\WINDOWS\system32\windows.storage.dll
0x00007ffcdf8b0000 - 0x00007ffcdf902000 	C:\WINDOWS\system32\shlwapi.dll
0x00007ffcdda30000 - 0x00007ffcdda3f000 	C:\WINDOWS\system32\kernel.appcore.dll
0x00007ffcde050000 - 0x00007ffcde105000 	C:\WINDOWS\system32\shcore.dll
0x00007ffcdda50000 - 0x00007ffcdda9b000 	C:\WINDOWS\system32\powrprof.dll
0x00007ffcdda10000 - 0x00007ffcdda24000 	C:\WINDOWS\system32\profapi.dll

VM Arguments:
jvm_args: -Djava.awt.headless=true -Xmx1024M -Dfile.encoding=windows-1252 -Duser.country=US -Duser.language=en -Duser.variant 
java_command: com.android.dx.command.Main --dex --num-threads=4 --multi-dex --main-dex-list E:\TableBookingApp\app\build\intermediates\multi-dex\debug\maindexlist.txt --output E:\TableBookingApp\app\build\intermediates\transforms\dex\debug\folders\1000\1f\main E:\TableBookingApp\app\build\intermediates\transforms\jarMerging\debug\jars\1\1f\combined.jar
java_class_path (initial): C:\Users\abc\AppData\Local\Android\sdk\build-tools\25.0.2\lib\dx.jar
Launcher Type: SUN_STANDARD

Environment Variables:
PATH=C:\ProgramData\Oracle\Java\javapath;D:\oracle\product\11.2.0\dbhome_1\bin;C:\WINDOWS\system32;C:\WINDOWS;C:\WINDOWS\System32\Wbem;C:\WINDOWS\System32\WindowsPowerShell\v1.0\;C:\Program Files (x86)\Microsoft SQL Server\100\Tools\Binn\;C:\Program Files\Microsoft SQL Server\100\Tools\Binn\;C:\Program Files\Microsoft SQL Server\100\DTS\Binn\;d:\SQLSERVER\120\DTS\Binn\;d:\SQLSERVER\Client SDK\ODBC\110\Tools\Binn\;d:\SQLSERVER\x86\120\Tools\Binn\;d:\SQLSERVER\120\Tools\Binn\;d:\SQLSERVER\x86\110\Tools\Binn\ManagementStudio\;d:\SQLSERVER\x86\110\Tools\Binn\;d:\SQLSERVER\x86\110\DTS\Binn\;C:\Program Files\MATLAB\R2009b\runtime\win64;C:\Program Files\Java\jdk1.8.0_91\bin
USERNAME=MuneebPC
OS=Windows_NT
PROCESSOR_IDENTIFIER=Intel64 Family 6 Model 58 Stepping 9, GenuineIntel



---------------  S Y S T E M  ---------------

OS: Windows 10.0 , 64 bit Build 10586 (10.0.10586.589)

CPU:total 4 (2 cores per cpu, 2 threads per core) family 6 model 58 stepping 9, cmov, cx8, fxsr, mmx, sse, sse2, sse3, ssse3, sse4.1, sse4.2, popcnt, avx, aes, clmul, erms, ht, tsc, tscinvbit, tscinv

Memory: 4k page, physical 4072964k(947100k free), swap 5712656k(4644k free)

vm_info: Java HotSpot(TM) 64-Bit Server VM (25.91-b14) for windows-amd64 JRE (1.8.0_91-b14), built on Apr  1 2016 00:58:32 by "java_re" with MS VC++ 10.0 (VS2010)

time: Mon May 15 15:58:56 2017
elapsed time: 1061 seconds (0d 0h 17m 41s)

