#
# There is insufficient memory for the Java Runtime Environment to continue.
# Native memory allocation (malloc) failed to allocate 274192 bytes for Chunk::new
# Possible reasons:
#   The system is out of physical RAM or swap space
#   In 32 bit mode, the process size limit was hit
# Possible solutions:
#   Reduce memory load on the system
#   Increase physical memory or swap space
#   Check if swap backing store is full
#   Use 64 bit Java on a 64 bit OS
#   Decrease Java heap size (-Xmx/-Xms)
#   Decrease number of Java threads
#   Decrease Java thread stack sizes (-Xss)
#   Set larger code cache with -XX:ReservedCodeCacheSize=
# This output file may be truncated or incomplete.
#
#  Out of Memory Error (allocation.cpp:390), pid=10136, tid=1976
#
# JRE version: Java(TM) SE Runtime Environment (8.0_91-b14) (build 1.8.0_91-b14)
# Java VM: Java HotSpot(TM) 64-Bit Server VM (25.91-b14 mixed mode windows-amd64 compressed oops)
# Failed to write core dump. Minidumps are not enabled by default on client versions of Windows
#

---------------  T H R E A D  ---------------

Current thread (0x000000001521a000):  JavaThread "C2 CompilerThread0" daemon [_thread_in_native, id=1976, stack(0x0000000016860000,0x0000000016960000)]

Stack: [0x0000000016860000,0x0000000016960000]
[error occurred during error reporting (printing stack bounds), id 0xc0000005]

Native frames: (J=compiled Java code, j=interpreted, Vv=VM code, C=native code)


Current CompileTask:
C2:   1737 1356       4       com.android.dx.ssa.SCCP::simulateBranch (666 bytes)


---------------  P R O C E S S  ---------------

Java Threads: ( => current thread )
  0x0000000016de4800 JavaThread "pool-1-thread-4" [_thread_blocked, id=5156, stack(0x0000000017560000,0x0000000017660000)]
  0x0000000016ddf800 JavaThread "pool-1-thread-3" [_thread_blocked, id=9004, stack(0x0000000017460000,0x0000000017560000)]
  0x0000000016de4000 JavaThread "pool-1-thread-2" [_thread_blocked, id=1040, stack(0x0000000017360000,0x0000000017460000)]
  0x0000000016e8a000 JavaThread "pool-2-thread-1" [_thread_blocked, id=456, stack(0x0000000017260000,0x0000000017360000)]
  0x0000000016e89000 JavaThread "pool-1-thread-1" [_thread_blocked, id=9476, stack(0x0000000017160000,0x0000000017260000)]
  0x0000000016b91800 JavaThread "Service Thread" daemon [_thread_blocked, id=1608, stack(0x0000000016f60000,0x0000000017060000)]
  0x0000000015211000 JavaThread "C1 CompilerThread2" daemon [_thread_blocked, id=188, stack(0x0000000016a60000,0x0000000016b60000)]
  0x0000000015208800 JavaThread "C2 CompilerThread1" daemon [_thread_blocked, id=9296, stack(0x0000000016960000,0x0000000016a60000)]
=>0x000000001521a000 JavaThread "C2 CompilerThread0" daemon [_thread_in_native, id=1976, stack(0x0000000016860000,0x0000000016960000)]
  0x0000000015217000 JavaThread "Attach Listener" daemon [_thread_blocked, id=4188, stack(0x0000000016760000,0x0000000016860000)]
  0x0000000015216000 JavaThread "Signal Dispatcher" daemon [_thread_blocked, id=7920, stack(0x0000000016660000,0x0000000016760000)]
  0x0000000002b35800 JavaThread "Finalizer" daemon [_thread_blocked, id=7112, stack(0x0000000016480000,0x0000000016580000)]
  0x0000000002b30800 JavaThread "Reference Handler" daemon [_thread_blocked, id=9912, stack(0x0000000016380000,0x0000000016480000)]
  0x0000000002a40800 JavaThread "main" [_thread_blocked, id=4676, stack(0x0000000002810000,0x0000000002910000)]

Other Threads:
  0x00000000151d6800 VMThread [stack: 0x0000000016280000,0x0000000016380000] [id=10996]
  0x0000000016b96000 WatcherThread [stack: 0x0000000017060000,0x0000000017160000] [id=5404]

VM state:not at safepoint (normal execution)

VM Mutex/Monitor currently owned by a thread:  ([mutex/lock_event])
[0x000000000293c190] Heap_lock - owner thread: 0x0000000016ddf800

Heap:
 PSYoungGen      total 35328K, used 2703K [0x00000000eab00000, 0x00000000ed000000, 0x0000000100000000)
  eden space 32768K, 0% used [0x00000000eab00000,0x00000000eab27760,0x00000000ecb00000)
  from space 2560K, 99% used [0x00000000ecb00000,0x00000000ecd7c5e0,0x00000000ecd80000)
  to   space 2560K, 0% used [0x00000000ecd80000,0x00000000ecd80000,0x00000000ed000000)
 ParOldGen       total 44032K, used 14382K [0x00000000c0000000, 0x00000000c2b00000, 0x00000000eab00000)
  object space 44032K, 32% used [0x00000000c0000000,0x00000000c0e0bbd0,0x00000000c2b00000)
 Metaspace       used 6154K, capacity 7090K, committed 7296K, reserved 1056768K
  class space    used 598K, capacity 618K, committed 640K, reserved 1048576K

Card table byte_map: [0x0000000011f00000,0x0000000012110000] byte_map_base: 0x0000000011900000

Marking Bits: (ParMarkBitMap*) 0x000000005a2e2f70
 Begin Bits: [0x0000000012670000, 0x0000000013670000)
 End Bits:   [0x0000000013670000, 0x0000000014670000)

Polling page: 0x00000000027a0000

CodeCache: size=245760Kb used=5983Kb max_used=5983Kb free=239776Kb
 bounds [0x0000000002b40000, 0x0000000003120000, 0x0000000011b40000]
 total_blobs=1766 nmethods=1498 adapters=181
 compilation: enabled

Compilation events (10 events):
Event: 1.575 Thread 0x0000000015211000 1426       2       com.android.dx.rop.cst.CstLiteral64::hashCode (15 bytes)
Event: 1.575 Thread 0x0000000015211000 nmethod 1426 0x00000000030e2a10 code [0x00000000030e2b60, 0x00000000030e2cd0]
Event: 1.580 Thread 0x0000000015211000 1443       2       com.android.dx.dex.file.AnnotationItem::addContents (27 bytes)
Event: 1.581 Thread 0x0000000015211000 nmethod 1443 0x00000000030f0190 code [0x00000000030f0300, 0x00000000030f04d8]
Event: 1.582 Thread 0x0000000015211000 1444       2       com.android.dx.ssa.back.SsaToRop::verifyValidExitPredecessor (53 bytes)
Event: 1.583 Thread 0x0000000015211000 nmethod 1444 0x00000000030f0610 code [0x00000000030f07c0, 0x00000000030f0b58]
Event: 1.588 Thread 0x0000000015211000 1446       2       com.android.dx.ssa.PhiInsn::updateSourcesToDefinitions (68 bytes)
Event: 1.589 Thread 0x0000000015211000 nmethod 1446 0x00000000030f0f50 code [0x00000000030f1100, 0x00000000030f14d8]
Event: 1.591 Thread 0x0000000015211000 1447       1       com.android.dx.ssa.PhiInsn::canThrow (2 bytes)
Event: 1.591 Thread 0x0000000015211000 nmethod 1447 0x00000000030f1890 code [0x00000000030f19e0, 0x00000000030f1af0]

GC Heap History (8 events):
Event: 0.689 GC heap before
{Heap before GC invocations=1 (full 0):
 PSYoungGen      total 18944K, used 16384K [0x00000000eab00000, 0x00000000ec000000, 0x0000000100000000)
  eden space 16384K, 100% used [0x00000000eab00000,0x00000000ebb00000,0x00000000ebb00000)
  from space 2560K, 0% used [0x00000000ebd80000,0x00000000ebd80000,0x00000000ec000000)
  to   space 2560K, 0% used [0x00000000ebb00000,0x00000000ebb00000,0x00000000ebd80000)
 ParOldGen       total 44032K, used 0K [0x00000000c0000000, 0x00000000c2b00000, 0x00000000eab00000)
  object space 44032K, 0% used [0x00000000c0000000,0x00000000c0000000,0x00000000c2b00000)
 Metaspace       used 5767K, capacity 6704K, committed 6784K, reserved 1056768K
  class space    used 596K, capacity 616K, committed 640K, reserved 1048576K
Event: 0.696 GC heap after
Heap after GC invocations=1 (full 0):
 PSYoungGen      total 18944K, used 2538K [0x00000000eab00000, 0x00000000ec000000, 0x0000000100000000)
  eden space 16384K, 0% used [0x00000000eab00000,0x00000000eab00000,0x00000000ebb00000)
  from space 2560K, 99% used [0x00000000ebb00000,0x00000000ebd7aa90,0x00000000ebd80000)
  to   space 2560K, 0% used [0x00000000ebd80000,0x00000000ebd80000,0x00000000ec000000)
 ParOldGen       total 44032K, used 1800K [0x00000000c0000000, 0x00000000c2b00000, 0x00000000eab00000)
  object space 44032K, 4% used [0x00000000c0000000,0x00000000c01c2000,0x00000000c2b00000)
 Metaspace       used 5767K, capacity 6704K, committed 6784K, reserved 1056768K
  class space    used 596K, capacity 616K, committed 640K, reserved 1048576K
}
Event: 1.022 GC heap before
{Heap before GC invocations=2 (full 0):
 PSYoungGen      total 18944K, used 18922K [0x00000000eab00000, 0x00000000ec000000, 0x0000000100000000)
  eden space 16384K, 100% used [0x00000000eab00000,0x00000000ebb00000,0x00000000ebb00000)
  from space 2560K, 99% used [0x00000000ebb00000,0x00000000ebd7aa90,0x00000000ebd80000)
  to   space 2560K, 0% used [0x00000000ebd80000,0x00000000ebd80000,0x00000000ec000000)
 ParOldGen       total 44032K, used 1800K [0x00000000c0000000, 0x00000000c2b00000, 0x00000000eab00000)
  object space 44032K, 4% used [0x00000000c0000000,0x00000000c01c2000,0x00000000c2b00000)
 Metaspace       used 5995K, capacity 6898K, committed 7040K, reserved 1056768K
  class space    used 598K, capacity 618K, committed 640K, reserved 1048576K
Event: 1.035 GC heap after
Heap after GC invocations=2 (full 0):
 PSYoungGen      total 18944K, used 2538K [0x00000000eab00000, 0x00000000ed000000, 0x0000000100000000)
  eden space 16384K, 0% used [0x00000000eab00000,0x00000000eab00000,0x00000000ebb00000)
  from space 2560K, 99% used [0x00000000ebd80000,0x00000000ebffaa90,0x00000000ec000000)
  to   space 2560K, 0% used [0x00000000ebb00000,0x00000000ebb00000,0x00000000ebd80000)
 ParOldGen       total 44032K, used 4049K [0x00000000c0000000, 0x00000000c2b00000, 0x00000000eab00000)
  object space 44032K, 9% used [0x00000000c0000000,0x00000000c03f4788,0x00000000c2b00000)
 Metaspace       used 5995K, capacity 6898K, committed 7040K, reserved 1056768K
  class space    used 598K, capacity 618K, committed 640K, reserved 1048576K
}
Event: 1.271 GC heap before
{Heap before GC invocations=3 (full 0):
 PSYoungGen      total 18944K, used 18922K [0x00000000eab00000, 0x00000000ed000000, 0x0000000100000000)
  eden space 16384K, 100% used [0x00000000eab00000,0x00000000ebb00000,0x00000000ebb00000)
  from space 2560K, 99% used [0x00000000ebd80000,0x00000000ebffaa90,0x00000000ec000000)
  to   space 2560K, 0% used [0x00000000ebb00000,0x00000000ebb00000,0x00000000ebd80000)
 ParOldGen       total 44032K, used 4049K [0x00000000c0000000, 0x00000000c2b00000, 0x00000000eab00000)
  object space 44032K, 9% used [0x00000000c0000000,0x00000000c03f4788,0x00000000c2b00000)
 Metaspace       used 6099K, capacity 7026K, committed 7296K, reserved 1056768K
  class space    used 598K, capacity 618K, committed 640K, reserved 1048576K
Event: 1.286 GC heap after
Heap after GC invocations=3 (full 0):
 PSYoungGen      total 18944K, used 2528K [0x00000000eab00000, 0x00000000ed000000, 0x0000000100000000)
  eden space 16384K, 0% used [0x00000000eab00000,0x00000000eab00000,0x00000000ebb00000)
  from space 2560K, 98% used [0x00000000ebb00000,0x00000000ebd78020,0x00000000ebd80000)
  to   space 2560K, 0% used [0x00000000ecd80000,0x00000000ecd80000,0x00000000ed000000)
 ParOldGen       total 44032K, used 6601K [0x00000000c0000000, 0x00000000c2b00000, 0x00000000eab00000)
  object space 44032K, 14% used [0x00000000c0000000,0x00000000c0672708,0x00000000c2b00000)
 Metaspace       used 6099K, capacity 7026K, committed 7296K, reserved 1056768K
  class space    used 598K, capacity 618K, committed 640K, reserved 1048576K
}
Event: 1.459 GC heap before
{Heap before GC invocations=4 (full 0):
 PSYoungGen      total 18944K, used 18912K [0x00000000eab00000, 0x00000000ed000000, 0x0000000100000000)
  eden space 16384K, 100% used [0x00000000eab00000,0x00000000ebb00000,0x00000000ebb00000)
  from space 2560K, 98% used [0x00000000ebb00000,0x00000000ebd78020,0x00000000ebd80000)
  to   space 2560K, 0% used [0x00000000ecd80000,0x00000000ecd80000,0x00000000ed000000)
 ParOldGen       total 44032K, used 6601K [0x00000000c0000000, 0x00000000c2b00000, 0x00000000eab00000)
  object space 44032K, 14% used [0x00000000c0000000,0x00000000c0672708,0x00000000c2b00000)
 Metaspace       used 6117K, capacity 7026K, committed 7296K, reserved 1056768K
  class space    used 598K, capacity 618K, committed 640K, reserved 1048576K
Event: 1.488 GC heap after
Heap after GC invocations=4 (full 0):
 PSYoungGen      total 35328K, used 2528K [0x00000000eab00000, 0x00000000ed000000, 0x0000000100000000)
  eden space 32768K, 0% used [0x00000000eab00000,0x00000000eab00000,0x00000000ecb00000)
  from space 2560K, 98% used [0x00000000ecd80000,0x00000000ecff8198,0x00000000ed000000)
  to   space 2560K, 0% used [0x00000000ecb00000,0x00000000ecb00000,0x00000000ecd80000)
 ParOldGen       total 44032K, used 9185K [0x00000000c0000000, 0x00000000c2b00000, 0x00000000eab00000)
  object space 44032K, 20% used [0x00000000c0000000,0x00000000c08f85a8,0x00000000c2b00000)
 Metaspace       used 6117K, capacity 7026K, committed 7296K, reserved 1056768K
  class space    used 598K, capacity 618K, committed 640K, reserved 1048576K
}

Deoptimization events (10 events):
Event: 0.572 Thread 0x0000000016e89000 Uncommon trap: reason=class_check action=maybe_recompile pc=0x0000000002d6a3b0 method=com.android.dx.ssa.NormalSsaInsn.accept(Lcom/android/dx/ssa/SsaInsn$Visitor;)V @ 9
Event: 0.572 Thread 0x0000000016e89000 Uncommon trap: reason=class_check action=maybe_recompile pc=0x0000000002d6a3b0 method=com.android.dx.ssa.NormalSsaInsn.accept(Lcom/android/dx/ssa/SsaInsn$Visitor;)V @ 9
Event: 0.747 Thread 0x0000000016e89000 Uncommon trap: reason=null_check action=make_not_entrant pc=0x0000000002e0b7e0 method=com.android.dx.rop.type.Type.equals(Ljava/lang/Object;)Z @ 8
Event: 1.057 Thread 0x0000000002a40800 Uncommon trap: reason=unstable_if action=reinterpret pc=0x0000000002fce2dc method=com.android.dx.ssa.SsaMethod.updateOneDefinition(Lcom/android/dx/ssa/SsaInsn;Lcom/android/dx/rop/code/RegisterSpec;)V @ 4
Event: 1.258 Thread 0x0000000016de4800 Uncommon trap: reason=bimorphic action=maybe_recompile pc=0x0000000002d6aaa0 method=java.util.HashMap.getNode(ILjava/lang/Object;)Ljava/util/HashMap$Node; @ 126
Event: 1.258 Thread 0x0000000016de4800 Uncommon trap: reason=bimorphic action=maybe_recompile pc=0x0000000002d6aaa0 method=java.util.HashMap.getNode(ILjava/lang/Object;)Ljava/util/HashMap$Node; @ 126
Event: 1.258 Thread 0x0000000016de4800 Uncommon trap: reason=bimorphic action=maybe_recompile pc=0x0000000002da11b4 method=java.util.HashMap.getNode(ILjava/lang/Object;)Ljava/util/HashMap$Node; @ 126
Event: 1.258 Thread 0x0000000016de4800 Uncommon trap: reason=bimorphic action=maybe_recompile pc=0x0000000002da11b4 method=java.util.HashMap.getNode(ILjava/lang/Object;)Ljava/util/HashMap$Node; @ 126
Event: 1.310 Thread 0x0000000016e89000 Uncommon trap: reason=unstable_if action=reinterpret pc=0x0000000003043818 method=com.android.dx.ssa.SCCP.simulateStmt(Lcom/android/dx/ssa/SsaInsn;)V @ 53
Event: 1.435 Thread 0x0000000016de4000 Uncommon trap: reason=bimorphic action=maybe_recompile pc=0x0000000002d6aaa0 method=java.util.HashMap.getNode(ILjava/lang/Object;)Ljava/util/HashMap$Node; @ 126

Internal exceptions (3 events):
Event: 0.148 Thread 0x0000000002a40800 Exception <a 'java/lang/NoSuchMethodError': Method sun.misc.Unsafe.defineClass(Ljava/lang/String;[BII)Ljava/lang/Class; name or signature does not match> (0x00000000eab07cc0) thrown at [C:\re\workspace\8-2-build-windows-amd64-cygwin\jdk8u91\6644\hotspot\srRYÿ|k
Event: 0.148 Thread 0x0000000002a40800 Exception <a 'java/lang/NoSuchMethodError': Method sun.misc.Unsafe.prefetchRead(Ljava/lang/Object;J)V name or signature does not match> (0x00000000eab07fa8) thrown at [C:\re\workspace\8-2-build-windows-amd64-cygwin\jdk8u91\6644\hotspot\src\share\vm\prims\jKô#åç?
Event: 0.747 Thread 0x0000000016e89000 Implicit null exception at 0x0000000002e0b6e2 to 0x0000000002e0b7d2

Events (10 events):
Event: 1.270 Executing VM operation: ParallelGCFailedAllocation
Event: 1.286 Executing VM operation: ParallelGCFailedAllocation done
Event: 1.310 Thread 0x0000000016e89000 Uncommon trap: trap_request=0xffffff65 fr.pc=0x0000000003043818
Event: 1.310 Thread 0x0000000016e89000 DEOPT PACKING pc=0x0000000003043818 sp=0x000000001725e530
Event: 1.310 Thread 0x0000000016e89000 DEOPT UNPACKING pc=0x0000000002b8582a sp=0x000000001725e528 mode 2
Event: 1.435 Thread 0x0000000016de4000 Uncommon trap: trap_request=0xffffffc6 fr.pc=0x0000000002d6aaa0
Event: 1.435 Thread 0x0000000016de4000 DEOPT PACKING pc=0x0000000002d6aaa0 sp=0x000000001745ee70
Event: 1.435 Thread 0x0000000016de4000 DEOPT UNPACKING pc=0x0000000002b8582a sp=0x000000001745edf0 mode 2
Event: 1.459 Executing VM operation: ParallelGCFailedAllocation
Event: 1.488 Executing VM operation: ParallelGCFailedAllocation done


Dynamic libraries:
0x00007ff616680000 - 0x00007ff6166b7000 	C:\Program Files\Java\jdk1.8.0_91\bin\java.exe
0x00007ffce13f0000 - 0x00007ffce15b1000 	C:\WINDOWS\SYSTEM32\ntdll.dll
0x00007ffcdf640000 - 0x00007ffcdf6ed000 	C:\WINDOWS\system32\KERNEL32.DLL
0x00007ffcddbc0000 - 0x00007ffcddda8000 	C:\WINDOWS\system32\KERNELBASE.dll
0x00007ffcdfcd0000 - 0x00007ffcdfd77000 	C:\WINDOWS\system32\ADVAPI32.dll
0x00007ffce12f0000 - 0x00007ffce138d000 	C:\WINDOWS\system32\msvcrt.dll
0x00007ffcdea60000 - 0x00007ffcdeabb000 	C:\WINDOWS\system32\sechost.dll
0x00007ffcdf970000 - 0x00007ffcdfa8c000 	C:\WINDOWS\system32\RPCRT4.dll
0x00007ffcdee90000 - 0x00007ffcdefe6000 	C:\WINDOWS\system32\USER32.dll
0x00007ffcdfb40000 - 0x00007ffcdfcc6000 	C:\WINDOWS\system32\GDI32.dll
0x00007ffccf520000 - 0x00007ffccf794000 	C:\WINDOWS\WinSxS\amd64_microsoft.windows.common-controls_6595b64144ccf1df_6.0.10586.672_none_a2d6b3cea53ff843\COMCTL32.dll
0x00007ffcdeac0000 - 0x00007ffcded3d000 	C:\WINDOWS\system32\combase.dll
0x00007ffcddaf0000 - 0x00007ffcddb5a000 	C:\WINDOWS\system32\bcryptPrimitives.dll
0x00007ffcdf910000 - 0x00007ffcdf94b000 	C:\WINDOWS\system32\IMM32.DLL
0x0000000059620000 - 0x00000000596f2000 	C:\Program Files\Java\jdk1.8.0_91\jre\bin\msvcr100.dll
0x0000000059ad0000 - 0x000000005a363000 	C:\Program Files\Java\jdk1.8.0_91\jre\bin\server\jvm.dll
0x00007ffcdf760000 - 0x00007ffcdf768000 	C:\WINDOWS\system32\PSAPI.DLL
0x00007ffcd38e0000 - 0x00007ffcd38e9000 	C:\WINDOWS\SYSTEM32\WSOCK32.dll
0x00007ffcdf840000 - 0x00007ffcdf8ab000 	C:\WINDOWS\system32\WS2_32.dll
0x00007ffcdbc60000 - 0x00007ffcdbc83000 	C:\WINDOWS\SYSTEM32\WINMM.dll
0x00007ffcd4b70000 - 0x00007ffcd4b7a000 	C:\WINDOWS\SYSTEM32\VERSION.dll
0x00007ffcdbc30000 - 0x00007ffcdbc5c000 	C:\WINDOWS\SYSTEM32\WINMMBASE.dll
0x00007ffcddaa0000 - 0x00007ffcddae3000 	C:\WINDOWS\system32\cfgmgr32.dll
0x000000005a770000 - 0x000000005a77f000 	C:\Program Files\Java\jdk1.8.0_91\jre\bin\verify.dll
0x000000005a740000 - 0x000000005a769000 	C:\Program Files\Java\jdk1.8.0_91\jre\bin\java.dll
0x000000005a480000 - 0x000000005a496000 	C:\Program Files\Java\jdk1.8.0_91\jre\bin\zip.dll
0x00007ffcdfd90000 - 0x00007ffce12ec000 	C:\WINDOWS\system32\SHELL32.dll
0x00007ffcde110000 - 0x00007ffcde755000 	C:\WINDOWS\system32\windows.storage.dll
0x00007ffcdf8b0000 - 0x00007ffcdf902000 	C:\WINDOWS\system32\shlwapi.dll
0x00007ffcdda30000 - 0x00007ffcdda3f000 	C:\WINDOWS\system32\kernel.appcore.dll
0x00007ffcde050000 - 0x00007ffcde105000 	C:\WINDOWS\system32\shcore.dll
0x00007ffcdda50000 - 0x00007ffcdda9b000 	C:\WINDOWS\system32\powrprof.dll
0x00007ffcdda10000 - 0x00007ffcdda24000 	C:\WINDOWS\system32\profapi.dll

VM Arguments:
jvm_args: -Djava.awt.headless=true -Xmx1024M -Dfile.encoding=windows-1252 -Duser.country=US -Duser.language=en -Duser.variant 
java_command: com.android.dx.command.Main --dex --num-threads=4 --output E:\TableBookingApp\app\build\intermediates\pre-dexed\debug\jackson-core-2.2.2_920052d88dc0f0d7a38a9608f16f516e19852874.jar C:\Users\abc\.gradle\caches\modules-2\files-2.1\com.fasterxml.jackson.core\jackson-core\2.2.2\d20be6a5ddd6f8cfd36ebf6dea329873a1c41f1b\jackson-core-2.2.2.jar
java_class_path (initial): C:\Users\abc\AppData\Local\Android\sdk\build-tools\25.0.2\lib\dx.jar
Launcher Type: SUN_STANDARD

Environment Variables:
PATH=C:\ProgramData\Oracle\Java\javapath;D:\oracle\product\11.2.0\dbhome_1\bin;C:\WINDOWS\system32;C:\WINDOWS;C:\WINDOWS\System32\Wbem;C:\WINDOWS\System32\WindowsPowerShell\v1.0\;C:\Program Files (x86)\Microsoft SQL Server\100\Tools\Binn\;C:\Program Files\Microsoft SQL Server\100\Tools\Binn\;C:\Program Files\Microsoft SQL Server\100\DTS\Binn\;d:\SQLSERVER\120\DTS\Binn\;d:\SQLSERVER\Client SDK\ODBC\110\Tools\Binn\;d:\SQLSERVER\x86\120\Tools\Binn\;d:\SQLSERVER\120\Tools\Binn\;d:\SQLSERVER\x86\110\Tools\Binn\ManagementStudio\;d:\SQLSERVER\x86\110\Tools\Binn\;d:\SQLSERVER\x86\110\DTS\Binn\;C:\Program Files\MATLAB\R2009b\runtime\win64;C:\Program Files\Java\jdk1.8.0_91\bin
USERNAME=MuneebPC
OS=Windows_NT
PROCESSOR_IDENTIFIER=Intel64 Family 6 Model 58 Stepping 9, GenuineIntel



---------------  S Y S T E M  ---------------

OS: Windows 10.0 , 64 bit Build 10586 (10.0.10586.589)

CPU:total 4 (2 cores per cpu, 2 threads per core) family 6 model 58 stepping 9, cmov, cx8, fxsr, mmx, sse, sse2, sse3, ssse3, sse4.1, sse4.2, popcnt, avx, aes, clmul, erms, ht, tsc, tscinvbit, tscinv

Memory: 4k page, physical 4072964k(391440k free), swap 5712656k(5580k free)

vm_info: Java HotSpot(TM) 64-Bit Server VM (25.91-b14) for windows-amd64 JRE (1.8.0_91-b14), built on Apr  1 2016 00:58:32 by "java_re" with MS VC++ 10.0 (VS2010)

time: Mon May 15 15:37:41 2017
elapsed time: 1 seconds (0d 0h 0m 1s)

