#
# There is insufficient memory for the Java Runtime Environment to continue.
# Native memory allocation (malloc) failed to allocate 32744 bytes for ChunkPool::allocate
# Possible reasons:
#   The system is out of physical RAM or swap space
#   In 32 bit mode, the process size limit was hit
# Possible solutions:
#   Reduce memory load on the system
#   Increase physical memory or swap space
#   Check if swap backing store is full
#   Use 64 bit Java on a 64 bit OS
#   Decrease Java heap size (-Xmx/-Xms)
#   Decrease number of Java threads
#   Decrease Java thread stack sizes (-Xss)
#   Set larger code cache with -XX:ReservedCodeCacheSize=
# This output file may be truncated or incomplete.
#
#  Out of Memory Error (allocation.cpp:273), pid=6772, tid=6768
#
# JRE version: Java(TM) SE Runtime Environment (8.0_91-b14) (build 1.8.0_91-b14)
# Java VM: Java HotSpot(TM) 64-Bit Server VM (25.91-b14 mixed mode windows-amd64 compressed oops)
# Failed to write core dump. Minidumps are not enabled by default on client versions of Windows
#

---------------  T H R E A D  ---------------

Current thread (0x000000001506e800):  JavaThread "C2 CompilerThread0" daemon [_thread_in_native, id=6768, stack(0x00000000166b0000,0x00000000167b0000)]

Stack: [0x00000000166b0000,0x00000000167b0000]
[error occurred during error reporting (printing stack bounds), id 0xc0000005]

Native frames: (J=compiled Java code, j=interpreted, Vv=VM code, C=native code)


Current CompileTask:
C2:   2480 1218   !   4       com.android.dx.cf.code.BytecodeArray::parseInstruction (2764 bytes)


---------------  P R O C E S S  ---------------

Java Threads: ( => current thread )
  0x0000000016c18000 JavaThread "pool-1-thread-4" [_thread_blocked, id=4216, stack(0x00000000173b0000,0x00000000174b0000)]
  0x0000000016c17000 JavaThread "pool-1-thread-3" [_thread_blocked, id=4984, stack(0x00000000172b0000,0x00000000173b0000)]
  0x0000000016c03000 JavaThread "pool-1-thread-2" [_thread_blocked, id=4556, stack(0x00000000171b0000,0x00000000172b0000)]
  0x0000000016c02800 JavaThread "pool-2-thread-1" [_thread_blocked, id=10712, stack(0x00000000170b0000,0x00000000171b0000)]
  0x0000000016c0a000 JavaThread "pool-1-thread-1" [_thread_in_Java, id=9680, stack(0x0000000016fb0000,0x00000000170b0000)]
  0x00000000169b4000 JavaThread "Service Thread" daemon [_thread_blocked, id=3104, stack(0x0000000016db0000,0x0000000016eb0000)]
  0x00000000150cb800 JavaThread "C1 CompilerThread2" daemon [_thread_blocked, id=8372, stack(0x00000000168b0000,0x00000000169b0000)]
  0x0000000015070800 JavaThread "C2 CompilerThread1" daemon [_thread_in_native, id=1596, stack(0x00000000167b0000,0x00000000168b0000)]
=>0x000000001506e800 JavaThread "C2 CompilerThread0" daemon [_thread_in_native, id=6768, stack(0x00000000166b0000,0x00000000167b0000)]
  0x000000001506b800 JavaThread "Attach Listener" daemon [_thread_blocked, id=3920, stack(0x00000000165b0000,0x00000000166b0000)]
  0x000000001506a000 JavaThread "Signal Dispatcher" daemon [_thread_blocked, id=876, stack(0x00000000164b0000,0x00000000165b0000)]
  0x000000000290b800 JavaThread "Finalizer" daemon [_thread_blocked, id=6396, stack(0x00000000162d0000,0x00000000163d0000)]
  0x0000000015039000 JavaThread "Reference Handler" daemon [_thread_blocked, id=7684, stack(0x00000000161d0000,0x00000000162d0000)]
  0x0000000002810800 JavaThread "main" [_thread_in_vm, id=2432, stack(0x00000000026e0000,0x00000000027e0000)]

Other Threads:
  0x0000000015037000 VMThread [stack: 0x00000000160d0000,0x00000000161d0000] [id=3256]
  0x00000000169c9000 WatcherThread [stack: 0x0000000016eb0000,0x0000000016fb0000] [id=10572]

VM state:not at safepoint (normal execution)

VM Mutex/Monitor currently owned by a thread: None

Heap:
 PSYoungGen      total 18944K, used 16268K [0x00000000eab00000, 0x00000000ed000000, 0x0000000100000000)
  eden space 16384K, 83% used [0x00000000eab00000,0x00000000eb869ef8,0x00000000ebb00000)
  from space 2560K, 98% used [0x00000000ebb00000,0x00000000ebd79238,0x00000000ebd80000)
  to   space 2560K, 0% used [0x00000000ecd80000,0x00000000ecd80000,0x00000000ed000000)
 ParOldGen       total 44032K, used 1259K [0x00000000c0000000, 0x00000000c2b00000, 0x00000000eab00000)
  object space 44032K, 2% used [0x00000000c0000000,0x00000000c013af18,0x00000000c2b00000)
 Metaspace       used 6002K, capacity 6898K, committed 7040K, reserved 1056768K
  class space    used 596K, capacity 618K, committed 640K, reserved 1048576K

Card table byte_map: [0x0000000011d60000,0x0000000011f70000] byte_map_base: 0x0000000011760000

Marking Bits: (ParMarkBitMap*) 0x000000005a2e2f70
 Begin Bits: [0x00000000124d0000, 0x00000000134d0000)
 End Bits:   [0x00000000134d0000, 0x00000000144d0000)

Polling page: 0x0000000000ba0000

CodeCache: size=245760Kb used=4913Kb max_used=4913Kb free=240846Kb
 bounds [0x00000000029a0000, 0x0000000002e80000, 0x00000000119a0000]
 total_blobs=1504 nmethods=1236 adapters=181
 compilation: enabled

Compilation events (10 events):
Event: 2.412 Thread 0x00000000150cb800 1236       3       com.android.dx.ssa.DomFront::run (264 bytes)
Event: 2.415 Thread 0x000000001506e800 nmethod 1213 0x0000000002e6c210 code [0x0000000002e6c3c0, 0x0000000002e6cd58]
Event: 2.415 Thread 0x000000001506e800 1218   !   4       com.android.dx.cf.code.BytecodeArray::parseInstruction (2764 bytes)
Event: 2.417 Thread 0x00000000150cb800 nmethod 1236 0x0000000002e6d690 code [0x0000000002e6dc00, 0x0000000002e71268]
Event: 2.417 Thread 0x00000000150cb800 1238       3       com.android.dx.rop.cst.TypedConstant::getFrameType (2 bytes)
Event: 2.417 Thread 0x00000000150cb800 nmethod 1238 0x0000000002e6bed0 code [0x0000000002e6c020, 0x0000000002e6c170]
Event: 2.417 Thread 0x00000000150cb800 1237       3       com.android.dx.rop.code.ThrowingInsn::<init> (49 bytes)
Event: 2.417 Thread 0x00000000150cb800 nmethod 1237 0x0000000002e6b710 code [0x0000000002e6b8a0, 0x0000000002e6bd08]
Event: 2.417 Thread 0x00000000150cb800 1239       1       com.android.dx.ssa.back.FirstFitLocalCombiningAllocator$Multiset::getSize (5 bytes)
Event: 2.417 Thread 0x00000000150cb800 nmethod 1239 0x0000000002e6b450 code [0x0000000002e6b5a0, 0x0000000002e6b6b0]

GC Heap History (2 events):
Event: 1.588 GC heap before
{Heap before GC invocations=1 (full 0):
 PSYoungGen      total 18944K, used 16384K [0x00000000eab00000, 0x00000000ec000000, 0x0000000100000000)
  eden space 16384K, 100% used [0x00000000eab00000,0x00000000ebb00000,0x00000000ebb00000)
  from space 2560K, 0% used [0x00000000ebd80000,0x00000000ebd80000,0x00000000ec000000)
  to   space 2560K, 0% used [0x00000000ebb00000,0x00000000ebb00000,0x00000000ebd80000)
 ParOldGen       total 44032K, used 0K [0x00000000c0000000, 0x00000000c2b00000, 0x00000000eab00000)
  object space 44032K, 0% used [0x00000000c0000000,0x00000000c0000000,0x00000000c2b00000)
 Metaspace       used 5798K, capacity 6706K, committed 6784K, reserved 1056768K
  class space    used 595K, capacity 618K, committed 640K, reserved 1048576K
Event: 1.842 GC heap after
Heap after GC invocations=1 (full 0):
 PSYoungGen      total 18944K, used 2532K [0x00000000eab00000, 0x00000000ed000000, 0x0000000100000000)
  eden space 16384K, 0% used [0x00000000eab00000,0x00000000eab00000,0x00000000ebb00000)
  from space 2560K, 98% used [0x00000000ebb00000,0x00000000ebd79238,0x00000000ebd80000)
  to   space 2560K, 0% used [0x00000000ecd80000,0x00000000ecd80000,0x00000000ed000000)
 ParOldGen       total 44032K, used 1259K [0x00000000c0000000, 0x00000000c2b00000, 0x00000000eab00000)
  object space 44032K, 2% used [0x00000000c0000000,0x00000000c013af18,0x00000000c2b00000)
 Metaspace       used 5798K, capacity 6706K, committed 6784K, reserved 1056768K
  class space    used 595K, capacity 618K, committed 640K, reserved 1048576K
}

Deoptimization events (2 events):
Event: 1.030 Thread 0x0000000016c03000 Uncommon trap: reason=unstable_if action=reinterpret pc=0x0000000002bfd4f0 method=java.util.BitSet.nextSetBit(I)I @ 87
Event: 2.213 Thread 0x0000000016c17000 Uncommon trap: reason=unstable_if action=reinterpret pc=0x0000000002d8f03c method=com.android.dx.util.IntList.binarysearch(I)I @ 105

Internal exceptions (2 events):
Event: 0.067 Thread 0x0000000002810800 Exception <a 'java/lang/NoSuchMethodError': Method sun.misc.Unsafe.defineClass(Ljava/lang/String;[BII)Ljava/lang/Class; name or signature does not match> (0x00000000eab07cc0) thrown at [C:\re\workspace\8-2-build-windows-amd64-cygwin\jdk8u91\6644\hotspot\srRÑð1±?
Event: 0.067 Thread 0x0000000002810800 Exception <a 'java/lang/NoSuchMethodError': Method sun.misc.Unsafe.prefetchRead(Ljava/lang/Object;J)V name or signature does not match> (0x00000000eab07fa8) thrown at [C:\re\workspace\8-2-build-windows-amd64-cygwin\jdk8u91\6644\hotspot\src\share\vm\prims\j

Events (10 events):
Event: 1.574 loading class com/android/dx/cf/code/SwitchList done
Event: 1.579 loading class com/android/dx/rop/code/LocalItem
Event: 1.579 loading class com/android/dx/rop/code/LocalItem done
Event: 1.588 Executing VM operation: ParallelGCFailedAllocation
Event: 1.842 Executing VM operation: ParallelGCFailedAllocation done
Event: 1.915 loading class com/android/dx/cf/attrib/AttExceptions
Event: 1.915 loading class com/android/dx/cf/attrib/AttExceptions done
Event: 2.213 Thread 0x0000000016c17000 Uncommon trap: trap_request=0xffffff65 fr.pc=0x0000000002d8f03c
Event: 2.213 Thread 0x0000000016c17000 DEOPT PACKING pc=0x0000000002d8f03c sp=0x00000000173aec50
Event: 2.213 Thread 0x0000000016c17000 DEOPT UNPACKING pc=0x00000000029e582a sp=0x00000000173aebc8 mode 2


Dynamic libraries:
0x00007ff616680000 - 0x00007ff6166b7000 	C:\Program Files\Java\jdk1.8.0_91\bin\java.exe
0x00007ffce13f0000 - 0x00007ffce15b1000 	C:\WINDOWS\SYSTEM32\ntdll.dll
0x00007ffcdf640000 - 0x00007ffcdf6ed000 	C:\WINDOWS\system32\KERNEL32.DLL
0x00007ffcddbc0000 - 0x00007ffcddda8000 	C:\WINDOWS\system32\KERNELBASE.dll
0x00007ffcdfcd0000 - 0x00007ffcdfd77000 	C:\WINDOWS\system32\ADVAPI32.dll
0x00007ffce12f0000 - 0x00007ffce138d000 	C:\WINDOWS\system32\msvcrt.dll
0x00007ffcdea60000 - 0x00007ffcdeabb000 	C:\WINDOWS\system32\sechost.dll
0x00007ffcdf970000 - 0x00007ffcdfa8c000 	C:\WINDOWS\system32\RPCRT4.dll
0x00007ffcdee90000 - 0x00007ffcdefe6000 	C:\WINDOWS\system32\USER32.dll
0x00007ffcdfb40000 - 0x00007ffcdfcc6000 	C:\WINDOWS\system32\GDI32.dll
0x00007ffccf520000 - 0x00007ffccf794000 	C:\WINDOWS\WinSxS\amd64_microsoft.windows.common-controls_6595b64144ccf1df_6.0.10586.672_none_a2d6b3cea53ff843\COMCTL32.dll
0x00007ffcdeac0000 - 0x00007ffcded3d000 	C:\WINDOWS\system32\combase.dll
0x00007ffcddaf0000 - 0x00007ffcddb5a000 	C:\WINDOWS\system32\bcryptPrimitives.dll
0x00007ffcdf910000 - 0x00007ffcdf94b000 	C:\WINDOWS\system32\IMM32.DLL
0x0000000059620000 - 0x00000000596f2000 	C:\Program Files\Java\jdk1.8.0_91\jre\bin\msvcr100.dll
0x0000000059ad0000 - 0x000000005a363000 	C:\Program Files\Java\jdk1.8.0_91\jre\bin\server\jvm.dll
0x00007ffcdf760000 - 0x00007ffcdf768000 	C:\WINDOWS\system32\PSAPI.DLL
0x00007ffcd38e0000 - 0x00007ffcd38e9000 	C:\WINDOWS\SYSTEM32\WSOCK32.dll
0x00007ffcdf840000 - 0x00007ffcdf8ab000 	C:\WINDOWS\system32\WS2_32.dll
0x00007ffcdbc60000 - 0x00007ffcdbc83000 	C:\WINDOWS\SYSTEM32\WINMM.dll
0x00007ffcd4b70000 - 0x00007ffcd4b7a000 	C:\WINDOWS\SYSTEM32\VERSION.dll
0x00007ffcdbc30000 - 0x00007ffcdbc5c000 	C:\WINDOWS\SYSTEM32\WINMMBASE.dll
0x00007ffcddaa0000 - 0x00007ffcddae3000 	C:\WINDOWS\system32\cfgmgr32.dll
0x000000005a770000 - 0x000000005a77f000 	C:\Program Files\Java\jdk1.8.0_91\jre\bin\verify.dll
0x000000005a740000 - 0x000000005a769000 	C:\Program Files\Java\jdk1.8.0_91\jre\bin\java.dll
0x000000005a480000 - 0x000000005a496000 	C:\Program Files\Java\jdk1.8.0_91\jre\bin\zip.dll
0x00007ffcdfd90000 - 0x00007ffce12ec000 	C:\WINDOWS\system32\SHELL32.dll
0x00007ffcde110000 - 0x00007ffcde755000 	C:\WINDOWS\system32\windows.storage.dll
0x00007ffcdf8b0000 - 0x00007ffcdf902000 	C:\WINDOWS\system32\shlwapi.dll
0x00007ffcdda30000 - 0x00007ffcdda3f000 	C:\WINDOWS\system32\kernel.appcore.dll
0x00007ffcde050000 - 0x00007ffcde105000 	C:\WINDOWS\system32\shcore.dll
0x00007ffcdda50000 - 0x00007ffcdda9b000 	C:\WINDOWS\system32\powrprof.dll
0x00007ffcdda10000 - 0x00007ffcdda24000 	C:\WINDOWS\system32\profapi.dll

VM Arguments:
jvm_args: -Djava.awt.headless=true -Xmx1024M -Dfile.encoding=windows-1252 -Duser.country=US -Duser.language=en -Duser.variant 
java_command: com.android.dx.command.Main --dex --num-threads=4 --output E:\TableBookingApp\app\build\intermediates\pre-dexed\debug\com.google.android.gms-play-services-drive-10.0.1_421bd10062e8aff56824e31f2ecfb03812bf7817.jar E:\TableBookingApp\app\build\intermediates\exploded-aar\com.google.android.gms\play-services-drive\10.0.1\jars\classes.jar
java_class_path (initial): C:\Users\abc\AppData\Local\Android\sdk\build-tools\25.0.2\lib\dx.jar
Launcher Type: SUN_STANDARD

Environment Variables:
PATH=C:\ProgramData\Oracle\Java\javapath;D:\oracle\product\11.2.0\dbhome_1\bin;C:\WINDOWS\system32;C:\WINDOWS;C:\WINDOWS\System32\Wbem;C:\WINDOWS\System32\WindowsPowerShell\v1.0\;C:\Program Files (x86)\Microsoft SQL Server\100\Tools\Binn\;C:\Program Files\Microsoft SQL Server\100\Tools\Binn\;C:\Program Files\Microsoft SQL Server\100\DTS\Binn\;d:\SQLSERVER\120\DTS\Binn\;d:\SQLSERVER\Client SDK\ODBC\110\Tools\Binn\;d:\SQLSERVER\x86\120\Tools\Binn\;d:\SQLSERVER\120\Tools\Binn\;d:\SQLSERVER\x86\110\Tools\Binn\ManagementStudio\;d:\SQLSERVER\x86\110\Tools\Binn\;d:\SQLSERVER\x86\110\DTS\Binn\;C:\Program Files\MATLAB\R2009b\runtime\win64;C:\Program Files\Java\jdk1.8.0_91\bin
USERNAME=MuneebPC
OS=Windows_NT
PROCESSOR_IDENTIFIER=Intel64 Family 6 Model 58 Stepping 9, GenuineIntel



---------------  S Y S T E M  ---------------

OS: Windows 10.0 , 64 bit Build 10586 (10.0.10586.589)

CPU:total 4 (2 cores per cpu, 2 threads per core) family 6 model 58 stepping 9, cmov, cx8, fxsr, mmx, sse, sse2, sse3, ssse3, sse4.1, sse4.2, popcnt, avx, aes, clmul, erms, ht, tsc, tscinvbit, tscinv

Memory: 4k page, physical 4072964k(382072k free), swap 5712656k(5132k free)

vm_info: Java HotSpot(TM) 64-Bit Server VM (25.91-b14) for windows-amd64 JRE (1.8.0_91-b14), built on Apr  1 2016 00:58:32 by "java_re" with MS VC++ 10.0 (VS2010)

time: Mon May 15 15:37:05 2017
elapsed time: 2 seconds (0d 0h 0m 2s)

