#
# There is insufficient memory for the Java Runtime Environment to continue.
# Native memory allocation (malloc) failed to allocate 1059296 bytes for Chunk::new
# Possible reasons:
#   The system is out of physical RAM or swap space
#   In 32 bit mode, the process size limit was hit
# Possible solutions:
#   Reduce memory load on the system
#   Increase physical memory or swap space
#   Check if swap backing store is full
#   Use 64 bit Java on a 64 bit OS
#   Decrease Java heap size (-Xmx/-Xms)
#   Decrease number of Java threads
#   Decrease Java thread stack sizes (-Xss)
#   Set larger code cache with -XX:ReservedCodeCacheSize=
# This output file may be truncated or incomplete.
#
#  Out of Memory Error (allocation.cpp:390), pid=3904, tid=1428
#
# JRE version: Java(TM) SE Runtime Environment (8.0_91-b14) (build 1.8.0_91-b14)
# Java VM: Java HotSpot(TM) 64-Bit Server VM (25.91-b14 mixed mode windows-amd64 compressed oops)
# Failed to write core dump. Minidumps are not enabled by default on client versions of Windows
#

---------------  T H R E A D  ---------------

Current thread (0x000000001515d000):  JavaThread "C2 CompilerThread1" daemon [_thread_in_native, id=1428, stack(0x0000000016880000,0x0000000016980000)]

Stack: [0x0000000016880000,0x0000000016980000]
[error occurred during error reporting (printing stack bounds), id 0xc0000005]

Native frames: (J=compiled Java code, j=interpreted, Vv=VM code, C=native code)


Current CompileTask:
C2: 211480 3278       4       java.util.concurrent.ThreadPoolExecutor::execute (132 bytes)


---------------  P R O C E S S  ---------------

Java Threads: ( => current thread )
  0x00000000192e1000 JavaThread "pool-1-thread-1" [_thread_blocked, id=3812, stack(0x0000000019d20000,0x0000000019e20000)]
  0x0000000016e27000 JavaThread "pool-2-thread-4" [_thread_blocked, id=6060, stack(0x0000000017c80000,0x0000000017d80000)]
  0x0000000016e24800 JavaThread "pool-2-thread-3" [_thread_blocked, id=5920, stack(0x0000000017b80000,0x0000000017c80000)]
  0x0000000017156000 JavaThread "pool-2-thread-2" [_thread_blocked, id=5508, stack(0x0000000017a80000,0x0000000017b80000)]
  0x0000000017155000 JavaThread "pool-3-thread-1" [_thread_blocked, id=6556, stack(0x0000000017980000,0x0000000017a80000)]
  0x0000000016d8b800 JavaThread "pool-2-thread-1" [_thread_blocked, id=4532, stack(0x0000000017880000,0x0000000017980000)]
  0x0000000016aa8800 JavaThread "Service Thread" daemon [_thread_blocked, id=3472, stack(0x0000000016e80000,0x0000000016f80000)]
  0x000000001515e000 JavaThread "C1 CompilerThread2" daemon [_thread_blocked, id=6112, stack(0x0000000016980000,0x0000000016a80000)]
=>0x000000001515d000 JavaThread "C2 CompilerThread1" daemon [_thread_in_native, id=1428, stack(0x0000000016880000,0x0000000016980000)]
  0x000000001515b000 JavaThread "C2 CompilerThread0" daemon [_thread_blocked, id=6384, stack(0x0000000016780000,0x0000000016880000)]
  0x0000000015158800 JavaThread "Attach Listener" daemon [_thread_blocked, id=6064, stack(0x0000000016680000,0x0000000016780000)]
  0x0000000015157000 JavaThread "Signal Dispatcher" daemon [_thread_blocked, id=4412, stack(0x0000000016580000,0x0000000016680000)]
  0x000000001513a800 JavaThread "Finalizer" daemon [_thread_blocked, id=6272, stack(0x00000000163a0000,0x00000000164a0000)]
  0x00000000029d2000 JavaThread "Reference Handler" daemon [_thread_blocked, id=6564, stack(0x00000000162a0000,0x00000000163a0000)]
  0x00000000028e0800 JavaThread "main" [_thread_in_native, id=6296, stack(0x0000000002790000,0x0000000002890000)]

Other Threads:
  0x0000000015118000 VMThread [stack: 0x00000000161a0000,0x00000000162a0000] [id=4760]
  0x0000000016aa9000 WatcherThread [stack: 0x0000000016f80000,0x0000000017080000] [id=5836]

VM state:not at safepoint (normal execution)

VM Mutex/Monitor currently owned by a thread: None

Heap:
 PSYoungGen      total 231936K, used 126954K [0x00000000eab00000, 0x00000000fff00000, 0x0000000100000000)
  eden space 116736K, 92% used [0x00000000eab00000,0x00000000f14f2bb8,0x00000000f1d00000)
  from space 115200K, 16% used [0x00000000f8e80000,0x00000000fa088000,0x00000000fff00000)
  to   space 115712K, 0% used [0x00000000f1d00000,0x00000000f1d00000,0x00000000f8e00000)
 ParOldGen       total 699392K, used 384019K [0x00000000c0000000, 0x00000000eab00000, 0x00000000eab00000)
  object space 699392K, 54% used [0x00000000c0000000,0x00000000d7704ca0,0x00000000eab00000)
 Metaspace       used 6809K, capacity 7384K, committed 7680K, reserved 1056768K
  class space    used 635K, capacity 656K, committed 768K, reserved 1048576K

Card table byte_map: [0x0000000011e40000,0x0000000012050000] byte_map_base: 0x0000000011840000

Marking Bits: (ParMarkBitMap*) 0x000000006a212f70
 Begin Bits: [0x00000000125b0000, 0x00000000135b0000)
 End Bits:   [0x00000000135b0000, 0x00000000145b0000)

Polling page: 0x0000000002890000

CodeCache: size=245760Kb used=11712Kb max_used=13011Kb free=234047Kb
 bounds [0x0000000002a80000, 0x0000000003770000, 0x0000000011a80000]
 total_blobs=2659 nmethods=2389 adapters=182
 compilation: enabled

Compilation events (10 events):
Event: 210.373 Thread 0x000000001515d000 3273       4       sun.util.calendar.ZoneInfo::getOffsets (276 bytes)
Event: 210.373 Thread 0x000000001515b000 3274       4       com.android.dx.cf.direct.MemberListParser::<init> (74 bytes)
Event: 210.374 Thread 0x000000001515b000 nmethod 3274 0x00000000030d3410 code [0x00000000030d3540, 0x00000000030d3638]
Event: 210.378 Thread 0x000000001515b000 3275       4       java.util.concurrent.FutureTask::set (36 bytes)
Event: 210.381 Thread 0x000000001515b000 nmethod 3275 0x00000000036f12d0 code [0x00000000036f1420, 0x00000000036f1588]
Event: 210.381 Thread 0x000000001515d000 nmethod 3273 0x0000000002f2fc10 code [0x0000000002f2fd60, 0x0000000002f30138]
Event: 210.689 Thread 0x000000001515d000 3276       4       sun.util.calendar.Gregorian$Date::setNormalizedYear (7 bytes)
Event: 210.689 Thread 0x000000001515b000 3277       4       java.util.concurrent.AbstractExecutorService::submit (25 bytes)
Event: 210.691 Thread 0x000000001515d000 nmethod 3276 0x0000000002c87310 code [0x0000000002c87440, 0x0000000002c874b8]
Event: 210.692 Thread 0x000000001515d000 3278       4       java.util.concurrent.ThreadPoolExecutor::execute (132 bytes)

GC Heap History (10 events):
Event: 171.917 GC heap before
{Heap before GC invocations=112 (full 55):
 PSYoungGen      total 228352K, used 208955K [0x00000000eab00000, 0x0000000100000000, 0x0000000100000000)
  eden space 116736K, 100% used [0x00000000eab00000,0x00000000f1d00000,0x00000000f1d00000)
  from space 111616K, 82% used [0x00000000f8f00000,0x00000000fe90eed0,0x00000000ffc00000)
  to   space 116224K, 0% used [0x00000000f1d00000,0x00000000f1d00000,0x00000000f8e80000)
 ParOldGen       total 655360K, used 535796K [0x00000000c0000000, 0x00000000e8000000, 0x00000000eab00000)
  object space 655360K, 81% used [0x00000000c0000000,0x00000000e0b3d018,0x00000000e8000000)
 Metaspace       used 6809K, capacity 7384K, committed 7680K, reserved 1056768K
  class space    used 635K, capacity 656K, committed 768K, reserved 1048576K
Event: 172.051 GC heap after
Heap after GC invocations=112 (full 55):
 PSYoungGen      total 232960K, used 74504K [0x00000000eab00000, 0x0000000100000000, 0x0000000100000000)
  eden space 116736K, 0% used [0x00000000eab00000,0x00000000eab00000,0x00000000f1d00000)
  from space 116224K, 64% used [0x00000000f1d00000,0x00000000f65c2000,0x00000000f8e80000)
  to   space 116224K, 0% used [0x00000000f8e80000,0x00000000f8e80000,0x0000000100000000)
 ParOldGen       total 655360K, used 571285K [0x00000000c0000000, 0x00000000e8000000, 0x00000000eab00000)
  object space 655360K, 87% used [0x00000000c0000000,0x00000000e2de5700,0x00000000e8000000)
 Metaspace       used 6809K, capacity 7384K, committed 7680K, reserved 1056768K
  class space    used 635K, capacity 656K, committed 768K, reserved 1048576K
}
Event: 188.625 GC heap before
{Heap before GC invocations=113 (full 55):
 PSYoungGen      total 232960K, used 191240K [0x00000000eab00000, 0x0000000100000000, 0x0000000100000000)
  eden space 116736K, 100% used [0x00000000eab00000,0x00000000f1d00000,0x00000000f1d00000)
  from space 116224K, 64% used [0x00000000f1d00000,0x00000000f65c2000,0x00000000f8e80000)
  to   space 116224K, 0% used [0x00000000f8e80000,0x00000000f8e80000,0x0000000100000000)
 ParOldGen       total 655360K, used 571285K [0x00000000c0000000, 0x00000000e8000000, 0x00000000eab00000)
  object space 655360K, 87% used [0x00000000c0000000,0x00000000e2de5700,0x00000000e8000000)
 Metaspace       used 6809K, capacity 7384K, committed 7680K, reserved 1056768K
  class space    used 635K, capacity 656K, committed 768K, reserved 1048576K
Event: 188.738 GC heap after
Heap after GC invocations=113 (full 55):
 PSYoungGen      total 232960K, used 54070K [0x00000000eab00000, 0x0000000100000000, 0x0000000100000000)
  eden space 116736K, 0% used [0x00000000eab00000,0x00000000eab00000,0x00000000f1d00000)
  from space 116224K, 46% used [0x00000000f8e80000,0x00000000fc34dba8,0x0000000100000000)
  to   space 116224K, 0% used [0x00000000f1d00000,0x00000000f1d00000,0x00000000f8e80000)
 ParOldGen       total 655360K, used 608882K [0x00000000c0000000, 0x00000000e8000000, 0x00000000eab00000)
  object space 655360K, 92% used [0x00000000c0000000,0x00000000e529c9d0,0x00000000e8000000)
 Metaspace       used 6809K, capacity 7384K, committed 7680K, reserved 1056768K
  class space    used 635K, capacity 656K, committed 768K, reserved 1048576K
}
Event: 188.739 GC heap before
{Heap before GC invocations=114 (full 56):
 PSYoungGen      total 232960K, used 54070K [0x00000000eab00000, 0x0000000100000000, 0x0000000100000000)
  eden space 116736K, 0% used [0x00000000eab00000,0x00000000eab00000,0x00000000f1d00000)
  from space 116224K, 46% used [0x00000000f8e80000,0x00000000fc34dba8,0x0000000100000000)
  to   space 116224K, 0% used [0x00000000f1d00000,0x00000000f1d00000,0x00000000f8e80000)
 ParOldGen       total 655360K, used 608882K [0x00000000c0000000, 0x00000000e8000000, 0x00000000eab00000)
  object space 655360K, 92% used [0x00000000c0000000,0x00000000e529c9d0,0x00000000e8000000)
 Metaspace       used 6809K, capacity 7384K, committed 7680K, reserved 1056768K
  class space    used 635K, capacity 656K, committed 768K, reserved 1048576K
Event: 191.464 GC heap after
Heap after GC invocations=114 (full 56):
 PSYoungGen      total 232960K, used 0K [0x00000000eab00000, 0x0000000100000000, 0x0000000100000000)
  eden space 116736K, 0% used [0x00000000eab00000,0x00000000eab00000,0x00000000f1d00000)
  from space 116224K, 0% used [0x00000000f8e80000,0x00000000f8e80000,0x0000000100000000)
  to   space 116224K, 0% used [0x00000000f1d00000,0x00000000f1d00000,0x00000000f8e80000)
 ParOldGen       total 699392K, used 366251K [0x00000000c0000000, 0x00000000eab00000, 0x00000000eab00000)
  object space 699392K, 52% used [0x00000000c0000000,0x00000000d65aad38,0x00000000eab00000)
 Metaspace       used 6809K, capacity 7384K, committed 7680K, reserved 1056768K
  class space    used 635K, capacity 656K, committed 768K, reserved 1048576K
}
Event: 197.447 GC heap before
{Heap before GC invocations=115 (full 56):
 PSYoungGen      total 232960K, used 116736K [0x00000000eab00000, 0x0000000100000000, 0x0000000100000000)
  eden space 116736K, 100% used [0x00000000eab00000,0x00000000f1d00000,0x00000000f1d00000)
  from space 116224K, 0% used [0x00000000f8e80000,0x00000000f8e80000,0x0000000100000000)
  to   space 116224K, 0% used [0x00000000f1d00000,0x00000000f1d00000,0x00000000f8e80000)
 ParOldGen       total 699392K, used 366251K [0x00000000c0000000, 0x00000000eab00000, 0x00000000eab00000)
  object space 699392K, 52% used [0x00000000c0000000,0x00000000d65aad38,0x00000000eab00000)
 Metaspace       used 6809K, capacity 7384K, committed 7680K, reserved 1056768K
  class space    used 635K, capacity 656K, committed 768K, reserved 1048576K
Event: 197.484 GC heap after
Heap after GC invocations=115 (full 56):
 PSYoungGen      total 232960K, used 18496K [0x00000000eab00000, 0x0000000100000000, 0x0000000100000000)
  eden space 116736K, 0% used [0x00000000eab00000,0x00000000eab00000,0x00000000f1d00000)
  from space 116224K, 15% used [0x00000000f1d00000,0x00000000f2f10000,0x00000000f8e80000)
  to   space 116224K, 0% used [0x00000000f8e80000,0x00000000f8e80000,0x0000000100000000)
 ParOldGen       total 699392K, used 366251K [0x00000000c0000000, 0x00000000eab00000, 0x00000000eab00000)
  object space 699392K, 52% used [0x00000000c0000000,0x00000000d65aad38,0x00000000eab00000)
 Metaspace       used 6809K, capacity 7384K, committed 7680K, reserved 1056768K
  class space    used 635K, capacity 656K, committed 768K, reserved 1048576K
}
Event: 204.757 GC heap before
{Heap before GC invocations=116 (full 56):
 PSYoungGen      total 232960K, used 135232K [0x00000000eab00000, 0x0000000100000000, 0x0000000100000000)
  eden space 116736K, 100% used [0x00000000eab00000,0x00000000f1d00000,0x00000000f1d00000)
  from space 116224K, 15% used [0x00000000f1d00000,0x00000000f2f10000,0x00000000f8e80000)
  to   space 116224K, 0% used [0x00000000f8e80000,0x00000000f8e80000,0x0000000100000000)
 ParOldGen       total 699392K, used 366251K [0x00000000c0000000, 0x00000000eab00000, 0x00000000eab00000)
  object space 699392K, 52% used [0x00000000c0000000,0x00000000d65aad38,0x00000000eab00000)
 Metaspace       used 6809K, capacity 7384K, committed 7680K, reserved 1056768K
  class space    used 635K, capacity 656K, committed 768K, reserved 1048576K
Event: 204.814 GC heap after
Heap after GC invocations=116 (full 56):
 PSYoungGen      total 231936K, used 18464K [0x00000000eab00000, 0x00000000fff00000, 0x0000000100000000)
  eden space 116736K, 0% used [0x00000000eab00000,0x00000000eab00000,0x00000000f1d00000)
  from space 115200K, 16% used [0x00000000f8e80000,0x00000000fa088000,0x00000000fff00000)
  to   space 115712K, 0% used [0x00000000f1d00000,0x00000000f1d00000,0x00000000f8e00000)
 ParOldGen       total 699392K, used 384019K [0x00000000c0000000, 0x00000000eab00000, 0x00000000eab00000)
  object space 699392K, 54% used [0x00000000c0000000,0x00000000d7704ca0,0x00000000eab00000)
 Metaspace       used 6809K, capacity 7384K, committed 7680K, reserved 1056768K
  class space    used 635K, capacity 656K, committed 768K, reserved 1048576K
}

Deoptimization events (10 events):
Event: 134.332 Thread 0x0000000016e27000 Uncommon trap: reason=class_check action=maybe_recompile pc=0x000000000338a588 method=com.android.dx.util.BitIntSet.merge(Lcom/android/dx/util/IntSet;)V @ 1
Event: 134.333 Thread 0x0000000016e27000 Uncommon trap: reason=class_check action=maybe_recompile pc=0x0000000002cd3fe4 method=com.android.dx.ssa.back.InterferenceGraph.mergeInterferenceSet(ILcom/android/dx/util/IntSet;)V @ 20
Event: 134.402 Thread 0x0000000016d8b800 Uncommon trap: reason=class_check action=maybe_recompile pc=0x00000000036f4c94 method=com.android.dx.ssa.back.InterferenceGraph.mergeInterferenceSet(ILcom/android/dx/util/IntSet;)V @ 20
Event: 138.969 Thread 0x00000000028e0800 Uncommon trap: reason=unstable_if action=reinterpret pc=0x0000000002e18994 method=com.android.dx.rop.code.Insn.contentEquals(Lcom/android/dx/rop/code/Insn;)Z @ 47
Event: 139.105 Thread 0x0000000016e24800 Uncommon trap: reason=unstable_if action=reinterpret pc=0x0000000002fb2930 method=com.android.dx.ssa.SCCP.simulateStmt(Lcom/android/dx/ssa/SsaInsn;)V @ 59
Event: 139.170 Thread 0x0000000016e27000 Uncommon trap: reason=unstable_if action=reinterpret pc=0x00000000036d11fc method=com.android.dx.cf.code.Ropper.processBlock(Lcom/android/dx/cf/code/ByteBlock;Lcom/android/dx/cf/code/Frame;[I)V @ 651
Event: 144.557 Thread 0x0000000016d8b800 Uncommon trap: reason=bimorphic action=maybe_recompile pc=0x00000000033ae718 method=com.android.dx.cf.code.BytecodeArray.parseInstruction(ILcom/android/dx/cf/code/BytecodeArray$Visitor;)I @ 2554
Event: 144.557 Thread 0x0000000016d8b800 Uncommon trap: reason=bimorphic action=maybe_recompile pc=0x00000000033ae718 method=com.android.dx.cf.code.BytecodeArray.parseInstruction(ILcom/android/dx/cf/code/BytecodeArray$Visitor;)I @ 2554
Event: 147.808 Thread 0x0000000017156000 Uncommon trap: reason=unstable_if action=reinterpret pc=0x000000000311f188 method=com.android.dx.ssa.SsaMethod.makeExitBlock()V @ 103
Event: 191.669 Thread 0x0000000017156000 Uncommon trap: reason=unstable_if action=reinterpret pc=0x0000000002f3d328 method=java.util.DualPivotQuicksort.sort([IIIZ)V @ 137

Internal exceptions (10 events):
Event: 6.695 Thread 0x00000000028e0800 Exception <a 'java/lang/NoSuchMethodError': Method sun.misc.Unsafe.prefetchRead(Ljava/lang/Object;J)V name or signature does not match> (0x00000000eab07fa8) thrown at [C:\re\workspace\8-2-build-windows-amd64-cygwin\jdk8u91\6644\hotspot\src\share\vm\prims\jú´4DßÍ7@
Event: 23.804 Thread 0x0000000016d8b800 Implicit null exception at 0x0000000002e39ea2 to 0x0000000002e39f92
Event: 23.986 Thread 0x0000000017156000 Implicit null exception at 0x0000000002f102a9 to 0x0000000002f10f11
Event: 24.251 Thread 0x0000000017156000 Implicit null exception at 0x0000000002f35fc1 to 0x0000000002f369fd
Event: 24.348 Thread 0x0000000016e27000 Implicit null exception at 0x0000000002f41893 to 0x0000000002f419fd
Event: 25.523 Thread 0x0000000016d8b800 Exception <a 'java/lang/ArrayIndexOutOfBoundsException': 18> (0x00000000ee7e2790) thrown at [C:\re\workspace\8-2-build-windows-amd64-cygwin\jdk8u91\6644\hotspot\src\share\vm\interpreter\interpreterRuntime.cpp, line 366]
Event: 25.524 Thread 0x0000000016d8b800 Exception <a 'java/lang/ArrayIndexOutOfBoundsException': 145> (0x00000000ee7e4310) thrown at [C:\re\workspace\8-2-build-windows-amd64-cygwin\jdk8u91\6644\hotspot\src\share\vm\interpreter\interpreterRuntime.cpp, line 366]
Event: 25.648 Thread 0x0000000016d8b800 Exception <a 'java/lang/ArrayIndexOutOfBoundsException'> (0x00000000ee7e55f8) thrown at [C:\re\workspace\8-2-build-windows-amd64-cygwin\jdk8u91\6644\hotspot\src\share\vm\runtime\sharedRuntime.cpp, line 605]
Event: 38.069 Thread 0x00000000028e0800 Implicit null exception at 0x0000000002be6fbd to 0x0000000002be7959
Event: 133.173 Thread 0x00000000192e1000 Exception <a 'java/lang/OutOfMemoryError'> (0x00000000c00747a0) thrown at [C:\re\workspace\8-2-build-windows-amd64-cygwin\jdk8u91\6644\hotspot\src\share\vm\gc_interface/collectedHeap.inline.hpp, line 170]

Events (10 events):
Event: 209.228 Thread 0x000000001515b000 flushing nmethod 0x0000000002e73950
Event: 209.228 Thread 0x000000001515b000 flushing nmethod 0x0000000002e74210
Event: 210.375 Thread 0x000000001515b000 flushing nmethod 0x0000000002ece5d0
Event: 210.381 Thread 0x000000001515b000 flushing nmethod 0x0000000002f87d90
Event: 210.381 Thread 0x000000001515b000 flushing nmethod 0x0000000002fc0b50
Event: 210.691 Thread 0x000000001515d000 flushing nmethod 0x0000000002ff9250
Event: 210.691 Thread 0x000000001515d000 flushing nmethod 0x0000000002ffc010
Event: 210.691 Thread 0x000000001515d000 flushing nmethod 0x000000000300a450
Event: 210.691 Thread 0x000000001515d000 flushing nmethod 0x00000000030223d0
Event: 210.691 Thread 0x000000001515d000 flushing nmethod 0x0000000003060e10


Dynamic libraries:
0x00007ff68c950000 - 0x00007ff68c987000 	C:\Program Files\Java\jdk1.8.0_91\bin\java.exe
0x00007ffd1c4e0000 - 0x00007ffd1c6a1000 	C:\WINDOWS\SYSTEM32\ntdll.dll
0x00007ffd1b910000 - 0x00007ffd1b9bd000 	C:\WINDOWS\system32\KERNEL32.DLL
0x00007ffd18b90000 - 0x00007ffd18d78000 	C:\WINDOWS\system32\KERNELBASE.dll
0x00007ffd19d90000 - 0x00007ffd19e37000 	C:\WINDOWS\system32\ADVAPI32.dll
0x00007ffd19990000 - 0x00007ffd19a2d000 	C:\WINDOWS\system32\msvcrt.dll
0x00007ffd1bb00000 - 0x00007ffd1bb5b000 	C:\WINDOWS\system32\sechost.dll
0x00007ffd1b9c0000 - 0x00007ffd1badc000 	C:\WINDOWS\system32\RPCRT4.dll
0x00007ffd1bcb0000 - 0x00007ffd1be06000 	C:\WINDOWS\system32\USER32.dll
0x00007ffd19c00000 - 0x00007ffd19d86000 	C:\WINDOWS\system32\GDI32.dll
0x00007ffd0b000000 - 0x00007ffd0b274000 	C:\WINDOWS\WinSxS\amd64_microsoft.windows.common-controls_6595b64144ccf1df_6.0.10586.672_none_a2d6b3cea53ff843\COMCTL32.dll
0x00007ffd1a0c0000 - 0x00007ffd1a33d000 	C:\WINDOWS\system32\combase.dll
0x00007ffd18e30000 - 0x00007ffd18e9a000 	C:\WINDOWS\system32\bcryptPrimitives.dll
0x00007ffd19b00000 - 0x00007ffd19b3b000 	C:\WINDOWS\system32\IMM32.DLL
0x0000000069500000 - 0x00000000695d2000 	C:\Program Files\Java\jdk1.8.0_91\jre\bin\msvcr100.dll
0x0000000069a00000 - 0x000000006a293000 	C:\Program Files\Java\jdk1.8.0_91\jre\bin\server\jvm.dll
0x00007ffd19fa0000 - 0x00007ffd19fa8000 	C:\WINDOWS\system32\PSAPI.DLL
0x00007ffd16bd0000 - 0x00007ffd16bf3000 	C:\WINDOWS\SYSTEM32\WINMM.dll
0x00007ffd08ef0000 - 0x00007ffd08ef9000 	C:\WINDOWS\SYSTEM32\WSOCK32.dll
0x00007ffd0eef0000 - 0x00007ffd0eefa000 	C:\WINDOWS\SYSTEM32\VERSION.dll
0x00007ffd1c470000 - 0x00007ffd1c4db000 	C:\WINDOWS\system32\WS2_32.dll
0x0000000002760000 - 0x000000000278c000 	C:\WINDOWS\SYSTEM32\WINMMBASE.dll
0x00007ffd18de0000 - 0x00007ffd18e23000 	C:\WINDOWS\system32\cfgmgr32.dll
0x000000006a580000 - 0x000000006a58f000 	C:\Program Files\Java\jdk1.8.0_91\jre\bin\verify.dll
0x000000006a550000 - 0x000000006a579000 	C:\Program Files\Java\jdk1.8.0_91\jre\bin\java.dll
0x000000006a530000 - 0x000000006a546000 	C:\Program Files\Java\jdk1.8.0_91\jre\bin\zip.dll
0x00007ffd1a3b0000 - 0x00007ffd1b90c000 	C:\WINDOWS\system32\SHELL32.dll
0x00007ffd19070000 - 0x00007ffd196b5000 	C:\WINDOWS\system32\windows.storage.dll
0x00007ffd19ba0000 - 0x00007ffd19bf2000 	C:\WINDOWS\system32\shlwapi.dll
0x00007ffd18b30000 - 0x00007ffd18b3f000 	C:\WINDOWS\system32\kernel.appcore.dll
0x00007ffd196c0000 - 0x00007ffd19775000 	C:\WINDOWS\system32\shcore.dll
0x00007ffd18b40000 - 0x00007ffd18b8b000 	C:\WINDOWS\system32\powrprof.dll
0x00007ffd18b00000 - 0x00007ffd18b14000 	C:\WINDOWS\system32\profapi.dll

VM Arguments:
jvm_args: -Djava.awt.headless=true -Xmx1024M -Dfile.encoding=windows-1252 -Duser.country=US -Duser.language=en -Duser.variant 
java_command: com.android.dx.command.Main --dex --num-threads=4 --multi-dex --main-dex-list E:\TableBookingApp\app\build\intermediates\multi-dex\debug\maindexlist.txt --output E:\TableBookingApp\app\build\intermediates\transforms\dex\debug\folders\1000\1f\main E:\TableBookingApp\app\build\intermediates\transforms\jarMerging\debug\jars\1\1f\combined.jar
java_class_path (initial): C:\Users\abc\AppData\Local\Android\sdk\build-tools\25.0.2\lib\dx.jar
Launcher Type: SUN_STANDARD

Environment Variables:
PATH=C:\ProgramData\Oracle\Java\javapath;D:\oracle\product\11.2.0\dbhome_1\bin;C:\WINDOWS\system32;C:\WINDOWS;C:\WINDOWS\System32\Wbem;C:\WINDOWS\System32\WindowsPowerShell\v1.0\;C:\Program Files (x86)\Microsoft SQL Server\100\Tools\Binn\;C:\Program Files\Microsoft SQL Server\100\Tools\Binn\;C:\Program Files\Microsoft SQL Server\100\DTS\Binn\;d:\SQLSERVER\120\DTS\Binn\;d:\SQLSERVER\Client SDK\ODBC\110\Tools\Binn\;d:\SQLSERVER\x86\120\Tools\Binn\;d:\SQLSERVER\120\Tools\Binn\;d:\SQLSERVER\x86\110\Tools\Binn\ManagementStudio\;d:\SQLSERVER\x86\110\Tools\Binn\;d:\SQLSERVER\x86\110\DTS\Binn\;C:\Program Files\MATLAB\R2009b\runtime\win64;C:\Program Files\Java\jdk1.8.0_91\bin
USERNAME=MuneebPC
OS=Windows_NT
PROCESSOR_IDENTIFIER=Intel64 Family 6 Model 58 Stepping 9, GenuineIntel



---------------  S Y S T E M  ---------------

OS: Windows 10.0 , 64 bit Build 10586 (10.0.10586.589)

CPU:total 4 (2 cores per cpu, 2 threads per core) family 6 model 58 stepping 9, cmov, cx8, fxsr, mmx, sse, sse2, sse3, ssse3, sse4.1, sse4.2, popcnt, avx, aes, clmul, erms, ht, tsc, tscinvbit, tscinv

Memory: 4k page, physical 4072964k(215236k free), swap 6625336k(5620k free)

vm_info: Java HotSpot(TM) 64-Bit Server VM (25.91-b14) for windows-amd64 JRE (1.8.0_91-b14), built on Apr  1 2016 00:58:32 by "java_re" with MS VC++ 10.0 (VS2010)

time: Sat Jul 22 23:39:10 2017
elapsed time: 212 seconds (0d 0h 3m 32s)

