#
# There is insufficient memory for the Java Runtime Environment to continue.
# Native memory allocation (malloc) failed to allocate 1282176 bytes for Chunk::new
# Possible reasons:
#   The system is out of physical RAM or swap space
#   In 32 bit mode, the process size limit was hit
# Possible solutions:
#   Reduce memory load on the system
#   Increase physical memory or swap space
#   Check if swap backing store is full
#   Use 64 bit Java on a 64 bit OS
#   Decrease Java heap size (-Xmx/-Xms)
#   Decrease number of Java threads
#   Decrease Java thread stack sizes (-Xss)
#   Set larger code cache with -XX:ReservedCodeCacheSize=
# This output file may be truncated or incomplete.
#
#  Out of Memory Error (allocation.cpp:390), pid=5064, tid=7716
#
# JRE version: Java(TM) SE Runtime Environment (8.0_91-b14) (build 1.8.0_91-b14)
# Java VM: Java HotSpot(TM) 64-Bit Server VM (25.91-b14 mixed mode windows-amd64 compressed oops)
# Failed to write core dump. Minidumps are not enabled by default on client versions of Windows
#

---------------  T H R E A D  ---------------

Current thread (0x0000000014df2000):  JavaThread "C2 CompilerThread1" daemon [_thread_in_native, id=7716, stack(0x00000000164d0000,0x00000000165d0000)]

Stack: [0x00000000164d0000,0x00000000165d0000]
[error occurred during error reporting (printing stack bounds), id 0xc0000005]

Native frames: (J=compiled Java code, j=interpreted, Vv=VM code, C=native code)


Current CompileTask:
C2:   2691 1167   !   4       com.android.dx.cf.code.BytecodeArray::parseInstruction (2764 bytes)


---------------  P R O C E S S  ---------------

Java Threads: ( => current thread )
  0x00000000167d0000 JavaThread "pool-1-thread-4" [_thread_in_Java, id=8752, stack(0x00000000170d0000,0x00000000171d0000)]
  0x0000000016794000 JavaThread "pool-1-thread-3" [_thread_in_Java, id=2312, stack(0x0000000016fd0000,0x00000000170d0000)]
  0x000000001678a000 JavaThread "pool-1-thread-2" [_thread_in_Java, id=6160, stack(0x0000000016ed0000,0x0000000016fd0000)]
  0x0000000016787800 JavaThread "pool-2-thread-1" [_thread_blocked, id=584, stack(0x0000000016dd0000,0x0000000016ed0000)]
  0x000000001676e000 JavaThread "pool-1-thread-1" [_thread_in_Java, id=9636, stack(0x0000000016cd0000,0x0000000016dd0000)]
  0x0000000014dfc000 JavaThread "Service Thread" daemon [_thread_blocked, id=7420, stack(0x0000000016ad0000,0x0000000016bd0000)]
  0x00000000165d8800 JavaThread "C1 CompilerThread2" daemon [_thread_blocked, id=7572, stack(0x00000000169d0000,0x0000000016ad0000)]
=>0x0000000014df2000 JavaThread "C2 CompilerThread1" daemon [_thread_in_native, id=7716, stack(0x00000000164d0000,0x00000000165d0000)]
  0x0000000014daa800 JavaThread "C2 CompilerThread0" daemon [_thread_blocked, id=6224, stack(0x00000000163d0000,0x00000000164d0000)]
  0x0000000014da7800 JavaThread "Attach Listener" daemon [_thread_blocked, id=3640, stack(0x00000000162d0000,0x00000000163d0000)]
  0x0000000014da6000 JavaThread "Signal Dispatcher" daemon [_thread_blocked, id=9068, stack(0x00000000161d0000,0x00000000162d0000)]
  0x0000000014d8a000 JavaThread "Finalizer" daemon [_thread_blocked, id=788, stack(0x0000000015ff0000,0x00000000160f0000)]
  0x0000000014d69000 JavaThread "Reference Handler" daemon [_thread_blocked, id=1812, stack(0x0000000015ef0000,0x0000000015ff0000)]
  0x0000000002560800 JavaThread "main" [_thread_in_Java, id=4960, stack(0x0000000002400000,0x0000000002500000)]

Other Threads:
  0x0000000014d67000 VMThread [stack: 0x0000000015df0000,0x0000000015ef0000] [id=4624]
  0x00000000165f1000 WatcherThread [stack: 0x0000000016bd0000,0x0000000016cd0000] [id=6900]

VM state:not at safepoint (normal execution)

VM Mutex/Monitor currently owned by a thread: None

Heap:
 PSYoungGen      total 18944K, used 11742K [0x00000000eab00000, 0x00000000ec000000, 0x0000000100000000)
  eden space 16384K, 56% used [0x00000000eab00000,0x00000000eb3fddb8,0x00000000ebb00000)
  from space 2560K, 99% used [0x00000000ebb00000,0x00000000ebd79c88,0x00000000ebd80000)
  to   space 2560K, 0% used [0x00000000ebd80000,0x00000000ebd80000,0x00000000ec000000)
 ParOldGen       total 44032K, used 1818K [0x00000000c0000000, 0x00000000c2b00000, 0x00000000eab00000)
  object space 44032K, 4% used [0x00000000c0000000,0x00000000c01c68a0,0x00000000c2b00000)
 Metaspace       used 5980K, capacity 6898K, committed 7040K, reserved 1056768K
  class space    used 597K, capacity 618K, committed 640K, reserved 1048576K

Card table byte_map: [0x0000000011a90000,0x0000000011ca0000] byte_map_base: 0x0000000011490000

Marking Bits: (ParMarkBitMap*) 0x000000005a2e2f70
 Begin Bits: [0x0000000012200000, 0x0000000013200000)
 End Bits:   [0x0000000013200000, 0x0000000014200000)

Polling page: 0x0000000000cb0000

CodeCache: size=245760Kb used=4724Kb max_used=4736Kb free=241035Kb
 bounds [0x00000000026d0000, 0x0000000002b80000, 0x00000000116d0000]
 total_blobs=1455 nmethods=1187 adapters=181
 compilation: enabled

Compilation events (10 events):
Event: 2.656 Thread 0x00000000165d8800 nmethod 1183 0x0000000002b6cb50 code [0x0000000002b6cfc0, 0x0000000002b6fec8]
Event: 2.656 Thread 0x00000000165d8800 1184       3       com.android.dx.ssa.SsaRenamer::access$500 (6 bytes)
Event: 2.657 Thread 0x00000000165d8800 nmethod 1184 0x0000000002b6bf90 code [0x0000000002b6c140, 0x0000000002b6c6f8]
Event: 2.657 Thread 0x00000000165d8800 1185       3       com.android.dx.ssa.SsaRenamer::getLocalForNewReg (25 bytes)
Event: 2.657 Thread 0x00000000165d8800 nmethod 1185 0x0000000002b6b510 code [0x0000000002b6b6c0, 0x0000000002b6bc18]
Event: 2.657 Thread 0x00000000165d8800 1186       3       com.android.dx.ssa.MoveParamCombiner$1::visitPhiInsn (1 bytes)
Event: 2.657 Thread 0x00000000165d8800 nmethod 1186 0x0000000002b64590 code [0x0000000002b646e0, 0x0000000002b64830]
Event: 2.657 Thread 0x00000000165d8800 1187       3       java.util.HashMap$HashIterator::hasNext (13 bytes)
Event: 2.658 Thread 0x00000000165d8800 nmethod 1187 0x0000000002b6b190 code [0x0000000002b6b2e0, 0x0000000002b6b490]
Event: 2.667 Thread 0x0000000014daa800 nmethod 1188 0x0000000002b68ed0 code [0x0000000002b69040, 0x0000000002b695b8]

GC Heap History (2 events):
Event: 2.394 GC heap before
{Heap before GC invocations=1 (full 0):
 PSYoungGen      total 18944K, used 16384K [0x00000000eab00000, 0x00000000ec000000, 0x0000000100000000)
  eden space 16384K, 100% used [0x00000000eab00000,0x00000000ebb00000,0x00000000ebb00000)
  from space 2560K, 0% used [0x00000000ebd80000,0x00000000ebd80000,0x00000000ec000000)
  to   space 2560K, 0% used [0x00000000ebb00000,0x00000000ebb00000,0x00000000ebd80000)
 ParOldGen       total 44032K, used 0K [0x00000000c0000000, 0x00000000c2b00000, 0x00000000eab00000)
  object space 44032K, 0% used [0x00000000c0000000,0x00000000c0000000,0x00000000c2b00000)
 Metaspace       used 5813K, capacity 6770K, committed 7040K, reserved 1056768K
  class space    used 597K, capacity 618K, committed 640K, reserved 1048576K
Event: 2.461 GC heap after
Heap after GC invocations=1 (full 0):
 PSYoungGen      total 18944K, used 2535K [0x00000000eab00000, 0x00000000ec000000, 0x0000000100000000)
  eden space 16384K, 0% used [0x00000000eab00000,0x00000000eab00000,0x00000000ebb00000)
  from space 2560K, 99% used [0x00000000ebb00000,0x00000000ebd79c88,0x00000000ebd80000)
  to   space 2560K, 0% used [0x00000000ebd80000,0x00000000ebd80000,0x00000000ec000000)
 ParOldGen       total 44032K, used 1818K [0x00000000c0000000, 0x00000000c2b00000, 0x00000000eab00000)
  object space 44032K, 4% used [0x00000000c0000000,0x00000000c01c68a0,0x00000000c2b00000)
 Metaspace       used 5813K, capacity 6770K, committed 7040K, reserved 1056768K
  class space    used 597K, capacity 618K, committed 640K, reserved 1048576K
}

Deoptimization events (7 events):
Event: 1.878 Thread 0x00000000167d0000 Uncommon trap: reason=unstable_if action=reinterpret pc=0x00000000028c2830 method=java.util.BitSet.nextSetBit(I)I @ 87
Event: 1.927 Thread 0x000000001676e000 Uncommon trap: reason=unstable_if action=reinterpret pc=0x00000000028c5308 method=java.util.HashMap.getNode(ILjava/lang/Object;)Ljava/util/HashMap$Node; @ 62
Event: 2.195 Thread 0x000000001676e000 Uncommon trap: reason=unstable_if action=reinterpret pc=0x0000000002a01540 method=com.android.dx.rop.code.RegisterSpec.equals(ILcom/android/dx/rop/type/TypeBearer;Lcom/android/dx/rop/code/LocalItem;)Z @ 16
Event: 2.195 Thread 0x000000001676e000 Uncommon trap: reason=unstable_if action=reinterpret pc=0x00000000029f5758 method=com.android.dx.rop.code.RegisterSpec.equals(ILcom/android/dx/rop/type/TypeBearer;Lcom/android/dx/rop/code/LocalItem;)Z @ 16
Event: 2.195 Thread 0x000000001676e000 Uncommon trap: reason=unstable_if action=reinterpret pc=0x00000000029f5088 method=com.android.dx.rop.code.RegisterSpec.equals(ILcom/android/dx/rop/type/TypeBearer;Lcom/android/dx/rop/code/LocalItem;)Z @ 16
Event: 2.209 Thread 0x000000001676e000 Uncommon trap: reason=unstable_if action=reinterpret pc=0x00000000029f7e98 method=com.android.dx.rop.code.RegisterSpec.equals(ILcom/android/dx/rop/type/TypeBearer;Lcom/android/dx/rop/code/LocalItem;)Z @ 16
Event: 2.645 Thread 0x000000001678a000 Uncommon trap: reason=unstable_if action=reinterpret pc=0x00000000029b99c8 method=java.util.HashMap.getNode(ILjava/lang/Object;)Ljava/util/HashMap$Node; @ 129

Internal exceptions (2 events):
Event: 0.081 Thread 0x0000000002560800 Exception <a 'java/lang/NoSuchMethodError': Method sun.misc.Unsafe.defineClass(Ljava/lang/String;[BII)Ljava/lang/Class; name or signature does not match> (0x00000000eab07cc0) thrown at [C:\re\workspace\8-2-build-windows-amd64-cygwin\jdk8u91\6644\hotspot\sr :%êÓÄ´?
Event: 0.081 Thread 0x0000000002560800 Exception <a 'java/lang/NoSuchMethodError': Method sun.misc.Unsafe.prefetchRead(Ljava/lang/Object;J)V name or signature does not match> (0x00000000eab07fa8) thrown at [C:\re\workspace\8-2-build-windows-amd64-cygwin\jdk8u91\6644\hotspot\src\share\vm\prims\j

Events (10 events):
Event: 2.206 loading class java/util/HashMap$ValueIterator
Event: 2.206 loading class java/util/HashMap$ValueIterator done
Event: 2.209 Thread 0x000000001676e000 Uncommon trap: trap_request=0xffffff65 fr.pc=0x00000000029f7e98
Event: 2.209 Thread 0x000000001676e000 DEOPT PACKING pc=0x00000000029f7e98 sp=0x0000000016dce770
Event: 2.209 Thread 0x000000001676e000 DEOPT UNPACKING pc=0x000000000271582a sp=0x0000000016dce5b0 mode 2
Event: 2.393 Executing VM operation: ParallelGCFailedAllocation
Event: 2.461 Executing VM operation: ParallelGCFailedAllocation done
Event: 2.645 Thread 0x000000001678a000 Uncommon trap: trap_request=0xffffff65 fr.pc=0x00000000029b99c8
Event: 2.645 Thread 0x000000001678a000 DEOPT PACKING pc=0x00000000029b99c8 sp=0x0000000016fceca0
Event: 2.645 Thread 0x000000001678a000 DEOPT UNPACKING pc=0x000000000271582a sp=0x0000000016fcea08 mode 2


Dynamic libraries:
0x00007ff616680000 - 0x00007ff6166b7000 	C:\Program Files\Java\jdk1.8.0_91\bin\java.exe
0x00007ffce13f0000 - 0x00007ffce15b1000 	C:\WINDOWS\SYSTEM32\ntdll.dll
0x00007ffcdf640000 - 0x00007ffcdf6ed000 	C:\WINDOWS\system32\KERNEL32.DLL
0x00007ffcddbc0000 - 0x00007ffcddda8000 	C:\WINDOWS\system32\KERNELBASE.dll
0x00007ffcdfcd0000 - 0x00007ffcdfd77000 	C:\WINDOWS\system32\ADVAPI32.dll
0x00007ffce12f0000 - 0x00007ffce138d000 	C:\WINDOWS\system32\msvcrt.dll
0x00007ffcdea60000 - 0x00007ffcdeabb000 	C:\WINDOWS\system32\sechost.dll
0x00007ffcdf970000 - 0x00007ffcdfa8c000 	C:\WINDOWS\system32\RPCRT4.dll
0x00007ffcdee90000 - 0x00007ffcdefe6000 	C:\WINDOWS\system32\USER32.dll
0x00007ffcdfb40000 - 0x00007ffcdfcc6000 	C:\WINDOWS\system32\GDI32.dll
0x00007ffccf520000 - 0x00007ffccf794000 	C:\WINDOWS\WinSxS\amd64_microsoft.windows.common-controls_6595b64144ccf1df_6.0.10586.672_none_a2d6b3cea53ff843\COMCTL32.dll
0x00007ffcdeac0000 - 0x00007ffcded3d000 	C:\WINDOWS\system32\combase.dll
0x00007ffcddaf0000 - 0x00007ffcddb5a000 	C:\WINDOWS\system32\bcryptPrimitives.dll
0x00007ffcdf910000 - 0x00007ffcdf94b000 	C:\WINDOWS\system32\IMM32.DLL
0x0000000059620000 - 0x00000000596f2000 	C:\Program Files\Java\jdk1.8.0_91\jre\bin\msvcr100.dll
0x0000000059ad0000 - 0x000000005a363000 	C:\Program Files\Java\jdk1.8.0_91\jre\bin\server\jvm.dll
0x00007ffcdf760000 - 0x00007ffcdf768000 	C:\WINDOWS\system32\PSAPI.DLL
0x00007ffcd38e0000 - 0x00007ffcd38e9000 	C:\WINDOWS\SYSTEM32\WSOCK32.dll
0x00007ffcdf840000 - 0x00007ffcdf8ab000 	C:\WINDOWS\system32\WS2_32.dll
0x00007ffcdbc60000 - 0x00007ffcdbc83000 	C:\WINDOWS\SYSTEM32\WINMM.dll
0x00007ffcd4b70000 - 0x00007ffcd4b7a000 	C:\WINDOWS\SYSTEM32\VERSION.dll
0x00007ffcdbc30000 - 0x00007ffcdbc5c000 	C:\WINDOWS\SYSTEM32\WINMMBASE.dll
0x00007ffcddaa0000 - 0x00007ffcddae3000 	C:\WINDOWS\system32\cfgmgr32.dll
0x000000005a770000 - 0x000000005a77f000 	C:\Program Files\Java\jdk1.8.0_91\jre\bin\verify.dll
0x000000005a740000 - 0x000000005a769000 	C:\Program Files\Java\jdk1.8.0_91\jre\bin\java.dll
0x000000005a480000 - 0x000000005a496000 	C:\Program Files\Java\jdk1.8.0_91\jre\bin\zip.dll
0x00007ffcdfd90000 - 0x00007ffce12ec000 	C:\WINDOWS\system32\SHELL32.dll
0x00007ffcde110000 - 0x00007ffcde755000 	C:\WINDOWS\system32\windows.storage.dll
0x00007ffcdf8b0000 - 0x00007ffcdf902000 	C:\WINDOWS\system32\shlwapi.dll
0x00007ffcdda30000 - 0x00007ffcdda3f000 	C:\WINDOWS\system32\kernel.appcore.dll
0x00007ffcde050000 - 0x00007ffcde105000 	C:\WINDOWS\system32\shcore.dll
0x00007ffcdda50000 - 0x00007ffcdda9b000 	C:\WINDOWS\system32\powrprof.dll
0x00007ffcdda10000 - 0x00007ffcdda24000 	C:\WINDOWS\system32\profapi.dll

VM Arguments:
jvm_args: -Djava.awt.headless=true -Xmx1024M -Dfile.encoding=windows-1252 -Duser.country=US -Duser.language=en -Duser.variant 
java_command: com.android.dx.command.Main --dex --num-threads=4 --output E:\TableBookingApp\app\build\intermediates\pre-dexed\debug\com.google.android.gms-play-services-instantapps-10.0.1_404ac5d1f6a4730bb4402b6555ffcde37380dd17.jar E:\TableBookingApp\app\build\intermediates\exploded-aar\com.google.android.gms\play-services-instantapps\10.0.1\jars\classes.jar
java_class_path (initial): C:\Users\abc\AppData\Local\Android\sdk\build-tools\25.0.2\lib\dx.jar
Launcher Type: SUN_STANDARD

Environment Variables:
PATH=C:\ProgramData\Oracle\Java\javapath;D:\oracle\product\11.2.0\dbhome_1\bin;C:\WINDOWS\system32;C:\WINDOWS;C:\WINDOWS\System32\Wbem;C:\WINDOWS\System32\WindowsPowerShell\v1.0\;C:\Program Files (x86)\Microsoft SQL Server\100\Tools\Binn\;C:\Program Files\Microsoft SQL Server\100\Tools\Binn\;C:\Program Files\Microsoft SQL Server\100\DTS\Binn\;d:\SQLSERVER\120\DTS\Binn\;d:\SQLSERVER\Client SDK\ODBC\110\Tools\Binn\;d:\SQLSERVER\x86\120\Tools\Binn\;d:\SQLSERVER\120\Tools\Binn\;d:\SQLSERVER\x86\110\Tools\Binn\ManagementStudio\;d:\SQLSERVER\x86\110\Tools\Binn\;d:\SQLSERVER\x86\110\DTS\Binn\;C:\Program Files\MATLAB\R2009b\runtime\win64;C:\Program Files\Java\jdk1.8.0_91\bin
USERNAME=MuneebPC
OS=Windows_NT
PROCESSOR_IDENTIFIER=Intel64 Family 6 Model 58 Stepping 9, GenuineIntel



---------------  S Y S T E M  ---------------

OS: Windows 10.0 , 64 bit Build 10586 (10.0.10586.589)

CPU:total 4 (2 cores per cpu, 2 threads per core) family 6 model 58 stepping 9, cmov, cx8, fxsr, mmx, sse, sse2, sse3, ssse3, sse4.1, sse4.2, popcnt, avx, aes, clmul, erms, ht, tsc, tscinvbit, tscinv

Memory: 4k page, physical 4072964k(343684k free), swap 5712656k(6256k free)

vm_info: Java HotSpot(TM) 64-Bit Server VM (25.91-b14) for windows-amd64 JRE (1.8.0_91-b14), built on Apr  1 2016 00:58:32 by "java_re" with MS VC++ 10.0 (VS2010)

time: Mon May 15 15:37:11 2017
elapsed time: 2 seconds (0d 0h 0m 2s)

