#
# There is insufficient memory for the Java Runtime Environment to continue.
# Native memory allocation (malloc) failed to allocate 925216 bytes for Chunk::new
# Possible reasons:
#   The system is out of physical RAM or swap space
#   In 32 bit mode, the process size limit was hit
# Possible solutions:
#   Reduce memory load on the system
#   Increase physical memory or swap space
#   Check if swap backing store is full
#   Use 64 bit Java on a 64 bit OS
#   Decrease Java heap size (-Xmx/-Xms)
#   Decrease number of Java threads
#   Decrease Java thread stack sizes (-Xss)
#   Set larger code cache with -XX:ReservedCodeCacheSize=
# This output file may be truncated or incomplete.
#
#  Out of Memory Error (allocation.cpp:390), pid=5212, tid=1112
#
# JRE version: Java(TM) SE Runtime Environment (8.0_91-b14) (build 1.8.0_91-b14)
# Java VM: Java HotSpot(TM) 64-Bit Server VM (25.91-b14 mixed mode windows-amd64 compressed oops)
# Failed to write core dump. Minidumps are not enabled by default on client versions of Windows
#

---------------  T H R E A D  ---------------

Current thread (0x000000001bc3f800):  JavaThread "C2 CompilerThread0" daemon [_thread_in_native, id=1112, stack(0x000000001d280000,0x000000001d380000)]

Stack: [0x000000001d280000,0x000000001d380000]
[error occurred during error reporting (printing stack bounds), id 0xc0000005]

Native frames: (J=compiled Java code, j=interpreted, Vv=VM code, C=native code)


Current CompileTask:
C2: 132275 4435       4       com.android.dx.dex.file.ClassDefItem::addContents (201 bytes)


---------------  P R O C E S S  ---------------

Java Threads: ( => current thread )
  0x000000001d5b0800 JavaThread "Service Thread" daemon [_thread_blocked, id=4676, stack(0x000000001d980000,0x000000001da80000)]
  0x000000001bc47800 JavaThread "C1 CompilerThread2" daemon [_thread_blocked, id=664, stack(0x000000001d480000,0x000000001d580000)]
  0x000000001bc41800 JavaThread "C2 CompilerThread1" daemon [_thread_in_native, id=6176, stack(0x000000001d380000,0x000000001d480000)]
=>0x000000001bc3f800 JavaThread "C2 CompilerThread0" daemon [_thread_in_native, id=1112, stack(0x000000001d280000,0x000000001d380000)]
  0x000000001bc3c800 JavaThread "Attach Listener" daemon [_thread_blocked, id=7428, stack(0x000000001d180000,0x000000001d280000)]
  0x000000001bc3b800 JavaThread "Signal Dispatcher" daemon [_thread_blocked, id=4100, stack(0x000000001d080000,0x000000001d180000)]
  0x000000001bc2a800 JavaThread "Finalizer" daemon [_thread_blocked, id=800, stack(0x000000001cea0000,0x000000001cfa0000)]
  0x0000000002562000 JavaThread "Reference Handler" daemon [_thread_blocked, id=6664, stack(0x000000001cda0000,0x000000001cea0000)]
  0x0000000002470800 JavaThread "main" [_thread_in_native, id=5664, stack(0x00000000022b0000,0x00000000023b0000)]

Other Threads:
  0x000000001bc07000 VMThread [stack: 0x000000001cca0000,0x000000001cda0000] [id=360]
  0x000000001d5c9000 WatcherThread [stack: 0x000000001da80000,0x000000001db80000] [id=7236]

VM state:not at safepoint (normal execution)

VM Mutex/Monitor currently owned by a thread: None

Heap:
 PSYoungGen      total 633856K, used 624460K [0x000000076ab00000, 0x000000079e200000, 0x00000007c0000000)
  eden space 435712K, 97% used [0x000000076ab00000,0x0000000784b58d10,0x0000000785480000)
  from space 198144K, 99% used [0x0000000785480000,0x00000007915fa5c8,0x0000000791600000)
  to   space 180736K, 0% used [0x0000000791600000,0x0000000791600000,0x000000079c680000)
 ParOldGen       total 790528K, used 661930K [0x00000006c0000000, 0x00000006f0400000, 0x000000076ab00000)
  object space 790528K, 83% used [0x00000006c0000000,0x00000006e866aac8,0x00000006f0400000)
 Metaspace       used 7508K, capacity 7896K, committed 8192K, reserved 1056768K
  class space    used 683K, capacity 720K, committed 768K, reserved 1048576K

Card table byte_map: [0x0000000011930000,0x0000000012140000] byte_map_base: 0x000000000e330000

Marking Bits: (ParMarkBitMap*) 0x000000006a212f70
 Begin Bits: [0x0000000012aa0000, 0x0000000016aa0000)
 End Bits:   [0x0000000016aa0000, 0x000000001aaa0000)

Polling page: 0x00000000021c0000

CodeCache: size=245760Kb used=13955Kb max_used=14565Kb free=231805Kb
 bounds [0x0000000002570000, 0x00000000033f0000, 0x0000000011570000]
 total_blobs=3314 nmethods=3037 adapters=189
 compilation: enabled

Compilation events (10 events):
Event: 130.528 Thread 0x000000001bc3f800 4435       4       com.android.dx.dex.file.ClassDefItem::addContents (201 bytes)
Event: 130.534 Thread 0x000000001bc41800 4436       4       com.android.dx.dex.file.AnnotationsDirectoryItem::hashCode (17 bytes)
Event: 130.536 Thread 0x000000001bc41800 nmethod 4436 0x0000000002850790 code [0x00000000028508e0, 0x00000000028509a8]
Event: 130.536 Thread 0x000000001bc41800 4437       4       com.android.dx.dex.file.ClassDataItem::makeStaticValuesConstant (173 bytes)
Event: 130.541 Thread 0x000000001bc47800 4439       3       com.android.dx.rop.annotation.Annotations::compareTo (110 bytes)
Event: 130.543 Thread 0x000000001bc47800 nmethod 4439 0x0000000002e55510 code [0x0000000002e55780, 0x0000000002e56808]
Event: 130.558 Thread 0x000000001bc47800 4442 %     3       com.android.dx.dex.file.ClassDataItem::addContents @ 75 (207 bytes)
Event: 130.561 Thread 0x000000001bc47800 nmethod 4442% 0x00000000026a2010 code [0x00000000026a2420, 0x00000000026a4ef8]
Event: 130.562 Thread 0x000000001bc47800 4443       3       com.android.dx.dex.file.ClassDataItem::addContents (207 bytes)
Event: 130.565 Thread 0x000000001bc47800 nmethod 4443 0x00000000028c9b10 code [0x00000000028c9f20, 0x00000000028cc798]

GC Heap History (10 events):
Event: 83.713 GC heap before
{Heap before GC invocations=34 (full 7):
 PSYoungGen      total 616448K, used 435712K [0x000000076ab00000, 0x000000079e200000, 0x00000007c0000000)
  eden space 435712K, 100% used [0x000000076ab00000,0x0000000785480000,0x0000000785480000)
  from space 180736K, 0% used [0x0000000791600000,0x0000000791600000,0x000000079c680000)
  to   space 198144K, 0% used [0x0000000785480000,0x0000000785480000,0x0000000791600000)
 ParOldGen       total 790528K, used 548461K [0x00000006c0000000, 0x00000006f0400000, 0x000000076ab00000)
  object space 790528K, 69% used [0x00000006c0000000,0x00000006e179b640,0x00000006f0400000)
 Metaspace       used 7296K, capacity 7864K, committed 8192K, reserved 1056768K
  class space    used 655K, capacity 688K, committed 768K, reserved 1048576K
Event: 83.771 GC heap after
Heap after GC invocations=34 (full 7):
 PSYoungGen      total 633856K, used 45965K [0x000000076ab00000, 0x000000079e200000, 0x00000007c0000000)
  eden space 435712K, 0% used [0x000000076ab00000,0x000000076ab00000,0x0000000785480000)
  from space 198144K, 23% used [0x0000000785480000,0x0000000788163548,0x0000000791600000)
  to   space 180736K, 0% used [0x0000000791600000,0x0000000791600000,0x000000079c680000)
 ParOldGen       total 790528K, used 548461K [0x00000006c0000000, 0x00000006f0400000, 0x000000076ab00000)
  object space 790528K, 69% used [0x00000006c0000000,0x00000006e179b640,0x00000006f0400000)
 Metaspace       used 7296K, capacity 7864K, committed 8192K, reserved 1056768K
  class space    used 655K, capacity 688K, committed 768K, reserved 1048576K
}
Event: 96.308 GC heap before
{Heap before GC invocations=35 (full 7):
 PSYoungGen      total 633856K, used 481677K [0x000000076ab00000, 0x000000079e200000, 0x00000007c0000000)
  eden space 435712K, 100% used [0x000000076ab00000,0x0000000785480000,0x0000000785480000)
  from space 198144K, 23% used [0x0000000785480000,0x0000000788163548,0x0000000791600000)
  to   space 180736K, 0% used [0x0000000791600000,0x0000000791600000,0x000000079c680000)
 ParOldGen       total 790528K, used 548461K [0x00000006c0000000, 0x00000006f0400000, 0x000000076ab00000)
  object space 790528K, 69% used [0x00000006c0000000,0x00000006e179b640,0x00000006f0400000)
 Metaspace       used 7504K, capacity 7896K, committed 8192K, reserved 1056768K
  class space    used 682K, capacity 720K, committed 768K, reserved 1048576K
Event: 96.431 GC heap after
Heap after GC invocations=35 (full 7):
 PSYoungGen      total 616448K, used 106673K [0x000000076ab00000, 0x000000079e200000, 0x00000007c0000000)
  eden space 435712K, 0% used [0x000000076ab00000,0x000000076ab00000,0x0000000785480000)
  from space 180736K, 59% used [0x0000000791600000,0x0000000797e2c4f8,0x000000079c680000)
  to   space 198144K, 0% used [0x0000000785480000,0x0000000785480000,0x0000000791600000)
 ParOldGen       total 790528K, used 548461K [0x00000006c0000000, 0x00000006f0400000, 0x000000076ab00000)
  object space 790528K, 69% used [0x00000006c0000000,0x00000006e179b640,0x00000006f0400000)
 Metaspace       used 7504K, capacity 7896K, committed 8192K, reserved 1056768K
  class space    used 682K, capacity 720K, committed 768K, reserved 1048576K
}
Event: 108.646 GC heap before
{Heap before GC invocations=36 (full 7):
 PSYoungGen      total 616448K, used 542385K [0x000000076ab00000, 0x000000079e200000, 0x00000007c0000000)
  eden space 435712K, 100% used [0x000000076ab00000,0x0000000785480000,0x0000000785480000)
  from space 180736K, 59% used [0x0000000791600000,0x0000000797e2c4f8,0x000000079c680000)
  to   space 198144K, 0% used [0x0000000785480000,0x0000000785480000,0x0000000791600000)
 ParOldGen       total 790528K, used 548461K [0x00000006c0000000, 0x00000006f0400000, 0x000000076ab00000)
  object space 790528K, 69% used [0x00000006c0000000,0x00000006e179b640,0x00000006f0400000)
 Metaspace       used 7504K, capacity 7896K, committed 8192K, reserved 1056768K
  class space    used 682K, capacity 720K, committed 768K, reserved 1048576K
Event: 108.859 GC heap after
Heap after GC invocations=36 (full 7):
 PSYoungGen      total 633856K, used 175596K [0x000000076ab00000, 0x000000079e200000, 0x00000007c0000000)
  eden space 435712K, 0% used [0x000000076ab00000,0x000000076ab00000,0x0000000785480000)
  from space 198144K, 88% used [0x0000000785480000,0x000000078fffb150,0x0000000791600000)
  to   space 180736K, 0% used [0x0000000791600000,0x0000000791600000,0x000000079c680000)
 ParOldGen       total 790528K, used 548461K [0x00000006c0000000, 0x00000006f0400000, 0x000000076ab00000)
  object space 790528K, 69% used [0x00000006c0000000,0x00000006e179b640,0x00000006f0400000)
 Metaspace       used 7504K, capacity 7896K, committed 8192K, reserved 1056768K
  class space    used 682K, capacity 720K, committed 768K, reserved 1048576K
}
Event: 120.371 GC heap before
{Heap before GC invocations=37 (full 7):
 PSYoungGen      total 633856K, used 611308K [0x000000076ab00000, 0x000000079e200000, 0x00000007c0000000)
  eden space 435712K, 100% used [0x000000076ab00000,0x0000000785480000,0x0000000785480000)
  from space 198144K, 88% used [0x0000000785480000,0x000000078fffb150,0x0000000791600000)
  to   space 180736K, 0% used [0x0000000791600000,0x0000000791600000,0x000000079c680000)
 ParOldGen       total 790528K, used 548461K [0x00000006c0000000, 0x00000006f0400000, 0x000000076ab00000)
  object space 790528K, 69% used [0x00000006c0000000,0x00000006e179b640,0x00000006f0400000)
 Metaspace       used 7506K, capacity 7896K, committed 8192K, reserved 1056768K
  class space    used 683K, capacity 720K, committed 768K, reserved 1048576K
Event: 120.713 GC heap after
Heap after GC invocations=37 (full 7):
 PSYoungGen      total 616448K, used 180721K [0x000000076ab00000, 0x000000079e200000, 0x00000007c0000000)
  eden space 435712K, 0% used [0x000000076ab00000,0x000000076ab00000,0x0000000785480000)
  from space 180736K, 99% used [0x0000000791600000,0x000000079c67c530,0x000000079c680000)
  to   space 198144K, 0% used [0x0000000785480000,0x0000000785480000,0x0000000791600000)
 ParOldGen       total 790528K, used 610098K [0x00000006c0000000, 0x00000006f0400000, 0x000000076ab00000)
  object space 790528K, 77% used [0x00000006c0000000,0x00000006e53cc830,0x00000006f0400000)
 Metaspace       used 7506K, capacity 7896K, committed 8192K, reserved 1056768K
  class space    used 683K, capacity 720K, committed 768K, reserved 1048576K
}
Event: 125.815 GC heap before
{Heap before GC invocations=38 (full 7):
 PSYoungGen      total 616448K, used 616433K [0x000000076ab00000, 0x000000079e200000, 0x00000007c0000000)
  eden space 435712K, 100% used [0x000000076ab00000,0x0000000785480000,0x0000000785480000)
  from space 180736K, 99% used [0x0000000791600000,0x000000079c67c530,0x000000079c680000)
  to   space 198144K, 0% used [0x0000000785480000,0x0000000785480000,0x0000000791600000)
 ParOldGen       total 790528K, used 610098K [0x00000006c0000000, 0x00000006f0400000, 0x000000076ab00000)
  object space 790528K, 77% used [0x00000006c0000000,0x00000006e53cc830,0x00000006f0400000)
 Metaspace       used 7506K, capacity 7896K, committed 8192K, reserved 1056768K
  class space    used 683K, capacity 720K, committed 768K, reserved 1048576K
Event: 126.094 GC heap after
Heap after GC invocations=38 (full 7):
 PSYoungGen      total 633856K, used 198121K [0x000000076ab00000, 0x000000079e200000, 0x00000007c0000000)
  eden space 435712K, 0% used [0x000000076ab00000,0x000000076ab00000,0x0000000785480000)
  from space 198144K, 99% used [0x0000000785480000,0x00000007915fa5c8,0x0000000791600000)
  to   space 180736K, 0% used [0x0000000791600000,0x0000000791600000,0x000000079c680000)
 ParOldGen       total 790528K, used 661930K [0x00000006c0000000, 0x00000006f0400000, 0x000000076ab00000)
  object space 790528K, 83% used [0x00000006c0000000,0x00000006e866aac8,0x00000006f0400000)
 Metaspace       used 7506K, capacity 7896K, committed 8192K, reserved 1056768K
  class space    used 683K, capacity 720K, committed 768K, reserved 1048576K
}

Deoptimization events (10 events):
Event: 130.489 Thread 0x000000001d96c000 Uncommon trap: reason=unstable_if action=reinterpret pc=0x0000000002bb7c54 method=java.util.concurrent.locks.ReentrantLock$Sync.nonfairTryAcquire(I)Z @ 10
Event: 130.489 Thread 0x000000001dc48800 Uncommon trap: reason=unstable_if action=reinterpret pc=0x00000000033cc564 method=java.util.concurrent.locks.AbstractQueuedSynchronizer$ConditionObject.checkInterruptWhileWaiting(Ljava/util/concurrent/locks/AbstractQueuedSynchronizer$Node;)I @ 3
Event: 130.505 Thread 0x0000000002470800 Uncommon trap: reason=unstable_if action=reinterpret pc=0x0000000002e05d70 method=java.util.concurrent.ThreadPoolExecutor.runStateAtLeast(II)Z @ 2
Event: 130.511 Thread 0x000000001e197000 Uncommon trap: reason=unstable_if action=reinterpret pc=0x00000000033cc5b0 method=java.util.concurrent.locks.AbstractQueuedSynchronizer$ConditionObject.checkInterruptWhileWaiting(Ljava/util/concurrent/locks/AbstractQueuedSynchronizer$Node;)I @ 3
Event: 130.511 Thread 0x000000001d96c000 Uncommon trap: reason=bimorphic action=maybe_recompile pc=0x0000000002bc09e4 method=java.util.concurrent.FutureTask.run()V @ 42
Event: 130.528 Thread 0x000000001d96c000 Uncommon trap: reason=class_check action=maybe_recompile pc=0x0000000002994aa0 method=com.android.dx.dex.file.UniformItemSection.prepare0()V @ 13
Event: 130.532 Thread 0x000000001d96c000 Uncommon trap: reason=predicate action=maybe_recompile pc=0x0000000002c6c214 method=com.android.dx.dex.file.UniformItemSection.prepare0()V @ 19
Event: 130.540 Thread 0x000000001d96c000 Uncommon trap: reason=unstable_if action=reinterpret pc=0x0000000002c450f8 method=com.android.dx.rop.annotation.Annotations.compareTo(Lcom/android/dx/rop/annotation/Annotations;)I @ 77
Event: 130.540 Thread 0x000000001d96c000 Uncommon trap: reason=unstable_if action=reinterpret pc=0x0000000002969d8c method=com.android.dx.rop.annotation.Annotation.compareTo(Lcom/android/dx/rop/annotation/Annotation;)I @ 114
Event: 130.558 Thread 0x000000001d96c000 Uncommon trap: reason=unstable_if action=reinterpret pc=0x000000000291d684 method=java.util.ComparableTimSort.countRunAndMakeAscending([Ljava/lang/Object;II)I @ 25

Internal exceptions (10 events):
Event: 8.976 Thread 0x000000001d96c000 Implicit null exception at 0x00000000029ccb72 to 0x00000000029cd75d
Event: 9.202 Thread 0x000000001dc49800 Implicit null exception at 0x00000000029e7fcd to 0x00000000029e8a09
Event: 10.325 Thread 0x000000001dc49800 Exception <a 'java/lang/ArrayIndexOutOfBoundsException': 18> (0x0000000770a369c0) thrown at [C:\re\workspace\8-2-build-windows-amd64-cygwin\jdk8u91\6644\hotspot\src\share\vm\interpreter\interpreterRuntime.cpp, line 366]
Event: 10.326 Thread 0x000000001dc49800 Exception <a 'java/lang/ArrayIndexOutOfBoundsException': 145> (0x0000000770a38540) thrown at [C:\re\workspace\8-2-build-windows-amd64-cygwin\jdk8u91\6644\hotspot\src\share\vm\interpreter\interpreterRuntime.cpp, line 366]
Event: 10.545 Thread 0x000000001dc49800 Exception <a 'java/lang/ArrayIndexOutOfBoundsException'> (0x0000000770a39828) thrown at [C:\re\workspace\8-2-build-windows-amd64-cygwin\jdk8u91\6644\hotspot\src\share\vm\runtime\sharedRuntime.cpp, line 605]
Event: 25.666 Thread 0x0000000002470800 Implicit null exception at 0x00000000026d5e18 to 0x00000000026d67d1
Event: 69.352 Thread 0x000000001e197000 Implicit null exception at 0x00000000031e789e to 0x00000000031ea195
Event: 73.793 Thread 0x000000001e197000 Implicit null exception at 0x0000000002d149f0 to 0x0000000002d15e74
Event: 76.149 Thread 0x000000001e197000 Implicit null exception at 0x0000000002cfbad4 to 0x0000000002cfd3f9
Event: 129.522 Thread 0x000000001dc48800 Implicit null exception at 0x000000000301038c to 0x000000000301048a

Events (10 events):
Event: 130.544 Thread 0x000000001bc47800 flushing nmethod 0x0000000002b2b150
Event: 130.558 Thread 0x000000001d96c000 Uncommon trap: trap_request=0xffffff65 fr.pc=0x000000000291d684
Event: 130.558 Thread 0x000000001d96c000 DEOPT PACKING pc=0x000000000291d684 sp=0x0000000020a1edd0
Event: 130.558 Thread 0x000000001d96c000 DEOPT UNPACKING pc=0x00000000025b582a sp=0x0000000020a1eb30 mode 2
Event: 130.562 Thread 0x000000001bc47800 flushing nmethod 0x0000000002babf10
Event: 130.562 Thread 0x000000001bc47800 flushing nmethod 0x0000000002bba7d0
Event: 130.565 Thread 0x000000001bc47800 flushing nmethod 0x0000000002c03810
Event: 130.565 Thread 0x000000001bc47800 flushing nmethod 0x0000000002c03cd0
Event: 130.565 Thread 0x000000001bc47800 flushing nmethod 0x0000000002c18590
Event: 130.565 Thread 0x000000001bc47800 flushing nmethod 0x0000000002c53190


Dynamic libraries:
0x00007ff7ea5b0000 - 0x00007ff7ea5e7000 	C:\Program Files\Java\jdk1.8.0_91\bin\java.exe
0x00007ffd1c4e0000 - 0x00007ffd1c6a1000 	C:\WINDOWS\SYSTEM32\ntdll.dll
0x00007ffd1b910000 - 0x00007ffd1b9bd000 	C:\WINDOWS\system32\KERNEL32.DLL
0x00007ffd18b90000 - 0x00007ffd18d78000 	C:\WINDOWS\system32\KERNELBASE.dll
0x00007ffd19d90000 - 0x00007ffd19e37000 	C:\WINDOWS\system32\ADVAPI32.dll
0x00007ffd19990000 - 0x00007ffd19a2d000 	C:\WINDOWS\system32\msvcrt.dll
0x00007ffd1bb00000 - 0x00007ffd1bb5b000 	C:\WINDOWS\system32\sechost.dll
0x00007ffd1b9c0000 - 0x00007ffd1badc000 	C:\WINDOWS\system32\RPCRT4.dll
0x00007ffd1bcb0000 - 0x00007ffd1be06000 	C:\WINDOWS\system32\USER32.dll
0x00007ffd19c00000 - 0x00007ffd19d86000 	C:\WINDOWS\system32\GDI32.dll
0x00007ffd0b000000 - 0x00007ffd0b274000 	C:\WINDOWS\WinSxS\amd64_microsoft.windows.common-controls_6595b64144ccf1df_6.0.10586.672_none_a2d6b3cea53ff843\COMCTL32.dll
0x00007ffd1a0c0000 - 0x00007ffd1a33d000 	C:\WINDOWS\system32\combase.dll
0x00007ffd18e30000 - 0x00007ffd18e9a000 	C:\WINDOWS\system32\bcryptPrimitives.dll
0x00007ffd19b00000 - 0x00007ffd19b3b000 	C:\WINDOWS\system32\IMM32.DLL
0x0000000069500000 - 0x00000000695d2000 	C:\Program Files\Java\jdk1.8.0_91\jre\bin\msvcr100.dll
0x0000000069a00000 - 0x000000006a293000 	C:\Program Files\Java\jdk1.8.0_91\jre\bin\server\jvm.dll
0x00007ffd19fa0000 - 0x00007ffd19fa8000 	C:\WINDOWS\system32\PSAPI.DLL
0x00007ffd0eef0000 - 0x00007ffd0eefa000 	C:\WINDOWS\SYSTEM32\VERSION.dll
0x00007ffd156b0000 - 0x00007ffd156b9000 	C:\WINDOWS\SYSTEM32\WSOCK32.dll
0x00007ffd16bd0000 - 0x00007ffd16bf3000 	C:\WINDOWS\SYSTEM32\WINMM.dll
0x00007ffd1c470000 - 0x00007ffd1c4db000 	C:\WINDOWS\system32\WS2_32.dll
0x00000000021f0000 - 0x000000000221c000 	C:\WINDOWS\SYSTEM32\WINMMBASE.dll
0x00007ffd18de0000 - 0x00007ffd18e23000 	C:\WINDOWS\system32\cfgmgr32.dll
0x0000000069910000 - 0x000000006991f000 	C:\Program Files\Java\jdk1.8.0_91\jre\bin\verify.dll
0x00000000698e0000 - 0x0000000069909000 	C:\Program Files\Java\jdk1.8.0_91\jre\bin\java.dll
0x00000000698c0000 - 0x00000000698d6000 	C:\Program Files\Java\jdk1.8.0_91\jre\bin\zip.dll
0x00007ffd1a3b0000 - 0x00007ffd1b90c000 	C:\WINDOWS\system32\SHELL32.dll
0x00007ffd19070000 - 0x00007ffd196b5000 	C:\WINDOWS\system32\windows.storage.dll
0x00007ffd19ba0000 - 0x00007ffd19bf2000 	C:\WINDOWS\system32\shlwapi.dll
0x00007ffd18b30000 - 0x00007ffd18b3f000 	C:\WINDOWS\system32\kernel.appcore.dll
0x00007ffd196c0000 - 0x00007ffd19775000 	C:\WINDOWS\system32\shcore.dll
0x00007ffd18b40000 - 0x00007ffd18b8b000 	C:\WINDOWS\system32\powrprof.dll
0x00007ffd18b00000 - 0x00007ffd18b14000 	C:\WINDOWS\system32\profapi.dll

VM Arguments:
jvm_args: -Djava.awt.headless=true -Xmx4g -Dfile.encoding=windows-1252 -Duser.country=US -Duser.language=en -Duser.variant 
java_command: com.android.dx.command.Main --dex --num-threads=4 --multi-dex --main-dex-list E:\TableBookingApp\app\build\intermediates\multi-dex\debug\maindexlist.txt --output E:\TableBookingApp\app\build\intermediates\transforms\dex\debug\folders\1000\1f\main E:\TableBookingApp\app\build\intermediates\transforms\jarMerging\debug\jars\1\1f\combined.jar
java_class_path (initial): C:\Users\abc\AppData\Local\Android\sdk\build-tools\25.0.2\lib\dx.jar
Launcher Type: SUN_STANDARD

Environment Variables:
PATH=C:\ProgramData\Oracle\Java\javapath;D:\oracle\product\11.2.0\dbhome_1\bin;C:\WINDOWS\system32;C:\WINDOWS;C:\WINDOWS\System32\Wbem;C:\WINDOWS\System32\WindowsPowerShell\v1.0\;C:\Program Files (x86)\Microsoft SQL Server\100\Tools\Binn\;C:\Program Files\Microsoft SQL Server\100\Tools\Binn\;C:\Program Files\Microsoft SQL Server\100\DTS\Binn\;d:\SQLSERVER\120\DTS\Binn\;d:\SQLSERVER\Client SDK\ODBC\110\Tools\Binn\;d:\SQLSERVER\x86\120\Tools\Binn\;d:\SQLSERVER\120\Tools\Binn\;d:\SQLSERVER\x86\110\Tools\Binn\ManagementStudio\;d:\SQLSERVER\x86\110\Tools\Binn\;d:\SQLSERVER\x86\110\DTS\Binn\;C:\Program Files\MATLAB\R2009b\runtime\win64;C:\Program Files\Java\jdk1.8.0_91\bin
USERNAME=MuneebPC
OS=Windows_NT
PROCESSOR_IDENTIFIER=Intel64 Family 6 Model 58 Stepping 9, GenuineIntel



---------------  S Y S T E M  ---------------

OS: Windows 10.0 , 64 bit Build 10586 (10.0.10586.589)

CPU:total 4 (2 cores per cpu, 2 threads per core) family 6 model 58 stepping 9, cmov, cx8, fxsr, mmx, sse, sse2, sse3, ssse3, sse4.1, sse4.2, popcnt, avx, aes, clmul, erms, ht, tsc, tscinvbit, tscinv

Memory: 4k page, physical 4072964k(222112k free), swap 6620960k(5800k free)

vm_info: Java HotSpot(TM) 64-Bit Server VM (25.91-b14) for windows-amd64 JRE (1.8.0_91-b14), built on Apr  1 2016 00:58:32 by "java_re" with MS VC++ 10.0 (VS2010)

time: Sun Jul 23 14:38:36 2017
elapsed time: 132 seconds (0d 0h 2m 12s)

