#
# There is insufficient memory for the Java Runtime Environment to continue.
# Native memory allocation (malloc) failed to allocate 244512 bytes for Chunk::new
# Possible reasons:
#   The system is out of physical RAM or swap space
#   In 32 bit mode, the process size limit was hit
# Possible solutions:
#   Reduce memory load on the system
#   Increase physical memory or swap space
#   Check if swap backing store is full
#   Use 64 bit Java on a 64 bit OS
#   Decrease Java heap size (-Xmx/-Xms)
#   Decrease number of Java threads
#   Decrease Java thread stack sizes (-Xss)
#   Set larger code cache with -XX:ReservedCodeCacheSize=
# This output file may be truncated or incomplete.
#
#  Out of Memory Error (allocation.cpp:390), pid=10092, tid=6072
#
# JRE version: Java(TM) SE Runtime Environment (8.0_91-b14) (build 1.8.0_91-b14)
# Java VM: Java HotSpot(TM) 64-Bit Server VM (25.91-b14 mixed mode windows-amd64 compressed oops)
# Failed to write core dump. Minidumps are not enabled by default on client versions of Windows
#

---------------  T H R E A D  ---------------

Current thread (0x0000000014e11000):  JavaThread "C2 CompilerThread1" daemon [_thread_in_native, id=6072, stack(0x0000000016430000,0x0000000016530000)]

Stack: [0x0000000016430000,0x0000000016530000]
[error occurred during error reporting (printing stack bounds), id 0xc0000005]

Native frames: (J=compiled Java code, j=interpreted, Vv=VM code, C=native code)


Current CompileTask:
C2:    936  698       4       com.android.dx.ssa.SsaBasicBlock::forEachInsn (37 bytes)


---------------  P R O C E S S  ---------------

Java Threads: ( => current thread )
  0x000000001679d800 JavaThread "pool-1-thread-4" [_thread_in_vm, id=4916, stack(0x0000000017030000,0x0000000017130000)]
  0x0000000016799000 JavaThread "pool-1-thread-3" [_thread_blocked, id=8772, stack(0x0000000016f30000,0x0000000017030000)]
  0x0000000016794800 JavaThread "pool-1-thread-2" [_thread_blocked, id=9584, stack(0x0000000016e30000,0x0000000016f30000)]
  0x00000000166da000 JavaThread "pool-2-thread-1" [_thread_blocked, id=2356, stack(0x0000000016d30000,0x0000000016e30000)]
  0x00000000166b5800 JavaThread "pool-1-thread-1" [_thread_blocked, id=10124, stack(0x0000000016c30000,0x0000000016d30000)]
  0x0000000014e17800 JavaThread "Service Thread" daemon [_thread_blocked, id=10652, stack(0x0000000016a30000,0x0000000016b30000)]
  0x0000000016540800 JavaThread "C1 CompilerThread2" daemon [_thread_blocked, id=9352, stack(0x0000000016930000,0x0000000016a30000)]
=>0x0000000014e11000 JavaThread "C2 CompilerThread1" daemon [_thread_in_native, id=6072, stack(0x0000000016430000,0x0000000016530000)]
  0x0000000014dc9800 JavaThread "C2 CompilerThread0" daemon [_thread_blocked, id=10320, stack(0x0000000016330000,0x0000000016430000)]
  0x0000000014dc6800 JavaThread "Attach Listener" daemon [_thread_blocked, id=664, stack(0x0000000016230000,0x0000000016330000)]
  0x0000000014dc5000 JavaThread "Signal Dispatcher" daemon [_thread_blocked, id=2148, stack(0x0000000016130000,0x0000000016230000)]
  0x00000000026ea000 JavaThread "Finalizer" daemon [_thread_blocked, id=6420, stack(0x0000000016030000,0x0000000016130000)]
  0x00000000026df800 JavaThread "Reference Handler" daemon [_thread_blocked, id=3844, stack(0x0000000015f30000,0x0000000016030000)]
  0x00000000025f0800 JavaThread "main" [_thread_blocked, id=4520, stack(0x0000000002300000,0x0000000002400000)]

Other Threads:
  0x0000000014d88000 VMThread [stack: 0x0000000015e30000,0x0000000015f30000] [id=6648]
  0x0000000016546800 WatcherThread [stack: 0x0000000016b30000,0x0000000016c30000] [id=8660]

VM state:not at safepoint (normal execution)

VM Mutex/Monitor currently owned by a thread: None

Heap:
 PSYoungGen      total 18944K, used 16192K [0x00000000eab00000, 0x00000000ec000000, 0x0000000100000000)
  eden space 16384K, 98% used [0x00000000eab00000,0x00000000ebad0228,0x00000000ebb00000)
  from space 2560K, 0% used [0x00000000ebd80000,0x00000000ebd80000,0x00000000ec000000)
  to   space 2560K, 0% used [0x00000000ebb00000,0x00000000ebb00000,0x00000000ebd80000)
 ParOldGen       total 44032K, used 0K [0x00000000c0000000, 0x00000000c2b00000, 0x00000000eab00000)
  object space 44032K, 0% used [0x00000000c0000000,0x00000000c0000000,0x00000000c2b00000)
 Metaspace       used 5665K, capacity 6768K, committed 7040K, reserved 1056768K
  class space    used 589K, capacity 616K, committed 640K, reserved 1048576K

Card table byte_map: [0x0000000011ab0000,0x0000000011cc0000] byte_map_base: 0x00000000114b0000

Marking Bits: (ParMarkBitMap*) 0x000000005a2e2f70
 Begin Bits: [0x0000000012220000, 0x0000000013220000)
 End Bits:   [0x0000000013220000, 0x0000000014220000)

Polling page: 0x0000000000840000

CodeCache: size=245760Kb used=2821Kb max_used=2833Kb free=242938Kb
 bounds [0x00000000026f0000, 0x00000000029c0000, 0x00000000116f0000]
 total_blobs=947 nmethods=683 adapters=176
 compilation: disabled (not enough contiguous free space left)

Compilation events (10 events):
Event: 0.913 Thread 0x0000000014dc9800 nmethod 711 0x00000000029a9c90 code [0x00000000029a9de0, 0x00000000029aa058]
Event: 0.913 Thread 0x0000000014dc9800  717       4       java.util.ArrayList$Itr::<init> (6 bytes)
Event: 0.914 Thread 0x0000000014dc9800 nmethod 717 0x000000000299fcd0 code [0x000000000299fe00, 0x000000000299fe98]
Event: 0.914 Thread 0x0000000014dc9800  705       4       java.util.HashMap::containsKey (18 bytes)
Event: 0.930 Thread 0x0000000014dc9800 nmethod 705 0x00000000029b3e90 code [0x00000000029b4020, 0x00000000029b4978]
Event: 0.930 Thread 0x0000000014dc9800  709       4       java.util.HashSet::contains (9 bytes)
Event: 0.931 Thread 0x0000000014dc9800 nmethod 709 0x00000000029aa390 code [0x00000000029aa4e0, 0x00000000029aa5a8]
Event: 0.931 Thread 0x0000000014dc9800  719       4       java.util.ArrayList::remove (69 bytes)
Event: 0.934 Thread 0x0000000014dc9800 nmethod 719 0x00000000029b5910 code [0x00000000029b5a60, 0x00000000029b5bf8]
Event: 0.934 Thread 0x0000000014dc9800  699       4       java.util.BitSet::<init> (56 bytes)

GC Heap History (0 events):
No events

Deoptimization events (3 events):
Event: 0.794 Thread 0x000000001679d800 Uncommon trap: reason=unstable_if action=reinterpret pc=0x0000000002914d78 method=java.util.HashMap.getNode(ILjava/lang/Object;)Ljava/util/HashMap$Node; @ 62
Event: 0.896 Thread 0x00000000166b5800 Uncommon trap: reason=unstable_if action=reinterpret pc=0x000000000297cb34 method=java.util.BitSet.ensureCapacity(I)V @ 6
Event: 0.901 Thread 0x00000000166b5800 Uncommon trap: reason=unstable_if action=reinterpret pc=0x00000000029a8504 method=com.android.dx.rop.code.RegisterSpec.equals(ILcom/android/dx/rop/type/TypeBearer;Lcom/android/dx/rop/code/LocalItem;)Z @ 16

Internal exceptions (2 events):
Event: 0.137 Thread 0x00000000025f0800 Exception <a 'java/lang/NoSuchMethodError': Method sun.misc.Unsafe.defineClass(Ljava/lang/String;[BII)Ljava/lang/Class; name or signature does not match> (0x00000000eab07cc0) thrown at [C:\re\workspace\8-2-build-windows-amd64-cygwin\jdk8u91\6644\hotspot\srJû0Ÿj’Á?
Event: 0.137 Thread 0x00000000025f0800 Exception <a 'java/lang/NoSuchMethodError': Method sun.misc.Unsafe.prefetchRead(Ljava/lang/Object;J)V name or signature does not match> (0x00000000eab07fa8) thrown at [C:\re\workspace\8-2-build-windows-amd64-cygwin\jdk8u91\6644\hotspot\src\share\vm\prims\j

Events (10 events):
Event: 0.895 loading class java/util/HashMap$ValueIterator
Event: 0.895 loading class java/util/HashMap$ValueIterator done
Event: 0.896 Thread 0x00000000166b5800 Uncommon trap: trap_request=0xffffff65 fr.pc=0x000000000297cb34
Event: 0.896 Thread 0x00000000166b5800 DEOPT PACKING pc=0x000000000297cb34 sp=0x0000000016d2e890
Event: 0.896 Thread 0x00000000166b5800 DEOPT UNPACKING pc=0x000000000273582a sp=0x0000000016d2e778 mode 2
Event: 0.901 Thread 0x00000000166b5800 Uncommon trap: trap_request=0xffffff65 fr.pc=0x00000000029a8504
Event: 0.901 Thread 0x00000000166b5800 DEOPT PACKING pc=0x00000000029a8504 sp=0x0000000016d2e340
Event: 0.901 Thread 0x00000000166b5800 DEOPT UNPACKING pc=0x000000000273582a sp=0x0000000016d2e180 mode 2
Event: 0.904 loading class java/util/ArrayList$1
Event: 0.904 loading class java/util/ArrayList$1 done


Dynamic libraries:
0x00007ff616680000 - 0x00007ff6166b7000 	C:\Program Files\Java\jdk1.8.0_91\bin\java.exe
0x00007ffce13f0000 - 0x00007ffce15b1000 	C:\WINDOWS\SYSTEM32\ntdll.dll
0x00007ffcdf640000 - 0x00007ffcdf6ed000 	C:\WINDOWS\system32\KERNEL32.DLL
0x00007ffcddbc0000 - 0x00007ffcddda8000 	C:\WINDOWS\system32\KERNELBASE.dll
0x00007ffcdfcd0000 - 0x00007ffcdfd77000 	C:\WINDOWS\system32\ADVAPI32.dll
0x00007ffce12f0000 - 0x00007ffce138d000 	C:\WINDOWS\system32\msvcrt.dll
0x00007ffcdea60000 - 0x00007ffcdeabb000 	C:\WINDOWS\system32\sechost.dll
0x00007ffcdf970000 - 0x00007ffcdfa8c000 	C:\WINDOWS\system32\RPCRT4.dll
0x00007ffcdee90000 - 0x00007ffcdefe6000 	C:\WINDOWS\system32\USER32.dll
0x00007ffcdfb40000 - 0x00007ffcdfcc6000 	C:\WINDOWS\system32\GDI32.dll
0x00007ffccf520000 - 0x00007ffccf794000 	C:\WINDOWS\WinSxS\amd64_microsoft.windows.common-controls_6595b64144ccf1df_6.0.10586.672_none_a2d6b3cea53ff843\COMCTL32.dll
0x00007ffcdeac0000 - 0x00007ffcded3d000 	C:\WINDOWS\system32\combase.dll
0x00007ffcddaf0000 - 0x00007ffcddb5a000 	C:\WINDOWS\system32\bcryptPrimitives.dll
0x00007ffcdf910000 - 0x00007ffcdf94b000 	C:\WINDOWS\system32\IMM32.DLL
0x0000000059620000 - 0x00000000596f2000 	C:\Program Files\Java\jdk1.8.0_91\jre\bin\msvcr100.dll
0x0000000059ad0000 - 0x000000005a363000 	C:\Program Files\Java\jdk1.8.0_91\jre\bin\server\jvm.dll
0x00007ffcdf760000 - 0x00007ffcdf768000 	C:\WINDOWS\system32\PSAPI.DLL
0x00007ffcd38e0000 - 0x00007ffcd38e9000 	C:\WINDOWS\SYSTEM32\WSOCK32.dll
0x00007ffcdf840000 - 0x00007ffcdf8ab000 	C:\WINDOWS\system32\WS2_32.dll
0x00007ffcdbc60000 - 0x00007ffcdbc83000 	C:\WINDOWS\SYSTEM32\WINMM.dll
0x00007ffcd4b70000 - 0x00007ffcd4b7a000 	C:\WINDOWS\SYSTEM32\VERSION.dll
0x00007ffcdbc30000 - 0x00007ffcdbc5c000 	C:\WINDOWS\SYSTEM32\WINMMBASE.dll
0x00007ffcddaa0000 - 0x00007ffcddae3000 	C:\WINDOWS\system32\cfgmgr32.dll
0x000000005a770000 - 0x000000005a77f000 	C:\Program Files\Java\jdk1.8.0_91\jre\bin\verify.dll
0x000000005a740000 - 0x000000005a769000 	C:\Program Files\Java\jdk1.8.0_91\jre\bin\java.dll
0x000000005a480000 - 0x000000005a496000 	C:\Program Files\Java\jdk1.8.0_91\jre\bin\zip.dll
0x00007ffcdfd90000 - 0x00007ffce12ec000 	C:\WINDOWS\system32\SHELL32.dll
0x00007ffcde110000 - 0x00007ffcde755000 	C:\WINDOWS\system32\windows.storage.dll
0x00007ffcdf8b0000 - 0x00007ffcdf902000 	C:\WINDOWS\system32\shlwapi.dll
0x00007ffcdda30000 - 0x00007ffcdda3f000 	C:\WINDOWS\system32\kernel.appcore.dll
0x00007ffcde050000 - 0x00007ffcde105000 	C:\WINDOWS\system32\shcore.dll
0x00007ffcdda50000 - 0x00007ffcdda9b000 	C:\WINDOWS\system32\powrprof.dll
0x00007ffcdda10000 - 0x00007ffcdda24000 	C:\WINDOWS\system32\profapi.dll

VM Arguments:
jvm_args: -Djava.awt.headless=true -Xmx1024M -Dfile.encoding=windows-1252 -Duser.country=US -Duser.language=en -Duser.variant 
java_command: com.android.dx.command.Main --dex --num-threads=4 --output E:\TableBookingApp\app\build\intermediates\pre-dexed\debug\com.android.support-support-fragment-25.2.0_0b8d9d7ff1cfb79999607db1d8cb2de0341a991e.jar E:\TableBookingApp\app\build\intermediates\exploded-aar\com.android.support\support-fragment\25.2.0\jars\classes.jar
java_class_path (initial): C:\Users\abc\AppData\Local\Android\sdk\build-tools\25.0.2\lib\dx.jar
Launcher Type: SUN_STANDARD

Environment Variables:
PATH=C:\ProgramData\Oracle\Java\javapath;D:\oracle\product\11.2.0\dbhome_1\bin;C:\WINDOWS\system32;C:\WINDOWS;C:\WINDOWS\System32\Wbem;C:\WINDOWS\System32\WindowsPowerShell\v1.0\;C:\Program Files (x86)\Microsoft SQL Server\100\Tools\Binn\;C:\Program Files\Microsoft SQL Server\100\Tools\Binn\;C:\Program Files\Microsoft SQL Server\100\DTS\Binn\;d:\SQLSERVER\120\DTS\Binn\;d:\SQLSERVER\Client SDK\ODBC\110\Tools\Binn\;d:\SQLSERVER\x86\120\Tools\Binn\;d:\SQLSERVER\120\Tools\Binn\;d:\SQLSERVER\x86\110\Tools\Binn\ManagementStudio\;d:\SQLSERVER\x86\110\Tools\Binn\;d:\SQLSERVER\x86\110\DTS\Binn\;C:\Program Files\MATLAB\R2009b\runtime\win64;C:\Program Files\Java\jdk1.8.0_91\bin
USERNAME=MuneebPC
OS=Windows_NT
PROCESSOR_IDENTIFIER=Intel64 Family 6 Model 58 Stepping 9, GenuineIntel



---------------  S Y S T E M  ---------------

OS: Windows 10.0 , 64 bit Build 10586 (10.0.10586.589)

CPU:total 4 (2 cores per cpu, 2 threads per core) family 6 model 58 stepping 9, cmov, cx8, fxsr, mmx, sse, sse2, sse3, ssse3, sse4.1, sse4.2, popcnt, avx, aes, clmul, erms, ht, tsc, tscinvbit, tscinv

Memory: 4k page, physical 4072964k(444412k free), swap 5712656k(1820k free)

vm_info: Java HotSpot(TM) 64-Bit Server VM (25.91-b14) for windows-amd64 JRE (1.8.0_91-b14), built on Apr  1 2016 00:58:32 by "java_re" with MS VC++ 10.0 (VS2010)

time: Mon May 15 15:37:22 2017
elapsed time: 0 seconds (0d 0h 0m 0s)

