#
# There is insufficient memory for the Java Runtime Environment to continue.
# Native memory allocation (malloc) failed to allocate 32744 bytes for ChunkPool::allocate
# Possible reasons:
#   The system is out of physical RAM or swap space
#   In 32 bit mode, the process size limit was hit
# Possible solutions:
#   Reduce memory load on the system
#   Increase physical memory or swap space
#   Check if swap backing store is full
#   Use 64 bit Java on a 64 bit OS
#   Decrease Java heap size (-Xmx/-Xms)
#   Decrease number of Java threads
#   Decrease Java thread stack sizes (-Xss)
#   Set larger code cache with -XX:ReservedCodeCacheSize=
# This output file may be truncated or incomplete.
#
#  Out of Memory Error (allocation.cpp:273), pid=4264, tid=1440
#
# JRE version: Java(TM) SE Runtime Environment (8.0_91-b14) (build 1.8.0_91-b14)
# Java VM: Java HotSpot(TM) 64-Bit Server VM (25.91-b14 mixed mode windows-amd64 compressed oops)
# Failed to write core dump. Minidumps are not enabled by default on client versions of Windows
#

---------------  T H R E A D  ---------------

Current thread (0x00000000152b6000):  JavaThread "C1 CompilerThread2" daemon [_thread_in_native, id=1440, stack(0x0000000016ef0000,0x0000000016ff0000)]

Stack: [0x0000000016ef0000,0x0000000016ff0000]
[error occurred during error reporting (printing stack bounds), id 0xc0000005]

Native frames: (J=compiled Java code, j=interpreted, Vv=VM code, C=native code)


Current CompileTask:
C1:   1747  434   !   3       com.android.dx.cf.code.BytecodeArray::parseInstruction (2764 bytes)


---------------  P R O C E S S  ---------------

Java Threads: ( => current thread )
  0x0000000016ca8000 JavaThread "pool-1-thread-4" [_thread_blocked, id=4960, stack(0x00000000175f0000,0x00000000176f0000)]
  0x0000000016cb2800 JavaThread "pool-1-thread-2" [_thread_in_vm, id=6588, stack(0x00000000173f0000,0x00000000174f0000)]
  0x0000000016c9b000 JavaThread "pool-2-thread-1" [_thread_blocked, id=6884, stack(0x00000000172f0000,0x00000000173f0000)]
  0x000000001530c000 JavaThread "Service Thread" daemon [_thread_blocked, id=8360, stack(0x0000000016ff0000,0x00000000170f0000)]
=>0x00000000152b6000 JavaThread "C1 CompilerThread2" daemon [_thread_in_native, id=1440, stack(0x0000000016ef0000,0x0000000016ff0000)]
  0x00000000152bd800 JavaThread "C2 CompilerThread1" daemon [_thread_in_native, id=10964, stack(0x00000000169f0000,0x0000000016af0000)]
  0x00000000152bb800 JavaThread "C2 CompilerThread0" daemon [_thread_in_native, id=4732, stack(0x00000000168f0000,0x00000000169f0000)]
  0x00000000152b9000 JavaThread "Attach Listener" daemon [_thread_blocked, id=9412, stack(0x00000000167f0000,0x00000000168f0000)]
  0x00000000152b8000 JavaThread "Signal Dispatcher" daemon [_thread_blocked, id=5416, stack(0x00000000166f0000,0x00000000167f0000)]
  0x000000001529a000 JavaThread "Finalizer" daemon [_thread_blocked, id=10556, stack(0x0000000016510000,0x0000000016610000)]
  0x0000000015278800 JavaThread "Reference Handler" daemon [_thread_blocked, id=9196, stack(0x0000000016410000,0x0000000016510000)]
  0x0000000002ae0800 JavaThread "main" [_thread_blocked, id=6756, stack(0x0000000002930000,0x0000000002a30000)]

Other Threads:
  0x0000000015278000 VMThread [stack: 0x0000000016310000,0x0000000016410000] [id=6872]
  0x0000000016afd800 WatcherThread [stack: 0x00000000170f0000,0x00000000171f0000] [id=3820]

VM state:not at safepoint (normal execution)

VM Mutex/Monitor currently owned by a thread: None

Heap:
 PSYoungGen      total 18944K, used 7173K [0x00000000eab00000, 0x00000000ec000000, 0x0000000100000000)
  eden space 16384K, 43% used [0x00000000eab00000,0x00000000eb201598,0x00000000ebb00000)
  from space 2560K, 0% used [0x00000000ebb00000,0x00000000ebb00000,0x00000000ebd80000)
  to   space 2560K, 0% used [0x00000000ebd80000,0x00000000ebd80000,0x00000000ec000000)
 ParOldGen       total 31232K, used 1793K [0x00000000c0000000, 0x00000000c1e80000, 0x00000000eab00000)
  object space 31232K, 5% used [0x00000000c0000000,0x00000000c01c0548,0x00000000c1e80000)
 Metaspace       used 5592K, capacity 6580K, committed 6784K, reserved 1058816K
  class space    used 594K, capacity 620K, committed 640K, reserved 1048576K

Card table byte_map: [0x0000000011fa0000,0x00000000121b0000] byte_map_base: 0x00000000119a0000

Marking Bits: (ParMarkBitMap*) 0x000000005a2e2f70
 Begin Bits: [0x0000000012710000, 0x0000000013710000)
 End Bits:   [0x0000000013710000, 0x0000000014710000)

Polling page: 0x0000000000ee0000

CodeCache: size=245760Kb used=1964Kb max_used=1984Kb free=243795Kb
 bounds [0x0000000002be0000, 0x0000000002e50000, 0x0000000011be0000]
 total_blobs=723 nmethods=455 adapters=181
 compilation: enabled

Compilation events (10 events):
Event: 1.552 Thread 0x00000000152bd800  468       4       java.util.ArrayList::add (29 bytes)
Event: 1.554 Thread 0x00000000152bb800 nmethod 458 0x0000000002dc9750 code [0x0000000002dc98c0, 0x0000000002dc9d08]
Event: 1.554 Thread 0x00000000152bb800  472       4       java.util.ArrayList::ensureExplicitCapacity (26 bytes)
Event: 1.557 Thread 0x00000000152bb800 nmethod 472 0x0000000002dc61d0 code [0x0000000002dc6320, 0x0000000002dc6578]
Event: 1.557 Thread 0x00000000152bd800 nmethod 468 0x0000000002dc9090 code [0x0000000002dc91e0, 0x0000000002dc94f8]
Event: 1.558 Thread 0x00000000152bb800  475       4       java.util.BitSet::nextSetBit (102 bytes)
Event: 1.559 Thread 0x00000000152bd800  478   !   4       com.android.dx.util.IntList::get (36 bytes)
Event: 1.559 Thread 0x00000000152bb800 nmethod 475 0x0000000002dcee90 code [0x0000000002dcefe0, 0x0000000002dcf0f8]
Event: 1.560 Thread 0x00000000152bd800 nmethod 478 0x0000000002dc8d50 code [0x0000000002dc8e80, 0x0000000002dc8f38]
Event: 1.564 Thread 0x00000000152bb800  482       4       java.util.HashMap::get (23 bytes)

GC Heap History (4 events):
Event: 1.402 GC heap before
{Heap before GC invocations=1 (full 0):
 PSYoungGen      total 18944K, used 6268K [0x00000000eab00000, 0x00000000ec000000, 0x0000000100000000)
  eden space 16384K, 38% used [0x00000000eab00000,0x00000000eb11f148,0x00000000ebb00000)
  from space 2560K, 0% used [0x00000000ebd80000,0x00000000ebd80000,0x00000000ec000000)
  to   space 2560K, 0% used [0x00000000ebb00000,0x00000000ebb00000,0x00000000ebd80000)
 ParOldGen       total 44032K, used 0K [0x00000000c0000000, 0x00000000c2b00000, 0x00000000eab00000)
  object space 44032K, 0% used [0x00000000c0000000,0x00000000c0000000,0x00000000c2b00000)
 Metaspace       used 4517K, capacity 5584K, committed 5760K, reserved 1060864K
  class space    used 498K, capacity 520K, committed 640K, reserved 1048576K
Event: 1.405 GC heap after
Heap after GC invocations=1 (full 0):
 PSYoungGen      total 18944K, used 1950K [0x00000000eab00000, 0x00000000ec000000, 0x0000000100000000)
  eden space 16384K, 0% used [0x00000000eab00000,0x00000000eab00000,0x00000000ebb00000)
  from space 2560K, 76% used [0x00000000ebb00000,0x00000000ebce7b18,0x00000000ebd80000)
  to   space 2560K, 0% used [0x00000000ebd80000,0x00000000ebd80000,0x00000000ec000000)
 ParOldGen       total 44032K, used 8K [0x00000000c0000000, 0x00000000c2b00000, 0x00000000eab00000)
  object space 44032K, 0% used [0x00000000c0000000,0x00000000c0002000,0x00000000c2b00000)
 Metaspace       used 4517K, capacity 5584K, committed 5760K, reserved 1060864K
  class space    used 498K, capacity 520K, committed 640K, reserved 1048576K
}
Event: 1.405 GC heap before
{Heap before GC invocations=2 (full 1):
 PSYoungGen      total 18944K, used 1950K [0x00000000eab00000, 0x00000000ec000000, 0x0000000100000000)
  eden space 16384K, 0% used [0x00000000eab00000,0x00000000eab00000,0x00000000ebb00000)
  from space 2560K, 76% used [0x00000000ebb00000,0x00000000ebce7b18,0x00000000ebd80000)
  to   space 2560K, 0% used [0x00000000ebd80000,0x00000000ebd80000,0x00000000ec000000)
 ParOldGen       total 44032K, used 8K [0x00000000c0000000, 0x00000000c2b00000, 0x00000000eab00000)
  object space 44032K, 0% used [0x00000000c0000000,0x00000000c0002000,0x00000000c2b00000)
 Metaspace       used 4517K, capacity 5584K, committed 5760K, reserved 1060864K
  class space    used 498K, capacity 520K, committed 640K, reserved 1048576K
Event: 1.417 GC heap after
Heap after GC invocations=2 (full 1):
 PSYoungGen      total 18944K, used 0K [0x00000000eab00000, 0x00000000ec000000, 0x0000000100000000)
  eden space 16384K, 0% used [0x00000000eab00000,0x00000000eab00000,0x00000000ebb00000)
  from space 2560K, 0% used [0x00000000ebb00000,0x00000000ebb00000,0x00000000ebd80000)
  to   space 2560K, 0% used [0x00000000ebd80000,0x00000000ebd80000,0x00000000ec000000)
 ParOldGen       total 31232K, used 1793K [0x00000000c0000000, 0x00000000c1e80000, 0x00000000eab00000)
  object space 31232K, 5% used [0x00000000c0000000,0x00000000c01c0548,0x00000000c1e80000)
 Metaspace       used 4517K, capacity 5584K, committed 5760K, reserved 1058816K
  class space    used 498K, capacity 520K, committed 640K, reserved 1048576K
}

Deoptimization events (1 events):
Event: 1.558 Thread 0x0000000016cb9000 Uncommon trap: reason=unstable_if action=reinterpret pc=0x0000000002dc9c08 method=java.util.HashMap.getNode(ILjava/lang/Object;)Ljava/util/HashMap$Node; @ 129

Internal exceptions (4 events):
Event: 0.052 Thread 0x0000000002ae0800 Exception <a 'java/lang/NoSuchMethodError': Method sun.misc.Unsafe.defineClass(Ljava/lang/String;[BII)Ljava/lang/Class; name or signature does not match> (0x00000000eab07cc0) thrown at [C:\re\workspace\8-2-build-windows-amd64-cygwin\jdk8u91\6644\hotspot\sr«:ò&Sª?
Event: 0.052 Thread 0x0000000002ae0800 Exception <a 'java/lang/NoSuchMethodError': Method sun.misc.Unsafe.prefetchRead(Ljava/lang/Object;J)V name or signature does not match> (0x00000000eab07fa8) thrown at [C:\re\workspace\8-2-build-windows-amd64-cygwin\jdk8u91\6644\hotspot\src\share\vm\prims\jVþ+Ú¤õ?
Event: 1.353 Thread 0x0000000016ca8000 Exception <a 'java/lang/StackOverflowError'> (0x00000000eb028880) thrown at [C:\re\workspace\8-2-build-windows-amd64-cygwin\jdk8u91\6644\hotspot\src\share\vm\interpreter\interpreterRuntime.cpp, line 323]
Event: 1.353 Thread 0x0000000016ca8000 Exception <a 'java/lang/StackOverflowError'> (0x00000000eb028880) thrown at [C:\re\workspace\8-2-build-windows-amd64-cygwin\jdk8u91\6644\hotspot\src\share\vm\prims\jvm.cpp, line 1390]

Events (10 events):
Event: 1.540 loading class java/util/HashMap$Values done
Event: 1.540 loading class java/util/HashMap$ValueIterator
Event: 1.540 loading class java/util/HashMap$ValueIterator done
Event: 1.550 loading class com/android/dx/dex/file/FieldAnnotationStruct
Event: 1.550 loading class com/android/dx/dex/file/FieldAnnotationStruct done
Event: 1.558 Thread 0x0000000016cb9000 Uncommon trap: trap_request=0xffffff65 fr.pc=0x0000000002dc9c08
Event: 1.558 Thread 0x0000000016cb9000 DEOPT PACKING pc=0x0000000002dc9c08 sp=0x00000000175ee570
Event: 1.558 Thread 0x0000000016cb9000 DEOPT UNPACKING pc=0x0000000002c2582a sp=0x00000000175ee4f8 mode 2
Event: 1.564 loading class com/android/dx/rop/code/RegOps
Event: 1.564 loading class com/android/dx/rop/code/RegOps done


Dynamic libraries:
0x00007ff616680000 - 0x00007ff6166b7000 	C:\Program Files\Java\jdk1.8.0_91\bin\java.exe
0x00007ffce13f0000 - 0x00007ffce15b1000 	C:\WINDOWS\SYSTEM32\ntdll.dll
0x00007ffcdf640000 - 0x00007ffcdf6ed000 	C:\WINDOWS\system32\KERNEL32.DLL
0x00007ffcddbc0000 - 0x00007ffcddda8000 	C:\WINDOWS\system32\KERNELBASE.dll
0x00007ffcdfcd0000 - 0x00007ffcdfd77000 	C:\WINDOWS\system32\ADVAPI32.dll
0x00007ffce12f0000 - 0x00007ffce138d000 	C:\WINDOWS\system32\msvcrt.dll
0x00007ffcdea60000 - 0x00007ffcdeabb000 	C:\WINDOWS\system32\sechost.dll
0x00007ffcdf970000 - 0x00007ffcdfa8c000 	C:\WINDOWS\system32\RPCRT4.dll
0x00007ffcdee90000 - 0x00007ffcdefe6000 	C:\WINDOWS\system32\USER32.dll
0x00007ffcdfb40000 - 0x00007ffcdfcc6000 	C:\WINDOWS\system32\GDI32.dll
0x00007ffccf520000 - 0x00007ffccf794000 	C:\WINDOWS\WinSxS\amd64_microsoft.windows.common-controls_6595b64144ccf1df_6.0.10586.672_none_a2d6b3cea53ff843\COMCTL32.dll
0x00007ffcdeac0000 - 0x00007ffcded3d000 	C:\WINDOWS\system32\combase.dll
0x00007ffcddaf0000 - 0x00007ffcddb5a000 	C:\WINDOWS\system32\bcryptPrimitives.dll
0x00007ffcdf910000 - 0x00007ffcdf94b000 	C:\WINDOWS\system32\IMM32.DLL
0x0000000059620000 - 0x00000000596f2000 	C:\Program Files\Java\jdk1.8.0_91\jre\bin\msvcr100.dll
0x0000000059ad0000 - 0x000000005a363000 	C:\Program Files\Java\jdk1.8.0_91\jre\bin\server\jvm.dll
0x00007ffcdf760000 - 0x00007ffcdf768000 	C:\WINDOWS\system32\PSAPI.DLL
0x00007ffcd38e0000 - 0x00007ffcd38e9000 	C:\WINDOWS\SYSTEM32\WSOCK32.dll
0x00007ffcdf840000 - 0x00007ffcdf8ab000 	C:\WINDOWS\system32\WS2_32.dll
0x00007ffcdbc60000 - 0x00007ffcdbc83000 	C:\WINDOWS\SYSTEM32\WINMM.dll
0x00007ffcd4b70000 - 0x00007ffcd4b7a000 	C:\WINDOWS\SYSTEM32\VERSION.dll
0x00007ffcdbc30000 - 0x00007ffcdbc5c000 	C:\WINDOWS\SYSTEM32\WINMMBASE.dll
0x00007ffcddaa0000 - 0x00007ffcddae3000 	C:\WINDOWS\system32\cfgmgr32.dll
0x000000005a770000 - 0x000000005a77f000 	C:\Program Files\Java\jdk1.8.0_91\jre\bin\verify.dll
0x000000005a740000 - 0x000000005a769000 	C:\Program Files\Java\jdk1.8.0_91\jre\bin\java.dll
0x000000005a480000 - 0x000000005a496000 	C:\Program Files\Java\jdk1.8.0_91\jre\bin\zip.dll
0x00007ffcdfd90000 - 0x00007ffce12ec000 	C:\WINDOWS\system32\SHELL32.dll
0x00007ffcde110000 - 0x00007ffcde755000 	C:\WINDOWS\system32\windows.storage.dll
0x00007ffcdf8b0000 - 0x00007ffcdf902000 	C:\WINDOWS\system32\shlwapi.dll
0x00007ffcdda30000 - 0x00007ffcdda3f000 	C:\WINDOWS\system32\kernel.appcore.dll
0x00007ffcde050000 - 0x00007ffcde105000 	C:\WINDOWS\system32\shcore.dll
0x00007ffcdda50000 - 0x00007ffcdda9b000 	C:\WINDOWS\system32\powrprof.dll
0x00007ffcdda10000 - 0x00007ffcdda24000 	C:\WINDOWS\system32\profapi.dll

VM Arguments:
jvm_args: -Djava.awt.headless=true -Xmx1024M -Dfile.encoding=windows-1252 -Duser.country=US -Duser.language=en -Duser.variant 
java_command: com.android.dx.command.Main --dex --num-threads=4 --output E:\TableBookingApp\app\build\intermediates\pre-dexed\debug\com.google.android.gms-play-services-panorama-10.0.1_cdf78163a219defea0bbf2574c0a9b99297cee81.jar E:\TableBookingApp\app\build\intermediates\exploded-aar\com.google.android.gms\play-services-panorama\10.0.1\jars\classes.jar
java_class_path (initial): C:\Users\abc\AppData\Local\Android\sdk\build-tools\25.0.2\lib\dx.jar
Launcher Type: SUN_STANDARD

Environment Variables:
PATH=C:\ProgramData\Oracle\Java\javapath;D:\oracle\product\11.2.0\dbhome_1\bin;C:\WINDOWS\system32;C:\WINDOWS;C:\WINDOWS\System32\Wbem;C:\WINDOWS\System32\WindowsPowerShell\v1.0\;C:\Program Files (x86)\Microsoft SQL Server\100\Tools\Binn\;C:\Program Files\Microsoft SQL Server\100\Tools\Binn\;C:\Program Files\Microsoft SQL Server\100\DTS\Binn\;d:\SQLSERVER\120\DTS\Binn\;d:\SQLSERVER\Client SDK\ODBC\110\Tools\Binn\;d:\SQLSERVER\x86\120\Tools\Binn\;d:\SQLSERVER\120\Tools\Binn\;d:\SQLSERVER\x86\110\Tools\Binn\ManagementStudio\;d:\SQLSERVER\x86\110\Tools\Binn\;d:\SQLSERVER\x86\110\DTS\Binn\;C:\Program Files\MATLAB\R2009b\runtime\win64;C:\Program Files\Java\jdk1.8.0_91\bin
USERNAME=MuneebPC
OS=Windows_NT
PROCESSOR_IDENTIFIER=Intel64 Family 6 Model 58 Stepping 9, GenuineIntel



---------------  S Y S T E M  ---------------

OS: Windows 10.0 , 64 bit Build 10586 (10.0.10586.589)

CPU:total 4 (2 cores per cpu, 2 threads per core) family 6 model 58 stepping 9, cmov, cx8, fxsr, mmx, sse, sse2, sse3, ssse3, sse4.1, sse4.2, popcnt, avx, aes, clmul, erms, ht, tsc, tscinvbit, tscinv

Memory: 4k page, physical 4072964k(417536k free), swap 5712656k(12008k free)

vm_info: Java HotSpot(TM) 64-Bit Server VM (25.91-b14) for windows-amd64 JRE (1.8.0_91-b14), built on Apr  1 2016 00:58:32 by "java_re" with MS VC++ 10.0 (VS2010)

time: Mon May 15 15:37:38 2017
elapsed time: 1 seconds (0d 0h 0m 1s)

