#
# There is insufficient memory for the Java Runtime Environment to continue.
# Native memory allocation (malloc) failed to allocate 2168448 bytes for Chunk::new
# Possible reasons:
#   The system is out of physical RAM or swap space
#   In 32 bit mode, the process size limit was hit
# Possible solutions:
#   Reduce memory load on the system
#   Increase physical memory or swap space
#   Check if swap backing store is full
#   Use 64 bit Java on a 64 bit OS
#   Decrease Java heap size (-Xmx/-Xms)
#   Decrease number of Java threads
#   Decrease Java thread stack sizes (-Xss)
#   Set larger code cache with -XX:ReservedCodeCacheSize=
# This output file may be truncated or incomplete.
#
#  Out of Memory Error (allocation.cpp:390), pid=6696, tid=4808
#
# JRE version: Java(TM) SE Runtime Environment (8.0_91-b14) (build 1.8.0_91-b14)
# Java VM: Java HotSpot(TM) 64-Bit Server VM (25.91-b14 mixed mode windows-amd64 compressed oops)
# Failed to write core dump. Minidumps are not enabled by default on client versions of Windows
#

---------------  T H R E A D  ---------------

Current thread (0x00000000157de000):  JavaThread "C2 CompilerThread1" daemon [_thread_in_native, id=4808, stack(0x0000000016f10000,0x0000000017010000)]

Stack: [0x0000000016f10000,0x0000000017010000]
[error occurred during error reporting (printing stack bounds), id 0xc0000005]

Native frames: (J=compiled Java code, j=interpreted, Vv=VM code, C=native code)


Current CompileTask:
C2:   4653 2069   !   4       com.android.dx.cf.cst.ConstantPoolParser::parse0 (731 bytes)


---------------  P R O C E S S  ---------------

Java Threads: ( => current thread )
  0x00000000178dd000 JavaThread "pool-2-thread-4" [_thread_blocked, id=10248, stack(0x0000000018310000,0x0000000018410000)]
  0x00000000178dc800 JavaThread "pool-2-thread-3" [_thread_in_Java, id=10144, stack(0x0000000018210000,0x0000000018310000)]
  0x00000000177c9000 JavaThread "pool-2-thread-2" [_thread_in_Java, id=7680, stack(0x0000000018110000,0x0000000018210000)]
  0x000000001786a800 JavaThread "pool-3-thread-1" [_thread_blocked, id=11108, stack(0x0000000018010000,0x0000000018110000)]
  0x000000001786a000 JavaThread "pool-2-thread-1" [_thread_in_Java, id=6888, stack(0x0000000017f10000,0x0000000018010000)]
  0x000000001713d000 JavaThread "Service Thread" daemon [_thread_blocked, id=2432, stack(0x0000000017510000,0x0000000017610000)]
  0x00000000157df000 JavaThread "C1 CompilerThread2" daemon [_thread_blocked, id=10560, stack(0x0000000017010000,0x0000000017110000)]
=>0x00000000157de000 JavaThread "C2 CompilerThread1" daemon [_thread_in_native, id=4808, stack(0x0000000016f10000,0x0000000017010000)]
  0x00000000157ea800 JavaThread "C2 CompilerThread0" daemon [_thread_in_native, id=1580, stack(0x0000000016e10000,0x0000000016f10000)]
  0x00000000157e7800 JavaThread "Attach Listener" daemon [_thread_blocked, id=6612, stack(0x0000000016d10000,0x0000000016e10000)]
  0x00000000157e6000 JavaThread "Signal Dispatcher" daemon [_thread_blocked, id=2108, stack(0x0000000016c10000,0x0000000016d10000)]
  0x00000000157ca800 JavaThread "Finalizer" daemon [_thread_blocked, id=7876, stack(0x0000000016a30000,0x0000000016b30000)]
  0x00000000030ff800 JavaThread "Reference Handler" daemon [_thread_blocked, id=8472, stack(0x0000000016930000,0x0000000016a30000)]
  0x0000000003010800 JavaThread "main" [_thread_in_Java, id=7560, stack(0x0000000002e20000,0x0000000002f20000)]

Other Threads:
  0x00000000157a8000 VMThread [stack: 0x0000000016830000,0x0000000016930000] [id=6980]
  0x0000000017170000 WatcherThread [stack: 0x0000000017610000,0x0000000017710000] [id=2376]

VM state:not at safepoint (normal execution)

VM Mutex/Monitor currently owned by a thread: None

Heap:
 PSYoungGen      total 135168K, used 83165K [0x00000000eab00000, 0x00000000f4000000, 0x0000000100000000)
  eden space 124416K, 58% used [0x00000000eab00000,0x00000000ef1b8e68,0x00000000f2480000)
  from space 10752K, 99% used [0x00000000f2480000,0x00000000f2efe5d8,0x00000000f2f00000)
  to   space 4096K, 0% used [0x00000000f2f00000,0x00000000f2f00000,0x00000000f3300000)
 ParOldGen       total 96768K, used 55824K [0x00000000c0000000, 0x00000000c5e80000, 0x00000000eab00000)
  object space 96768K, 57% used [0x00000000c0000000,0x00000000c36840a8,0x00000000c5e80000)
 Metaspace       used 6599K, capacity 7320K, committed 7680K, reserved 1056768K
  class space    used 626K, capacity 656K, committed 768K, reserved 1048576K

Card table byte_map: [0x00000000124d0000,0x00000000126e0000] byte_map_base: 0x0000000011ed0000

Marking Bits: (ParMarkBitMap*) 0x000000005a2e2f70
 Begin Bits: [0x0000000012c40000, 0x0000000013c40000)
 End Bits:   [0x0000000013c40000, 0x0000000014c40000)

Polling page: 0x0000000002e00000

CodeCache: size=245760Kb used=8551Kb max_used=8561Kb free=237208Kb
 bounds [0x0000000003110000, 0x0000000003980000, 0x0000000012110000]
 total_blobs=2326 nmethods=2056 adapters=182
 compilation: enabled

Compilation events (10 events):
Event: 4.366 Thread 0x00000000157df000 nmethod 2129 0x000000000392a2d0 code [0x000000000392a440, 0x000000000392a5a8]
Event: 4.366 Thread 0x00000000157df000 2130       2       com.android.dx.rop.cst.CstArray::<init> (28 bytes)
Event: 4.367 Thread 0x00000000157df000 nmethod 2130 0x0000000003929c90 code [0x0000000003929e20, 0x000000000392a118]
Event: 4.473 Thread 0x00000000157ea800 nmethod 2106 0x000000000396a490 code [0x000000000396a940, 0x000000000396e9c0]
Event: 4.473 Thread 0x00000000157ea800 2120       4       java.util.HashMap::get (23 bytes)
Event: 4.479 Thread 0x00000000157ea800 nmethod 2120 0x0000000003929510 code [0x0000000003929680, 0x0000000003929938]
Event: 4.479 Thread 0x00000000157ea800 2132   !   4       com.android.dx.cf.code.BytecodeArray::parseInstruction (2764 bytes)
Event: 4.548 Thread 0x00000000157df000 2137       2       com.android.dx.ssa.back.FirstFitLocalCombiningAllocator$Alignment$2::nextClearBit (26 bytes)
Event: 4.548 Thread 0x00000000157df000 nmethod 2137 0x0000000003929050 code [0x00000000039291c0, 0x00000000039293d8]
Event: 4.623 Thread 0x00000000157df000 2139       2       com.android.dx.cf.direct.AnnotationParser::parseAnnotationsList (146 bytes)

GC Heap History (10 events):
Event: 1.522 GC heap before
{Heap before GC invocations=6 (full 0):
 PSYoungGen      total 68096K, used 68078K [0x00000000eab00000, 0x00000000f3300000, 0x0000000100000000)
  eden space 65536K, 100% used [0x00000000eab00000,0x00000000eeb00000,0x00000000eeb00000)
  from space 2560K, 99% used [0x00000000eeb00000,0x00000000eed7b808,0x00000000eed80000)
  to   space 4096K, 0% used [0x00000000f2f00000,0x00000000f2f00000,0x00000000f3300000)
 ParOldGen       total 44032K, used 1735K [0x00000000c0000000, 0x00000000c2b00000, 0x00000000eab00000)
  object space 44032K, 3% used [0x00000000c0000000,0x00000000c01b1f98,0x00000000c2b00000)
 Metaspace       used 6281K, capacity 7154K, committed 7296K, reserved 1056768K
  class space    used 605K, capacity 618K, committed 640K, reserved 1048576K
Event: 1.551 GC heap after
Heap after GC invocations=6 (full 0):
 PSYoungGen      total 128512K, used 4093K [0x00000000eab00000, 0x00000000f4000000, 0x0000000100000000)
  eden space 124416K, 0% used [0x00000000eab00000,0x00000000eab00000,0x00000000f2480000)
  from space 4096K, 99% used [0x00000000f2f00000,0x00000000f32ff7c0,0x00000000f3300000)
  to   space 10752K, 0% used [0x00000000f2480000,0x00000000f2480000,0x00000000f2f00000)
 ParOldGen       total 44032K, used 12374K [0x00000000c0000000, 0x00000000c2b00000, 0x00000000eab00000)
  object space 44032K, 28% used [0x00000000c0000000,0x00000000c0c15a88,0x00000000c2b00000)
 Metaspace       used 6281K, capacity 7154K, committed 7296K, reserved 1056768K
  class space    used 605K, capacity 618K, committed 640K, reserved 1048576K
}
Event: 2.360 GC heap before
{Heap before GC invocations=7 (full 0):
 PSYoungGen      total 128512K, used 128509K [0x00000000eab00000, 0x00000000f4000000, 0x0000000100000000)
  eden space 124416K, 100% used [0x00000000eab00000,0x00000000f2480000,0x00000000f2480000)
  from space 4096K, 99% used [0x00000000f2f00000,0x00000000f32ff7c0,0x00000000f3300000)
  to   space 10752K, 0% used [0x00000000f2480000,0x00000000f2480000,0x00000000f2f00000)
 ParOldGen       total 44032K, used 12374K [0x00000000c0000000, 0x00000000c2b00000, 0x00000000eab00000)
  object space 44032K, 28% used [0x00000000c0000000,0x00000000c0c15a88,0x00000000c2b00000)
 Metaspace       used 6469K, capacity 7192K, committed 7424K, reserved 1056768K
  class space    used 626K, capacity 656K, committed 768K, reserved 1048576K
Event: 2.398 GC heap after
Heap after GC invocations=7 (full 0):
 PSYoungGen      total 135168K, used 10738K [0x00000000eab00000, 0x00000000f4000000, 0x0000000100000000)
  eden space 124416K, 0% used [0x00000000eab00000,0x00000000eab00000,0x00000000f2480000)
  from space 10752K, 99% used [0x00000000f2480000,0x00000000f2efcb98,0x00000000f2f00000)
  to   space 4096K, 0% used [0x00000000f2f00000,0x00000000f2f00000,0x00000000f3300000)
 ParOldGen       total 44032K, used 24385K [0x00000000c0000000, 0x00000000c2b00000, 0x00000000eab00000)
  object space 44032K, 55% used [0x00000000c0000000,0x00000000c17d06d0,0x00000000c2b00000)
 Metaspace       used 6469K, capacity 7192K, committed 7424K, reserved 1056768K
  class space    used 626K, capacity 656K, committed 768K, reserved 1048576K
}
Event: 3.146 GC heap before
{Heap before GC invocations=8 (full 0):
 PSYoungGen      total 135168K, used 135154K [0x00000000eab00000, 0x00000000f4000000, 0x0000000100000000)
  eden space 124416K, 100% used [0x00000000eab00000,0x00000000f2480000,0x00000000f2480000)
  from space 10752K, 99% used [0x00000000f2480000,0x00000000f2efcb98,0x00000000f2f00000)
  to   space 4096K, 0% used [0x00000000f2f00000,0x00000000f2f00000,0x00000000f3300000)
 ParOldGen       total 44032K, used 24385K [0x00000000c0000000, 0x00000000c2b00000, 0x00000000eab00000)
  object space 44032K, 55% used [0x00000000c0000000,0x00000000c17d06d0,0x00000000c2b00000)
 Metaspace       used 6549K, capacity 7256K, committed 7424K, reserved 1056768K
  class space    used 626K, capacity 656K, committed 768K, reserved 1048576K
Event: 3.201 GC heap after
Heap after GC invocations=8 (full 0):
 PSYoungGen      total 128512K, used 4090K [0x00000000eab00000, 0x00000000f4000000, 0x0000000100000000)
  eden space 124416K, 0% used [0x00000000eab00000,0x00000000eab00000,0x00000000f2480000)
  from space 4096K, 99% used [0x00000000f2f00000,0x00000000f32fe898,0x00000000f3300000)
  to   space 10752K, 0% used [0x00000000f2480000,0x00000000f2480000,0x00000000f2f00000)
 ParOldGen       total 50176K, used 50084K [0x00000000c0000000, 0x00000000c3100000, 0x00000000eab00000)
  object space 50176K, 99% used [0x00000000c0000000,0x00000000c30e93c8,0x00000000c3100000)
 Metaspace       used 6549K, capacity 7256K, committed 7424K, reserved 1056768K
  class space    used 626K, capacity 656K, committed 768K, reserved 1048576K
}
Event: 3.201 GC heap before
{Heap before GC invocations=9 (full 1):
 PSYoungGen      total 128512K, used 4090K [0x00000000eab00000, 0x00000000f4000000, 0x0000000100000000)
  eden space 124416K, 0% used [0x00000000eab00000,0x00000000eab00000,0x00000000f2480000)
  from space 4096K, 99% used [0x00000000f2f00000,0x00000000f32fe898,0x00000000f3300000)
  to   space 10752K, 0% used [0x00000000f2480000,0x00000000f2480000,0x00000000f2f00000)
 ParOldGen       total 50176K, used 50084K [0x00000000c0000000, 0x00000000c3100000, 0x00000000eab00000)
  object space 50176K, 99% used [0x00000000c0000000,0x00000000c30e93c8,0x00000000c3100000)
 Metaspace       used 6549K, capacity 7256K, committed 7424K, reserved 1056768K
  class space    used 626K, capacity 656K, committed 768K, reserved 1048576K
Event: 3.571 GC heap after
Heap after GC invocations=9 (full 1):
 PSYoungGen      total 128512K, used 0K [0x00000000eab00000, 0x00000000f4000000, 0x0000000100000000)
  eden space 124416K, 0% used [0x00000000eab00000,0x00000000eab00000,0x00000000f2480000)
  from space 4096K, 0% used [0x00000000f2f00000,0x00000000f2f00000,0x00000000f3300000)
  to   space 10752K, 0% used [0x00000000f2480000,0x00000000f2480000,0x00000000f2f00000)
 ParOldGen       total 96768K, used 49334K [0x00000000c0000000, 0x00000000c5e80000, 0x00000000eab00000)
  object space 96768K, 50% used [0x00000000c0000000,0x00000000c302d900,0x00000000c5e80000)
 Metaspace       used 6549K, capacity 7256K, committed 7424K, reserved 1056768K
  class space    used 626K, capacity 656K, committed 768K, reserved 1048576K
}
Event: 4.266 GC heap before
{Heap before GC invocations=10 (full 1):
 PSYoungGen      total 128512K, used 124416K [0x00000000eab00000, 0x00000000f4000000, 0x0000000100000000)
  eden space 124416K, 100% used [0x00000000eab00000,0x00000000f2480000,0x00000000f2480000)
  from space 4096K, 0% used [0x00000000f2f00000,0x00000000f2f00000,0x00000000f3300000)
  to   space 10752K, 0% used [0x00000000f2480000,0x00000000f2480000,0x00000000f2f00000)
 ParOldGen       total 96768K, used 49334K [0x00000000c0000000, 0x00000000c5e80000, 0x00000000eab00000)
  object space 96768K, 50% used [0x00000000c0000000,0x00000000c302d900,0x00000000c5e80000)
 Metaspace       used 6598K, capacity 7320K, committed 7680K, reserved 1056768K
  class space    used 626K, capacity 656K, committed 768K, reserved 1048576K
Event: 4.307 GC heap after
Heap after GC invocations=10 (full 1):
 PSYoungGen      total 135168K, used 10745K [0x00000000eab00000, 0x00000000f4000000, 0x0000000100000000)
  eden space 124416K, 0% used [0x00000000eab00000,0x00000000eab00000,0x00000000f2480000)
  from space 10752K, 99% used [0x00000000f2480000,0x00000000f2efe5d8,0x00000000f2f00000)
  to   space 4096K, 0% used [0x00000000f2f00000,0x00000000f2f00000,0x00000000f3300000)
 ParOldGen       total 96768K, used 55824K [0x00000000c0000000, 0x00000000c5e80000, 0x00000000eab00000)
  object space 96768K, 57% used [0x00000000c0000000,0x00000000c36840a8,0x00000000c5e80000)
 Metaspace       used 6598K, capacity 7320K, committed 7680K, reserved 1056768K
  class space    used 626K, capacity 656K, committed 768K, reserved 1048576K
}

Deoptimization events (10 events):
Event: 2.629 Thread 0x00000000178dc800 Uncommon trap: reason=bimorphic action=maybe_recompile pc=0x00000000038500c0 method=com.android.dx.rop.code.RegisterSpec.withSimpleType()Lcom/android/dx/rop/code/RegisterSpec; @ 21
Event: 2.629 Thread 0x00000000178dc800 Uncommon trap: reason=bimorphic action=maybe_recompile pc=0x00000000038500c0 method=com.android.dx.rop.code.RegisterSpec.withSimpleType()Lcom/android/dx/rop/code/RegisterSpec; @ 21
Event: 2.629 Thread 0x00000000178dc800 Uncommon trap: reason=bimorphic action=maybe_recompile pc=0x00000000038500c0 method=com.android.dx.rop.code.RegisterSpec.withSimpleType()Lcom/android/dx/rop/code/RegisterSpec; @ 21
Event: 2.630 Thread 0x00000000178dc800 Uncommon trap: reason=bimorphic action=maybe_recompile pc=0x00000000038500c0 method=com.android.dx.rop.code.RegisterSpec.withSimpleType()Lcom/android/dx/rop/code/RegisterSpec; @ 21
Event: 2.757 Thread 0x00000000178dd000 Uncommon trap: reason=class_check action=maybe_recompile pc=0x000000000389ed98 method=com.android.dx.cf.code.BytecodeArray.parseInstruction(ILcom/android/dx/cf/code/BytecodeArray$Visitor;)I @ 1258
Event: 2.757 Thread 0x00000000178dd000 Uncommon trap: reason=class_check action=maybe_recompile pc=0x000000000389ed98 method=com.android.dx.cf.code.BytecodeArray.parseInstruction(ILcom/android/dx/cf/code/BytecodeArray$Visitor;)I @ 1258
Event: 2.819 Thread 0x00000000177c9000 Uncommon trap: reason=unstable_if action=reinterpret pc=0x000000000358fa1c method=com.android.dx.ssa.SsaMethod.updateOneDefinition(Lcom/android/dx/ssa/SsaInsn;Lcom/android/dx/rop/code/RegisterSpec;)V @ 4
Event: 4.179 Thread 0x00000000178dc800 Uncommon trap: reason=unstable_if action=reinterpret pc=0x000000000376cd44 method=java.util.HashMap.getNode(ILjava/lang/Object;)Ljava/util/HashMap$Node; @ 84
Event: 4.333 Thread 0x00000000177c9000 Uncommon trap: reason=bimorphic action=maybe_recompile pc=0x00000000039393fc method=com.android.dx.cf.code.BytecodeArray.parseInstruction(ILcom/android/dx/cf/code/BytecodeArray$Visitor;)I @ 2135
Event: 4.333 Thread 0x00000000177c9000 Uncommon trap: reason=bimorphic action=maybe_recompile pc=0x00000000039393fc method=com.android.dx.cf.code.BytecodeArray.parseInstruction(ILcom/android/dx/cf/code/BytecodeArray$Visitor;)I @ 2135

Internal exceptions (9 events):
Event: 0.065 Thread 0x0000000003010800 Exception <a 'java/lang/NoSuchMethodError': Method sun.misc.Unsafe.defineClass(Ljava/lang/String;[BII)Ljava/lang/Class; name or signature does not match> (0x00000000eab07cc0) thrown at [C:\re\workspace\8-2-build-windows-amd64-cygwin\jdk8u91\6644\hotspot\sr¯fž¸’°?
Event: 0.065 Thread 0x0000000003010800 Exception <a 'java/lang/NoSuchMethodError': Method sun.misc.Unsafe.prefetchRead(Ljava/lang/Object;J)V name or signature does not match> (0x00000000eab07fa8) thrown at [C:\re\workspace\8-2-build-windows-amd64-cygwin\jdk8u91\6644\hotspot\src\share\vm\prims\jû‹¸ŠÇNð?
Event: 1.019 Thread 0x00000000178dd000 Implicit null exception at 0x00000000034afbe2 to 0x00000000034afcd2
Event: 1.241 Thread 0x00000000178dc800 Implicit null exception at 0x0000000003563873 to 0x0000000003564401
Event: 1.562 Thread 0x00000000178dc800 Implicit null exception at 0x0000000003551a61 to 0x0000000003552445
Event: 1.679 Thread 0x00000000177c9000 Implicit null exception at 0x00000000035a1e90 to 0x00000000035a2001
Event: 2.308 Thread 0x000000001786a000 Exception <a 'java/lang/ArrayIndexOutOfBoundsException': 18> (0x00000000f1896d48) thrown at [C:\re\workspace\8-2-build-windows-amd64-cygwin\jdk8u91\6644\hotspot\src\share\vm\interpreter\interpreterRuntime.cpp, line 366]
Event: 2.308 Thread 0x000000001786a000 Exception <a 'java/lang/ArrayIndexOutOfBoundsException': 145> (0x00000000f1e4b1d8) thrown at [C:\re\workspace\8-2-build-windows-amd64-cygwin\jdk8u91\6644\hotspot\src\share\vm\interpreter\interpreterRuntime.cpp, line 366]
Event: 2.322 Thread 0x000000001786a000 Exception <a 'java/lang/ArrayIndexOutOfBoundsException'> (0x00000000f1e4c4c0) thrown at [C:\re\workspace\8-2-build-windows-amd64-cygwin\jdk8u91\6644\hotspot\src\share\vm\runtime\sharedRuntime.cpp, line 605]

Events (10 events):
Event: 4.179 Thread 0x00000000178dc800 DEOPT PACKING pc=0x000000000376cd44 sp=0x000000001830e3f0
Event: 4.179 Thread 0x00000000178dc800 DEOPT UNPACKING pc=0x000000000315582a sp=0x000000001830e300 mode 2
Event: 4.266 Executing VM operation: ParallelGCFailedAllocation
Event: 4.307 Executing VM operation: ParallelGCFailedAllocation done
Event: 4.333 Thread 0x00000000177c9000 Uncommon trap: trap_request=0xffffffc6 fr.pc=0x00000000039393fc
Event: 4.333 Thread 0x00000000177c9000 DEOPT PACKING pc=0x00000000039393fc sp=0x000000001820e710
Event: 4.333 Thread 0x00000000177c9000 DEOPT UNPACKING pc=0x000000000315582a sp=0x000000001820e6e8 mode 2
Event: 4.333 Thread 0x00000000177c9000 Uncommon trap: trap_request=0xffffffc6 fr.pc=0x00000000039393fc
Event: 4.333 Thread 0x00000000177c9000 DEOPT PACKING pc=0x00000000039393fc sp=0x000000001820e710
Event: 4.333 Thread 0x00000000177c9000 DEOPT UNPACKING pc=0x000000000315582a sp=0x000000001820e6e8 mode 2


Dynamic libraries:
0x00007ff616680000 - 0x00007ff6166b7000 	C:\Program Files\Java\jdk1.8.0_91\bin\java.exe
0x00007ffce13f0000 - 0x00007ffce15b1000 	C:\WINDOWS\SYSTEM32\ntdll.dll
0x00007ffcdf640000 - 0x00007ffcdf6ed000 	C:\WINDOWS\system32\KERNEL32.DLL
0x00007ffcddbc0000 - 0x00007ffcddda8000 	C:\WINDOWS\system32\KERNELBASE.dll
0x00007ffcdfcd0000 - 0x00007ffcdfd77000 	C:\WINDOWS\system32\ADVAPI32.dll
0x00007ffce12f0000 - 0x00007ffce138d000 	C:\WINDOWS\system32\msvcrt.dll
0x00007ffcdea60000 - 0x00007ffcdeabb000 	C:\WINDOWS\system32\sechost.dll
0x00007ffcdf970000 - 0x00007ffcdfa8c000 	C:\WINDOWS\system32\RPCRT4.dll
0x00007ffcdee90000 - 0x00007ffcdefe6000 	C:\WINDOWS\system32\USER32.dll
0x00007ffcdfb40000 - 0x00007ffcdfcc6000 	C:\WINDOWS\system32\GDI32.dll
0x00007ffccf520000 - 0x00007ffccf794000 	C:\WINDOWS\WinSxS\amd64_microsoft.windows.common-controls_6595b64144ccf1df_6.0.10586.672_none_a2d6b3cea53ff843\COMCTL32.dll
0x00007ffcdeac0000 - 0x00007ffcded3d000 	C:\WINDOWS\system32\combase.dll
0x00007ffcddaf0000 - 0x00007ffcddb5a000 	C:\WINDOWS\system32\bcryptPrimitives.dll
0x00007ffcdf910000 - 0x00007ffcdf94b000 	C:\WINDOWS\system32\IMM32.DLL
0x0000000059620000 - 0x00000000596f2000 	C:\Program Files\Java\jdk1.8.0_91\jre\bin\msvcr100.dll
0x0000000059ad0000 - 0x000000005a363000 	C:\Program Files\Java\jdk1.8.0_91\jre\bin\server\jvm.dll
0x00007ffcdf760000 - 0x00007ffcdf768000 	C:\WINDOWS\system32\PSAPI.DLL
0x00007ffcd4b70000 - 0x00007ffcd4b7a000 	C:\WINDOWS\SYSTEM32\VERSION.dll
0x00007ffcd38e0000 - 0x00007ffcd38e9000 	C:\WINDOWS\SYSTEM32\WSOCK32.dll
0x00007ffcdbc60000 - 0x00007ffcdbc83000 	C:\WINDOWS\SYSTEM32\WINMM.dll
0x00007ffcdf840000 - 0x00007ffcdf8ab000 	C:\WINDOWS\system32\WS2_32.dll
0x0000000002dd0000 - 0x0000000002dfc000 	C:\WINDOWS\SYSTEM32\WINMMBASE.dll
0x00007ffcddaa0000 - 0x00007ffcddae3000 	C:\WINDOWS\system32\cfgmgr32.dll
0x000000005a770000 - 0x000000005a77f000 	C:\Program Files\Java\jdk1.8.0_91\jre\bin\verify.dll
0x000000005a740000 - 0x000000005a769000 	C:\Program Files\Java\jdk1.8.0_91\jre\bin\java.dll
0x000000005a480000 - 0x000000005a496000 	C:\Program Files\Java\jdk1.8.0_91\jre\bin\zip.dll
0x00007ffcdfd90000 - 0x00007ffce12ec000 	C:\WINDOWS\system32\SHELL32.dll
0x00007ffcde110000 - 0x00007ffcde755000 	C:\WINDOWS\system32\windows.storage.dll
0x00007ffcdf8b0000 - 0x00007ffcdf902000 	C:\WINDOWS\system32\shlwapi.dll
0x00007ffcdda30000 - 0x00007ffcdda3f000 	C:\WINDOWS\system32\kernel.appcore.dll
0x00007ffcde050000 - 0x00007ffcde105000 	C:\WINDOWS\system32\shcore.dll
0x00007ffcdda50000 - 0x00007ffcdda9b000 	C:\WINDOWS\system32\powrprof.dll
0x00007ffcdda10000 - 0x00007ffcdda24000 	C:\WINDOWS\system32\profapi.dll

VM Arguments:
jvm_args: -Djava.awt.headless=true -Xmx1024M -Dfile.encoding=windows-1252 -Duser.country=US -Duser.language=en -Duser.variant 
java_command: com.android.dx.command.Main --dex --num-threads=4 --multi-dex --main-dex-list E:\TableBookingApp\app\build\intermediates\multi-dex\debug\maindexlist.txt --output E:\TableBookingApp\app\build\intermediates\transforms\dex\debug\folders\1000\1f\main E:\TableBookingApp\app\build\intermediates\transforms\jarMerging\debug\jars\1\1f\combined.jar
java_class_path (initial): C:\Users\abc\AppData\Local\Android\sdk\build-tools\25.0.2\lib\dx.jar
Launcher Type: SUN_STANDARD

Environment Variables:
PATH=C:\ProgramData\Oracle\Java\javapath;D:\oracle\product\11.2.0\dbhome_1\bin;C:\WINDOWS\system32;C:\WINDOWS;C:\WINDOWS\System32\Wbem;C:\WINDOWS\System32\WindowsPowerShell\v1.0\;C:\Program Files (x86)\Microsoft SQL Server\100\Tools\Binn\;C:\Program Files\Microsoft SQL Server\100\Tools\Binn\;C:\Program Files\Microsoft SQL Server\100\DTS\Binn\;d:\SQLSERVER\120\DTS\Binn\;d:\SQLSERVER\Client SDK\ODBC\110\Tools\Binn\;d:\SQLSERVER\x86\120\Tools\Binn\;d:\SQLSERVER\120\Tools\Binn\;d:\SQLSERVER\x86\110\Tools\Binn\ManagementStudio\;d:\SQLSERVER\x86\110\Tools\Binn\;d:\SQLSERVER\x86\110\DTS\Binn\;C:\Program Files\MATLAB\R2009b\runtime\win64;C:\Program Files\Java\jdk1.8.0_91\bin
USERNAME=MuneebPC
OS=Windows_NT
PROCESSOR_IDENTIFIER=Intel64 Family 6 Model 58 Stepping 9, GenuineIntel



---------------  S Y S T E M  ---------------

OS: Windows 10.0 , 64 bit Build 10586 (10.0.10586.589)

CPU:total 4 (2 cores per cpu, 2 threads per core) family 6 model 58 stepping 9, cmov, cx8, fxsr, mmx, sse, sse2, sse3, ssse3, sse4.1, sse4.2, popcnt, avx, aes, clmul, erms, ht, tsc, tscinvbit, tscinv

Memory: 4k page, physical 4072964k(698104k free), swap 5712656k(6064k free)

vm_info: Java HotSpot(TM) 64-Bit Server VM (25.91-b14) for windows-amd64 JRE (1.8.0_91-b14), built on Apr  1 2016 00:58:32 by "java_re" with MS VC++ 10.0 (VS2010)

time: Mon May 15 15:40:53 2017
elapsed time: 4 seconds (0d 0h 0m 4s)

