#
# There is insufficient memory for the Java Runtime Environment to continue.
# Native memory allocation (malloc) failed to allocate 402096 bytes for Chunk::new
# Possible reasons:
#   The system is out of physical RAM or swap space
#   In 32 bit mode, the process size limit was hit
# Possible solutions:
#   Reduce memory load on the system
#   Increase physical memory or swap space
#   Check if swap backing store is full
#   Use 64 bit Java on a 64 bit OS
#   Decrease Java heap size (-Xmx/-Xms)
#   Decrease number of Java threads
#   Decrease Java thread stack sizes (-Xss)
#   Set larger code cache with -XX:ReservedCodeCacheSize=
# This output file may be truncated or incomplete.
#
#  Out of Memory Error (allocation.cpp:390), pid=11212, tid=10060
#
# JRE version: Java(TM) SE Runtime Environment (8.0_91-b14) (build 1.8.0_91-b14)
# Java VM: Java HotSpot(TM) 64-Bit Server VM (25.91-b14 mixed mode windows-amd64 compressed oops)
# Failed to write core dump. Minidumps are not enabled by default on client versions of Windows
#

---------------  T H R E A D  ---------------

Current thread (0x0000000014bd7000):  JavaThread "C2 CompilerThread1" daemon [_thread_in_native, id=10060, stack(0x00000000162f0000,0x00000000163f0000)]

Stack: [0x00000000162f0000,0x00000000163f0000]
[error occurred during error reporting (printing stack bounds), id 0xc0000005]

Native frames: (J=compiled Java code, j=interpreted, Vv=VM code, C=native code)


Current CompileTask:
C2:   1139  849       4       com.android.dx.ssa.back.LivenessAnalyzer::handleTailRecursion (94 bytes)


---------------  P R O C E S S  ---------------

Java Threads: ( => current thread )
  0x00000000167cf800 JavaThread "pool-1-thread-4" [_thread_in_Java, id=3704, stack(0x0000000016ef0000,0x0000000016ff0000)]
  0x00000000167ce800 JavaThread "pool-1-thread-3" [_thread_in_Java, id=6720, stack(0x0000000016df0000,0x0000000016ef0000)]
  0x00000000167ce000 JavaThread "pool-1-thread-2" [_thread_in_Java, id=4856, stack(0x0000000016cf0000,0x0000000016df0000)]
  0x0000000016806800 JavaThread "pool-2-thread-1" [_thread_blocked, id=6104, stack(0x0000000016bf0000,0x0000000016cf0000)]
  0x0000000016806000 JavaThread "pool-1-thread-1" [_thread_in_Java, id=1620, stack(0x0000000016af0000,0x0000000016bf0000)]
  0x0000000014c09000 JavaThread "Service Thread" daemon [_thread_blocked, id=11088, stack(0x00000000168f0000,0x00000000169f0000)]
  0x0000000014bb3000 JavaThread "C1 CompilerThread2" daemon [_thread_in_native, id=7220, stack(0x00000000163f0000,0x00000000164f0000)]
=>0x0000000014bd7000 JavaThread "C2 CompilerThread1" daemon [_thread_in_native, id=10060, stack(0x00000000162f0000,0x00000000163f0000)]
  0x0000000014bbb000 JavaThread "C2 CompilerThread0" daemon [_thread_in_native, id=5536, stack(0x00000000161f0000,0x00000000162f0000)]
  0x0000000014bb8800 JavaThread "Attach Listener" daemon [_thread_blocked, id=7640, stack(0x00000000160f0000,0x00000000161f0000)]
  0x0000000014bb5000 JavaThread "Signal Dispatcher" daemon [_thread_blocked, id=10308, stack(0x0000000015ff0000,0x00000000160f0000)]
  0x0000000014b9a800 JavaThread "Finalizer" daemon [_thread_blocked, id=4464, stack(0x0000000015e10000,0x0000000015f10000)]
  0x00000000024cf000 JavaThread "Reference Handler" daemon [_thread_blocked, id=704, stack(0x0000000015d10000,0x0000000015e10000)]
  0x00000000023e0800 JavaThread "main" [_thread_in_Java, id=1740, stack(0x00000000022e0000,0x00000000023e0000)]

Other Threads:
  0x0000000014b78000 VMThread [stack: 0x0000000015c10000,0x0000000015d10000] [id=4492]
  0x0000000014c0b800 WatcherThread [stack: 0x00000000169f0000,0x0000000016af0000] [id=10804]

VM state:not at safepoint (normal execution)

VM Mutex/Monitor currently owned by a thread: None

Heap:
 PSYoungGen      total 18944K, used 12772K [0x00000000eab00000, 0x00000000ec000000, 0x0000000100000000)
  eden space 16384K, 62% used [0x00000000eab00000,0x00000000eb4fedc8,0x00000000ebb00000)
  from space 2560K, 99% used [0x00000000ebb00000,0x00000000ebd7a470,0x00000000ebd80000)
  to   space 2560K, 0% used [0x00000000ebd80000,0x00000000ebd80000,0x00000000ec000000)
 ParOldGen       total 44032K, used 1093K [0x00000000c0000000, 0x00000000c2b00000, 0x00000000eab00000)
  object space 44032K, 2% used [0x00000000c0000000,0x00000000c0111478,0x00000000c2b00000)
 Metaspace       used 5897K, capacity 6836K, committed 7040K, reserved 1056768K
  class space    used 602K, capacity 620K, committed 640K, reserved 1048576K

Card table byte_map: [0x00000000118a0000,0x0000000011ab0000] byte_map_base: 0x00000000112a0000

Marking Bits: (ParMarkBitMap*) 0x000000005a2e2f70
 Begin Bits: [0x0000000012010000, 0x0000000013010000)
 End Bits:   [0x0000000013010000, 0x0000000014010000)

Polling page: 0x00000000005e0000

CodeCache: size=245760Kb used=3587Kb max_used=3598Kb free=242172Kb
 bounds [0x00000000024e0000, 0x0000000002870000, 0x00000000114e0000]
 total_blobs=1211 nmethods=943 adapters=181
 compilation: enabled

Compilation events (10 events):
Event: 1.082 Thread 0x0000000014bb3000 nmethod 861 0x0000000002813050 code [0x0000000002813300, 0x00000000028147a8]
Event: 1.082 Thread 0x0000000014bb3000  865       3       com.android.dx.cf.code.RopperMachine::jopToRopOpcode (1103 bytes)
Event: 1.085 Thread 0x0000000014bb3000 nmethod 865 0x0000000002814e90 code [0x00000000028151a0, 0x0000000002817438]
Event: 1.085 Thread 0x0000000014bb3000  864       3       com.android.dx.rop.code.Rops::ropFor (771 bytes)
Event: 1.089 Thread 0x0000000014bbb000 nmethod 847 0x000000000281b710 code [0x000000000281b8c0, 0x000000000281c628]
Event: 1.089 Thread 0x0000000014bbb000  851       4       com.android.dx.rop.code.RegisterSpecList::<init> (6 bytes)
Event: 1.090 Thread 0x0000000014bb3000 nmethod 864 0x000000000281d3d0 code [0x000000000281dc40, 0x0000000002822398]
Event: 1.090 Thread 0x0000000014bb3000  870       3       com.android.dx.ssa.back.SsaToRop::convertInsns (53 bytes)
Event: 1.090 Thread 0x0000000014bbb000 nmethod 851 0x00000000027d76d0 code [0x00000000027d7820, 0x00000000027d7958]
Event: 1.090 Thread 0x0000000014bbb000  848       4       java.util.BitSet::expandTo (23 bytes)

GC Heap History (2 events):
Event: 0.931 GC heap before
{Heap before GC invocations=1 (full 0):
 PSYoungGen      total 18944K, used 16384K [0x00000000eab00000, 0x00000000ec000000, 0x0000000100000000)
  eden space 16384K, 100% used [0x00000000eab00000,0x00000000ebb00000,0x00000000ebb00000)
  from space 2560K, 0% used [0x00000000ebd80000,0x00000000ebd80000,0x00000000ec000000)
  to   space 2560K, 0% used [0x00000000ebb00000,0x00000000ebb00000,0x00000000ebd80000)
 ParOldGen       total 44032K, used 0K [0x00000000c0000000, 0x00000000c2b00000, 0x00000000eab00000)
  object space 44032K, 0% used [0x00000000c0000000,0x00000000c0000000,0x00000000c2b00000)
 Metaspace       used 5666K, capacity 6642K, committed 6784K, reserved 1056768K
  class space    used 600K, capacity 618K, committed 640K, reserved 1048576K
Event: 0.937 GC heap after
Heap after GC invocations=1 (full 0):
 PSYoungGen      total 18944K, used 2537K [0x00000000eab00000, 0x00000000ec000000, 0x0000000100000000)
  eden space 16384K, 0% used [0x00000000eab00000,0x00000000eab00000,0x00000000ebb00000)
  from space 2560K, 99% used [0x00000000ebb00000,0x00000000ebd7a470,0x00000000ebd80000)
  to   space 2560K, 0% used [0x00000000ebd80000,0x00000000ebd80000,0x00000000ec000000)
 ParOldGen       total 44032K, used 1093K [0x00000000c0000000, 0x00000000c2b00000, 0x00000000eab00000)
  object space 44032K, 2% used [0x00000000c0000000,0x00000000c0111478,0x00000000c2b00000)
 Metaspace       used 5666K, capacity 6642K, committed 6784K, reserved 1056768K
  class space    used 600K, capacity 618K, committed 640K, reserved 1048576K
}

Deoptimization events (5 events):
Event: 0.881 Thread 0x00000000167cf800 Uncommon trap: reason=unstable_if action=reinterpret pc=0x00000000026e5740 method=java.util.HashMap.getNode(ILjava/lang/Object;)Ljava/util/HashMap$Node; @ 129
Event: 0.913 Thread 0x00000000167ce000 Uncommon trap: reason=class_check action=maybe_recompile pc=0x0000000002719b30 method=com.android.dx.ssa.NormalSsaInsn.accept(Lcom/android/dx/ssa/SsaInsn$Visitor;)V @ 9
Event: 0.919 Thread 0x00000000167ce000 Uncommon trap: reason=class_check action=maybe_recompile pc=0x0000000002719b30 method=com.android.dx.ssa.NormalSsaInsn.accept(Lcom/android/dx/ssa/SsaInsn$Visitor;)V @ 9
Event: 0.919 Thread 0x00000000167ce000 Uncommon trap: reason=class_check action=maybe_recompile pc=0x0000000002719b30 method=com.android.dx.ssa.NormalSsaInsn.accept(Lcom/android/dx/ssa/SsaInsn$Visitor;)V @ 9
Event: 0.919 Thread 0x00000000167ce000 Uncommon trap: reason=class_check action=maybe_recompile pc=0x0000000002719b30 method=com.android.dx.ssa.NormalSsaInsn.accept(Lcom/android/dx/ssa/SsaInsn$Visitor;)V @ 9

Internal exceptions (2 events):
Event: 0.033 Thread 0x00000000023e0800 Exception <a 'java/lang/NoSuchMethodError': Method sun.misc.Unsafe.defineClass(Ljava/lang/String;[BII)Ljava/lang/Class; name or signature does not match> (0x00000000eab07cc0) thrown at [C:\re\workspace\8-2-build-windows-amd64-cygwin\jdk8u91\6644\hotspot\sr{½ç	¡?
Event: 0.033 Thread 0x00000000023e0800 Exception <a 'java/lang/NoSuchMethodError': Method sun.misc.Unsafe.prefetchRead(Ljava/lang/Object;J)V name or signature does not match> (0x00000000eab07fa8) thrown at [C:\re\workspace\8-2-build-windows-amd64-cygwin\jdk8u91\6644\hotspot\src\share\vm\prims\j

Events (10 events):
Event: 0.919 Thread 0x00000000167ce000 DEOPT PACKING pc=0x0000000002719b30 sp=0x0000000016dee540
Event: 0.919 Thread 0x00000000167ce000 DEOPT UNPACKING pc=0x000000000252582a sp=0x0000000016dee4d0 mode 2
Event: 0.930 Executing VM operation: ParallelGCFailedAllocation
Event: 0.938 Executing VM operation: ParallelGCFailedAllocation done
Event: 0.945 loading class com/android/dx/cf/code/SwitchList
Event: 0.945 loading class com/android/dx/cf/code/SwitchList done
Event: 0.946 loading class com/android/dx/rop/code/LocalItem
Event: 0.946 loading class com/android/dx/rop/code/LocalItem done
Event: 1.063 loading class java/util/DualPivotQuicksort
Event: 1.063 loading class java/util/DualPivotQuicksort done


Dynamic libraries:
0x00007ff616680000 - 0x00007ff6166b7000 	C:\Program Files\Java\jdk1.8.0_91\bin\java.exe
0x00007ffce13f0000 - 0x00007ffce15b1000 	C:\WINDOWS\SYSTEM32\ntdll.dll
0x00007ffcdf640000 - 0x00007ffcdf6ed000 	C:\WINDOWS\system32\KERNEL32.DLL
0x00007ffcddbc0000 - 0x00007ffcddda8000 	C:\WINDOWS\system32\KERNELBASE.dll
0x00007ffcdfcd0000 - 0x00007ffcdfd77000 	C:\WINDOWS\system32\ADVAPI32.dll
0x00007ffce12f0000 - 0x00007ffce138d000 	C:\WINDOWS\system32\msvcrt.dll
0x00007ffcdea60000 - 0x00007ffcdeabb000 	C:\WINDOWS\system32\sechost.dll
0x00007ffcdf970000 - 0x00007ffcdfa8c000 	C:\WINDOWS\system32\RPCRT4.dll
0x00007ffcdee90000 - 0x00007ffcdefe6000 	C:\WINDOWS\system32\USER32.dll
0x00007ffcdfb40000 - 0x00007ffcdfcc6000 	C:\WINDOWS\system32\GDI32.dll
0x00007ffccf520000 - 0x00007ffccf794000 	C:\WINDOWS\WinSxS\amd64_microsoft.windows.common-controls_6595b64144ccf1df_6.0.10586.672_none_a2d6b3cea53ff843\COMCTL32.dll
0x00007ffcdeac0000 - 0x00007ffcded3d000 	C:\WINDOWS\system32\combase.dll
0x00007ffcddaf0000 - 0x00007ffcddb5a000 	C:\WINDOWS\system32\bcryptPrimitives.dll
0x00007ffcdf910000 - 0x00007ffcdf94b000 	C:\WINDOWS\system32\IMM32.DLL
0x0000000059620000 - 0x00000000596f2000 	C:\Program Files\Java\jdk1.8.0_91\jre\bin\msvcr100.dll
0x0000000059ad0000 - 0x000000005a363000 	C:\Program Files\Java\jdk1.8.0_91\jre\bin\server\jvm.dll
0x00007ffcdf760000 - 0x00007ffcdf768000 	C:\WINDOWS\system32\PSAPI.DLL
0x00007ffcd38e0000 - 0x00007ffcd38e9000 	C:\WINDOWS\SYSTEM32\WSOCK32.dll
0x00007ffcdbc60000 - 0x00007ffcdbc83000 	C:\WINDOWS\SYSTEM32\WINMM.dll
0x00007ffcdf840000 - 0x00007ffcdf8ab000 	C:\WINDOWS\system32\WS2_32.dll
0x00007ffcd4b70000 - 0x00007ffcd4b7a000 	C:\WINDOWS\SYSTEM32\VERSION.dll
0x00007ffcdbc30000 - 0x00007ffcdbc5c000 	C:\WINDOWS\SYSTEM32\WINMMBASE.dll
0x00007ffcddaa0000 - 0x00007ffcddae3000 	C:\WINDOWS\system32\cfgmgr32.dll
0x000000005a770000 - 0x000000005a77f000 	C:\Program Files\Java\jdk1.8.0_91\jre\bin\verify.dll
0x000000005a740000 - 0x000000005a769000 	C:\Program Files\Java\jdk1.8.0_91\jre\bin\java.dll
0x000000005a480000 - 0x000000005a496000 	C:\Program Files\Java\jdk1.8.0_91\jre\bin\zip.dll
0x00007ffcdfd90000 - 0x00007ffce12ec000 	C:\WINDOWS\system32\SHELL32.dll
0x00007ffcde110000 - 0x00007ffcde755000 	C:\WINDOWS\system32\windows.storage.dll
0x00007ffcdf8b0000 - 0x00007ffcdf902000 	C:\WINDOWS\system32\shlwapi.dll
0x00007ffcdda30000 - 0x00007ffcdda3f000 	C:\WINDOWS\system32\kernel.appcore.dll
0x00007ffcde050000 - 0x00007ffcde105000 	C:\WINDOWS\system32\shcore.dll
0x00007ffcdda50000 - 0x00007ffcdda9b000 	C:\WINDOWS\system32\powrprof.dll
0x00007ffcdda10000 - 0x00007ffcdda24000 	C:\WINDOWS\system32\profapi.dll

VM Arguments:
jvm_args: -Djava.awt.headless=true -Xmx1024M -Dfile.encoding=windows-1252 -Duser.country=US -Duser.language=en -Duser.variant 
java_command: com.android.dx.command.Main --dex --num-threads=4 --output E:\TableBookingApp\app\build\intermediates\pre-dexed\debug\com.google.android.gms-play-services-basement-10.0.1_7d5add7c4774be47114ab3da06f18994485f1a5a.jar E:\TableBookingApp\app\build\intermediates\exploded-aar\com.google.android.gms\play-services-basement\10.0.1\jars\classes.jar
java_class_path (initial): C:\Users\abc\AppData\Local\Android\sdk\build-tools\25.0.2\lib\dx.jar
Launcher Type: SUN_STANDARD

Environment Variables:
PATH=C:\ProgramData\Oracle\Java\javapath;D:\oracle\product\11.2.0\dbhome_1\bin;C:\WINDOWS\system32;C:\WINDOWS;C:\WINDOWS\System32\Wbem;C:\WINDOWS\System32\WindowsPowerShell\v1.0\;C:\Program Files (x86)\Microsoft SQL Server\100\Tools\Binn\;C:\Program Files\Microsoft SQL Server\100\Tools\Binn\;C:\Program Files\Microsoft SQL Server\100\DTS\Binn\;d:\SQLSERVER\120\DTS\Binn\;d:\SQLSERVER\Client SDK\ODBC\110\Tools\Binn\;d:\SQLSERVER\x86\120\Tools\Binn\;d:\SQLSERVER\120\Tools\Binn\;d:\SQLSERVER\x86\110\Tools\Binn\ManagementStudio\;d:\SQLSERVER\x86\110\Tools\Binn\;d:\SQLSERVER\x86\110\DTS\Binn\;C:\Program Files\MATLAB\R2009b\runtime\win64;C:\Program Files\Java\jdk1.8.0_91\bin
USERNAME=MuneebPC
OS=Windows_NT
PROCESSOR_IDENTIFIER=Intel64 Family 6 Model 58 Stepping 9, GenuineIntel



---------------  S Y S T E M  ---------------

OS: Windows 10.0 , 64 bit Build 10586 (10.0.10586.589)

CPU:total 4 (2 cores per cpu, 2 threads per core) family 6 model 58 stepping 9, cmov, cx8, fxsr, mmx, sse, sse2, sse3, ssse3, sse4.1, sse4.2, popcnt, avx, aes, clmul, erms, ht, tsc, tscinvbit, tscinv

Memory: 4k page, physical 4072964k(383512k free), swap 5712656k(3516k free)

vm_info: Java HotSpot(TM) 64-Bit Server VM (25.91-b14) for windows-amd64 JRE (1.8.0_91-b14), built on Apr  1 2016 00:58:32 by "java_re" with MS VC++ 10.0 (VS2010)

time: Mon May 15 15:37:49 2017
elapsed time: 1 seconds (0d 0h 0m 1s)

