#
# There is insufficient memory for the Java Runtime Environment to continue.
# Native memory allocation (malloc) failed to allocate 32744 bytes for ChunkPool::allocate
# Possible reasons:
#   The system is out of physical RAM or swap space
#   In 32 bit mode, the process size limit was hit
# Possible solutions:
#   Reduce memory load on the system
#   Increase physical memory or swap space
#   Check if swap backing store is full
#   Use 64 bit Java on a 64 bit OS
#   Decrease Java heap size (-Xmx/-Xms)
#   Decrease number of Java threads
#   Decrease Java thread stack sizes (-Xss)
#   Set larger code cache with -XX:ReservedCodeCacheSize=
# This output file may be truncated or incomplete.
#
#  Out of Memory Error (allocation.cpp:273), pid=10780, tid=4904
#
# JRE version: Java(TM) SE Runtime Environment (8.0_91-b14) (build 1.8.0_91-b14)
# Java VM: Java HotSpot(TM) 64-Bit Server VM (25.91-b14 mixed mode windows-amd64 compressed oops)
# Failed to write core dump. Minidumps are not enabled by default on client versions of Windows
#

---------------  T H R E A D  ---------------

Current thread (0x0000000014cb4000):  JavaThread "C1 CompilerThread2" daemon [_thread_in_native, id=4904, stack(0x0000000016500000,0x0000000016600000)]

Stack: [0x0000000016500000,0x0000000016600000]
[error occurred during error reporting (printing stack bounds), id 0xc0000005]

Native frames: (J=compiled Java code, j=interpreted, Vv=VM code, C=native code)


Current CompileTask:
C1:   1152  560   !   3       com.android.dx.cf.code.BytecodeArray::parseInstruction (2764 bytes)


---------------  P R O C E S S  ---------------

Java Threads: ( => current thread )
  0x00000000168e0000 JavaThread "pool-1-thread-4" [_thread_in_Java, id=1020, stack(0x0000000017800000,0x0000000017900000)]
  0x00000000168df800 JavaThread "pool-1-thread-3" [_thread_in_Java, id=6372, stack(0x0000000017700000,0x0000000017800000)]
  0x0000000016852800 JavaThread "pool-1-thread-2" [_thread_in_Java, id=10656, stack(0x0000000017600000,0x0000000017700000)]
  0x0000000016850000 JavaThread "pool-2-thread-1" [_thread_blocked, id=3136, stack(0x0000000017500000,0x0000000017600000)]
  0x00000000168b2800 JavaThread "pool-1-thread-1" [_thread_in_Java, id=4876, stack(0x0000000017400000,0x0000000017500000)]
  0x0000000016605000 JavaThread "Service Thread" daemon [_thread_blocked, id=8480, stack(0x0000000016a00000,0x0000000016b00000)]
=>0x0000000014cb4000 JavaThread "C1 CompilerThread2" daemon [_thread_in_native, id=4904, stack(0x0000000016500000,0x0000000016600000)]
  0x0000000014cbb800 JavaThread "C2 CompilerThread1" daemon [_thread_in_native, id=1568, stack(0x0000000016400000,0x0000000016500000)]
  0x0000000014cb9800 JavaThread "C2 CompilerThread0" daemon [_thread_in_vm, id=4756, stack(0x0000000016300000,0x0000000016400000)]
  0x0000000014cb6800 JavaThread "Attach Listener" daemon [_thread_blocked, id=1016, stack(0x0000000016200000,0x0000000016300000)]
  0x0000000014cb5800 JavaThread "Signal Dispatcher" daemon [_thread_blocked, id=10804, stack(0x0000000016100000,0x0000000016200000)]
  0x0000000014c9a000 JavaThread "Finalizer" daemon [_thread_blocked, id=11088, stack(0x0000000015f20000,0x0000000016020000)]
  0x0000000014c79000 JavaThread "Reference Handler" daemon [_thread_blocked, id=7220, stack(0x0000000015e20000,0x0000000015f20000)]
  0x00000000024e0800 JavaThread "main" [_thread_blocked, id=4464, stack(0x00000000022e0000,0x00000000023e0000)]

Other Threads:
  0x0000000014c77000 VMThread [stack: 0x0000000015d20000,0x0000000015e20000] [id=10060]
  0x0000000016618800 WatcherThread [stack: 0x0000000016b00000,0x0000000016c00000] [id=4036]

VM state:not at safepoint (normal execution)

VM Mutex/Monitor currently owned by a thread: None

Heap:
 PSYoungGen      total 18944K, used 6310K [0x00000000eab00000, 0x00000000ed000000, 0x0000000100000000)
  eden space 16384K, 22% used [0x00000000eab00000,0x00000000eaeab9d8,0x00000000ebb00000)
  from space 2560K, 99% used [0x00000000ebb00000,0x00000000ebd7df20,0x00000000ebd80000)
  to   space 2560K, 0% used [0x00000000ecd80000,0x00000000ecd80000,0x00000000ed000000)
 ParOldGen       total 44032K, used 781K [0x00000000c0000000, 0x00000000c2b00000, 0x00000000eab00000)
  object space 44032K, 1% used [0x00000000c0000000,0x00000000c00c35a8,0x00000000c2b00000)
 Metaspace       used 5678K, capacity 6640K, committed 6784K, reserved 1056768K
  class space    used 598K, capacity 616K, committed 640K, reserved 1048576K

Card table byte_map: [0x00000000119a0000,0x0000000011bb0000] byte_map_base: 0x00000000113a0000

Marking Bits: (ParMarkBitMap*) 0x000000005a2e2f70
 Begin Bits: [0x0000000012110000, 0x0000000013110000)
 End Bits:   [0x0000000013110000, 0x0000000014110000)

Polling page: 0x0000000002130000

CodeCache: size=245760Kb used=2282Kb max_used=2292Kb free=243477Kb
 bounds [0x00000000025e0000, 0x0000000002850000, 0x00000000115e0000]
 total_blobs=831 nmethods=562 adapters=182
 compilation: enabled

Compilation events (10 events):
Event: 1.074 Thread 0x0000000014cb4000 nmethod 543 0x0000000002818190 code [0x00000000028182e0, 0x00000000028183f0]
Event: 1.116 Thread 0x0000000014cb4000  555       3       com.android.dx.dex.code.ZeroSizeInsn::<init> (12 bytes)
Event: 1.116 Thread 0x0000000014cb4000 nmethod 555 0x0000000002818810 code [0x0000000002818980, 0x0000000002818b28]
Event: 1.116 Thread 0x0000000014cb4000  558       3       com.android.dx.rop.cst.CstMemberRef::compareTo0 (49 bytes)
Event: 1.118 Thread 0x0000000014cb4000 nmethod 558 0x0000000002818bd0 code [0x0000000002818e20, 0x000000000281a1b8]
Event: 1.118 Thread 0x0000000014cb4000  559       3       com.android.dx.rop.code.RegisterSpec::make (7 bytes)
Event: 1.118 Thread 0x0000000014cb4000 nmethod 559 0x000000000281aad0 code [0x000000000281ac40, 0x000000000281ada8]
Event: 1.118 Thread 0x0000000014cb4000  556       3       com.android.dx.rop.code.Insn::hashCode (5 bytes)
Event: 1.118 Thread 0x0000000014cb4000 nmethod 556 0x000000000281ae50 code [0x000000000281afc0, 0x000000000281b148]
Event: 1.118 Thread 0x0000000014cb4000  560   !   3       com.android.dx.cf.code.BytecodeArray::parseInstruction (2764 bytes)

GC Heap History (2 events):
Event: 0.964 GC heap before
{Heap before GC invocations=1 (full 0):
 PSYoungGen      total 18944K, used 16384K [0x00000000eab00000, 0x00000000ec000000, 0x0000000100000000)
  eden space 16384K, 100% used [0x00000000eab00000,0x00000000ebb00000,0x00000000ebb00000)
  from space 2560K, 0% used [0x00000000ebd80000,0x00000000ebd80000,0x00000000ec000000)
  to   space 2560K, 0% used [0x00000000ebb00000,0x00000000ebb00000,0x00000000ebd80000)
 ParOldGen       total 44032K, used 0K [0x00000000c0000000, 0x00000000c2b00000, 0x00000000eab00000)
  object space 44032K, 0% used [0x00000000c0000000,0x00000000c0000000,0x00000000c2b00000)
 Metaspace       used 5487K, capacity 6448K, committed 6528K, reserved 1056768K
  class space    used 595K, capacity 616K, committed 640K, reserved 1048576K
Event: 1.015 GC heap after
Heap after GC invocations=1 (full 0):
 PSYoungGen      total 18944K, used 2551K [0x00000000eab00000, 0x00000000ed000000, 0x0000000100000000)
  eden space 16384K, 0% used [0x00000000eab00000,0x00000000eab00000,0x00000000ebb00000)
  from space 2560K, 99% used [0x00000000ebb00000,0x00000000ebd7df20,0x00000000ebd80000)
  to   space 2560K, 0% used [0x00000000ecd80000,0x00000000ecd80000,0x00000000ed000000)
 ParOldGen       total 44032K, used 781K [0x00000000c0000000, 0x00000000c2b00000, 0x00000000eab00000)
  object space 44032K, 1% used [0x00000000c0000000,0x00000000c00c35a8,0x00000000c2b00000)
 Metaspace       used 5487K, capacity 6448K, committed 6528K, reserved 1056768K
  class space    used 595K, capacity 616K, committed 640K, reserved 1048576K
}

Deoptimization events (1 events):
Event: 1.049 Thread 0x0000000016852800 Uncommon trap: reason=unstable_if action=reinterpret pc=0x000000000280237c method=java.util.HashMap.getNode(ILjava/lang/Object;)Ljava/util/HashMap$Node; @ 62

Internal exceptions (2 events):
Event: 0.226 Thread 0x00000000024e0800 Exception <a 'java/lang/NoSuchMethodError': Method sun.misc.Unsafe.defineClass(Ljava/lang/String;[BII)Ljava/lang/Class; name or signature does not match> (0x00000000eab07cc0) thrown at [C:\re\workspace\8-2-build-windows-amd64-cygwin\jdk8u91\6644\hotspot\sr „À¥ÙÃ?
Event: 0.226 Thread 0x00000000024e0800 Exception <a 'java/lang/NoSuchMethodError': Method sun.misc.Unsafe.prefetchRead(Ljava/lang/Object;J)V name or signature does not match> (0x00000000eab07fa8) thrown at [C:\re\workspace\8-2-build-windows-amd64-cygwin\jdk8u91\6644\hotspot\src\share\vm\prims\j

Events (10 events):
Event: 1.015 Executing VM operation: ParallelGCFailedAllocation done
Event: 1.046 loading class com/android/dx/cf/code/Ropper$ExceptionHandlerSetup
Event: 1.046 loading class com/android/dx/cf/code/Ropper$ExceptionHandlerSetup done
Event: 1.048 loading class java/util/HashMap$Values
Event: 1.049 loading class java/util/HashMap$Values done
Event: 1.049 loading class java/util/HashMap$ValueIterator
Event: 1.049 loading class java/util/HashMap$ValueIterator done
Event: 1.049 Thread 0x0000000016852800 Uncommon trap: trap_request=0xffffff65 fr.pc=0x000000000280237c
Event: 1.049 Thread 0x0000000016852800 DEOPT PACKING pc=0x000000000280237c sp=0x00000000176fec80
Event: 1.049 Thread 0x0000000016852800 DEOPT UNPACKING pc=0x000000000262582a sp=0x00000000176febf8 mode 2


Dynamic libraries:
0x00007ff616680000 - 0x00007ff6166b7000 	C:\Program Files\Java\jdk1.8.0_91\bin\java.exe
0x00007ffce13f0000 - 0x00007ffce15b1000 	C:\WINDOWS\SYSTEM32\ntdll.dll
0x00007ffcdf640000 - 0x00007ffcdf6ed000 	C:\WINDOWS\system32\KERNEL32.DLL
0x00007ffcddbc0000 - 0x00007ffcddda8000 	C:\WINDOWS\system32\KERNELBASE.dll
0x00007ffcdfcd0000 - 0x00007ffcdfd77000 	C:\WINDOWS\system32\ADVAPI32.dll
0x00007ffce12f0000 - 0x00007ffce138d000 	C:\WINDOWS\system32\msvcrt.dll
0x00007ffcdea60000 - 0x00007ffcdeabb000 	C:\WINDOWS\system32\sechost.dll
0x00007ffcdf970000 - 0x00007ffcdfa8c000 	C:\WINDOWS\system32\RPCRT4.dll
0x00007ffcdee90000 - 0x00007ffcdefe6000 	C:\WINDOWS\system32\USER32.dll
0x00007ffcdfb40000 - 0x00007ffcdfcc6000 	C:\WINDOWS\system32\GDI32.dll
0x00007ffccf520000 - 0x00007ffccf794000 	C:\WINDOWS\WinSxS\amd64_microsoft.windows.common-controls_6595b64144ccf1df_6.0.10586.672_none_a2d6b3cea53ff843\COMCTL32.dll
0x00007ffcdeac0000 - 0x00007ffcded3d000 	C:\WINDOWS\system32\combase.dll
0x00007ffcddaf0000 - 0x00007ffcddb5a000 	C:\WINDOWS\system32\bcryptPrimitives.dll
0x00007ffcdf910000 - 0x00007ffcdf94b000 	C:\WINDOWS\system32\IMM32.DLL
0x0000000059620000 - 0x00000000596f2000 	C:\Program Files\Java\jdk1.8.0_91\jre\bin\msvcr100.dll
0x0000000059ad0000 - 0x000000005a363000 	C:\Program Files\Java\jdk1.8.0_91\jre\bin\server\jvm.dll
0x00007ffcdf760000 - 0x00007ffcdf768000 	C:\WINDOWS\system32\PSAPI.DLL
0x00007ffcd38e0000 - 0x00007ffcd38e9000 	C:\WINDOWS\SYSTEM32\WSOCK32.dll
0x00007ffcdf840000 - 0x00007ffcdf8ab000 	C:\WINDOWS\system32\WS2_32.dll
0x00007ffcdbc60000 - 0x00007ffcdbc83000 	C:\WINDOWS\SYSTEM32\WINMM.dll
0x00007ffcd4b70000 - 0x00007ffcd4b7a000 	C:\WINDOWS\SYSTEM32\VERSION.dll
0x00007ffcdbc30000 - 0x00007ffcdbc5c000 	C:\WINDOWS\SYSTEM32\WINMMBASE.dll
0x00007ffcddaa0000 - 0x00007ffcddae3000 	C:\WINDOWS\system32\cfgmgr32.dll
0x000000005a770000 - 0x000000005a77f000 	C:\Program Files\Java\jdk1.8.0_91\jre\bin\verify.dll
0x000000005a740000 - 0x000000005a769000 	C:\Program Files\Java\jdk1.8.0_91\jre\bin\java.dll
0x000000005a480000 - 0x000000005a496000 	C:\Program Files\Java\jdk1.8.0_91\jre\bin\zip.dll
0x00007ffcdfd90000 - 0x00007ffce12ec000 	C:\WINDOWS\system32\SHELL32.dll
0x00007ffcde110000 - 0x00007ffcde755000 	C:\WINDOWS\system32\windows.storage.dll
0x00007ffcdf8b0000 - 0x00007ffcdf902000 	C:\WINDOWS\system32\shlwapi.dll
0x00007ffcdda30000 - 0x00007ffcdda3f000 	C:\WINDOWS\system32\kernel.appcore.dll
0x00007ffcde050000 - 0x00007ffcde105000 	C:\WINDOWS\system32\shcore.dll
0x00007ffcdda50000 - 0x00007ffcdda9b000 	C:\WINDOWS\system32\powrprof.dll
0x00007ffcdda10000 - 0x00007ffcdda24000 	C:\WINDOWS\system32\profapi.dll

VM Arguments:
jvm_args: -Djava.awt.headless=true -Xmx1024M -Dfile.encoding=windows-1252 -Duser.country=US -Duser.language=en -Duser.variant 
java_command: com.android.dx.command.Main --dex --num-threads=4 --output E:\TableBookingApp\app\build\intermediates\pre-dexed\debug\firebase-client-jvm-2.3.1_444dd0ff4c3756e747f459b2d84e3bb1d2a934d2.jar C:\Users\abc\.gradle\caches\modules-2\files-2.1\com.firebase\firebase-client-jvm\2.3.1\4d53b7d6983247af02b8fe7e4228fff555a5e828\firebase-client-jvm-2.3.1.jar
java_class_path (initial): C:\Users\abc\AppData\Local\Android\sdk\build-tools\25.0.2\lib\dx.jar
Launcher Type: SUN_STANDARD

Environment Variables:
PATH=C:\ProgramData\Oracle\Java\javapath;D:\oracle\product\11.2.0\dbhome_1\bin;C:\WINDOWS\system32;C:\WINDOWS;C:\WINDOWS\System32\Wbem;C:\WINDOWS\System32\WindowsPowerShell\v1.0\;C:\Program Files (x86)\Microsoft SQL Server\100\Tools\Binn\;C:\Program Files\Microsoft SQL Server\100\Tools\Binn\;C:\Program Files\Microsoft SQL Server\100\DTS\Binn\;d:\SQLSERVER\120\DTS\Binn\;d:\SQLSERVER\Client SDK\ODBC\110\Tools\Binn\;d:\SQLSERVER\x86\120\Tools\Binn\;d:\SQLSERVER\120\Tools\Binn\;d:\SQLSERVER\x86\110\Tools\Binn\ManagementStudio\;d:\SQLSERVER\x86\110\Tools\Binn\;d:\SQLSERVER\x86\110\DTS\Binn\;C:\Program Files\MATLAB\R2009b\runtime\win64;C:\Program Files\Java\jdk1.8.0_91\bin
USERNAME=MuneebPC
OS=Windows_NT
PROCESSOR_IDENTIFIER=Intel64 Family 6 Model 58 Stepping 9, GenuineIntel



---------------  S Y S T E M  ---------------

OS: Windows 10.0 , 64 bit Build 10586 (10.0.10586.589)

CPU:total 4 (2 cores per cpu, 2 threads per core) family 6 model 58 stepping 9, cmov, cx8, fxsr, mmx, sse, sse2, sse3, ssse3, sse4.1, sse4.2, popcnt, avx, aes, clmul, erms, ht, tsc, tscinvbit, tscinv

Memory: 4k page, physical 4072964k(444164k free), swap 5712656k(668k free)

vm_info: Java HotSpot(TM) 64-Bit Server VM (25.91-b14) for windows-amd64 JRE (1.8.0_91-b14), built on Apr  1 2016 00:58:32 by "java_re" with MS VC++ 10.0 (VS2010)

time: Mon May 15 15:37:22 2017
elapsed time: 1 seconds (0d 0h 0m 1s)

