#
# There is insufficient memory for the Java Runtime Environment to continue.
# Native memory allocation (malloc) failed to allocate 980096 bytes for Chunk::new
# Possible reasons:
#   The system is out of physical RAM or swap space
#   In 32 bit mode, the process size limit was hit
# Possible solutions:
#   Reduce memory load on the system
#   Increase physical memory or swap space
#   Check if swap backing store is full
#   Use 64 bit Java on a 64 bit OS
#   Decrease Java heap size (-Xmx/-Xms)
#   Decrease number of Java threads
#   Decrease Java thread stack sizes (-Xss)
#   Set larger code cache with -XX:ReservedCodeCacheSize=
# This output file may be truncated or incomplete.
#
#  Out of Memory Error (allocation.cpp:390), pid=5164, tid=8660
#
# JRE version: Java(TM) SE Runtime Environment (8.0_91-b14) (build 1.8.0_91-b14)
# Java VM: Java HotSpot(TM) 64-Bit Server VM (25.91-b14 mixed mode windows-amd64 compressed oops)
# Failed to write core dump. Minidumps are not enabled by default on client versions of Windows
#

---------------  T H R E A D  ---------------

Current thread (0x000000001587a000):  JavaThread "C2 CompilerThread0" daemon [_thread_in_native, id=8660, stack(0x0000000016eb0000,0x0000000016fb0000)]

Stack: [0x0000000016eb0000,0x0000000016fb0000]
[error occurred during error reporting (printing stack bounds), id 0xc0000005]

Native frames: (J=compiled Java code, j=interpreted, Vv=VM code, C=native code)


Current CompileTask:
C2:   9919 1644       4       com.android.dx.ssa.SCCP::simulateBlock (54 bytes)


---------------  P R O C E S S  ---------------

Java Threads: ( => current thread )
  0x0000000017435800 JavaThread "pool-1-thread-4" [_thread_in_Java, id=1620, stack(0x0000000017bb0000,0x0000000017cb0000)]
  0x0000000017431000 JavaThread "pool-1-thread-3" [_thread_in_Java, id=9520, stack(0x0000000017ab0000,0x0000000017bb0000)]
  0x0000000017430000 JavaThread "pool-1-thread-2" [_thread_in_Java, id=8976, stack(0x00000000179b0000,0x0000000017ab0000)]
  0x0000000017427800 JavaThread "pool-2-thread-1" [_thread_blocked, id=7816, stack(0x00000000178b0000,0x00000000179b0000)]
  0x0000000017427000 JavaThread "pool-1-thread-1" [_thread_blocked, id=8612, stack(0x00000000177b0000,0x00000000178b0000)]
  0x0000000015875000 JavaThread "Service Thread" daemon [_thread_blocked, id=4608, stack(0x00000000175b0000,0x00000000176b0000)]
  0x0000000015870000 JavaThread "C1 CompilerThread2" daemon [_thread_blocked, id=7124, stack(0x00000000170b0000,0x00000000171b0000)]
  0x000000001587c000 JavaThread "C2 CompilerThread1" daemon [_thread_in_native, id=6744, stack(0x0000000016fb0000,0x00000000170b0000)]
=>0x000000001587a000 JavaThread "C2 CompilerThread0" daemon [_thread_in_native, id=8660, stack(0x0000000016eb0000,0x0000000016fb0000)]
  0x0000000015877000 JavaThread "Attach Listener" daemon [_thread_blocked, id=4364, stack(0x0000000016db0000,0x0000000016eb0000)]
  0x0000000015876000 JavaThread "Signal Dispatcher" daemon [_thread_blocked, id=10652, stack(0x0000000016cb0000,0x0000000016db0000)]
  0x000000000319b800 JavaThread "Finalizer" daemon [_thread_blocked, id=9352, stack(0x0000000016ad0000,0x0000000016bd0000)]
  0x0000000015839000 JavaThread "Reference Handler" daemon [_thread_blocked, id=6072, stack(0x00000000169d0000,0x0000000016ad0000)]
  0x00000000030a0800 JavaThread "main" [_thread_in_Java, id=2712, stack(0x0000000002f00000,0x0000000003000000)]

Other Threads:
  0x0000000015837800 VMThread [stack: 0x00000000168d0000,0x00000000169d0000] [id=2148]
  0x00000000171dc800 WatcherThread [stack: 0x00000000176b0000,0x00000000177b0000] [id=10800]

VM state:not at safepoint (normal execution)

VM Mutex/Monitor currently owned by a thread: None

Heap:
 PSYoungGen      total 35328K, used 19299K [0x00000000eab00000, 0x00000000ef000000, 0x0000000100000000)
  eden space 32768K, 51% used [0x00000000eab00000,0x00000000ebb5ed58,0x00000000ecb00000)
  from space 2560K, 99% used [0x00000000ecb00000,0x00000000ecd7a048,0x00000000ecd80000)
  to   space 2560K, 0% used [0x00000000eed80000,0x00000000eed80000,0x00000000ef000000)
 ParOldGen       total 44032K, used 9284K [0x00000000c0000000, 0x00000000c2b00000, 0x00000000eab00000)
  object space 44032K, 21% used [0x00000000c0000000,0x00000000c09110a8,0x00000000c2b00000)
 Metaspace       used 6233K, capacity 7090K, committed 7296K, reserved 1056768K
  class space    used 605K, capacity 618K, committed 640K, reserved 1048576K

Card table byte_map: [0x0000000012560000,0x0000000012770000] byte_map_base: 0x0000000011f60000

Marking Bits: (ParMarkBitMap*) 0x000000005a2e2f70
 Begin Bits: [0x0000000012cd0000, 0x0000000013cd0000)
 End Bits:   [0x0000000013cd0000, 0x0000000014cd0000)

Polling page: 0x0000000001490000

CodeCache: size=245760Kb used=7210Kb max_used=7213Kb free=238549Kb
 bounds [0x00000000031a0000, 0x00000000038c0000, 0x00000000121a0000]
 total_blobs=1907 nmethods=1637 adapters=182
 compilation: enabled

Compilation events (10 events):
Event: 9.513 Thread 0x0000000015870000 1623       3       java.util.EnumSet::noneOf (63 bytes)
Event: 9.514 Thread 0x0000000015870000 nmethod 1623 0x0000000003898f10 code [0x00000000038991a0, 0x000000000389a1e8]
Event: 9.514 Thread 0x0000000015870000 1624   !   3       java.lang.Class::getEnumConstantsShared (73 bytes)
Event: 9.515 Thread 0x0000000015870000 nmethod 1624 0x000000000389aa50 code [0x000000000389ac40, 0x000000000389b668]
Event: 9.515 Thread 0x0000000015870000 1625       3       com.android.dx.ssa.Optimizer::optimize (67 bytes)
Event: 9.516 Thread 0x0000000015870000 nmethod 1625 0x000000000389b9d0 code [0x000000000389bbe0, 0x000000000389c4f8]
Event: 9.516 Thread 0x0000000015870000 1626       3       com.android.dx.dex.file.CodeItem::<init> (81 bytes)
Event: 9.516 Thread 0x0000000015870000 nmethod 1626 0x000000000389ca10 code [0x000000000389cbc0, 0x000000000389d0b8]
Event: 9.826 Thread 0x000000001587a000 nmethod 1545 0x00000000038a5b50 code [0x00000000038a6100, 0x00000000038abbe0]
Event: 9.826 Thread 0x000000001587a000 1644       4       com.android.dx.ssa.SCCP::simulateBlock (54 bytes)

GC Heap History (6 events):
Event: 3.139 GC heap before
{Heap before GC invocations=1 (full 0):
 PSYoungGen      total 18944K, used 16384K [0x00000000eab00000, 0x00000000ec000000, 0x0000000100000000)
  eden space 16384K, 100% used [0x00000000eab00000,0x00000000ebb00000,0x00000000ebb00000)
  from space 2560K, 0% used [0x00000000ebd80000,0x00000000ebd80000,0x00000000ec000000)
  to   space 2560K, 0% used [0x00000000ebb00000,0x00000000ebb00000,0x00000000ebd80000)
 ParOldGen       total 44032K, used 0K [0x00000000c0000000, 0x00000000c2b00000, 0x00000000eab00000)
  object space 44032K, 0% used [0x00000000c0000000,0x00000000c0000000,0x00000000c2b00000)
 Metaspace       used 5787K, capacity 6704K, committed 6784K, reserved 1056768K
  class space    used 600K, capacity 616K, committed 640K, reserved 1048576K
Event: 3.361 GC heap after
Heap after GC invocations=1 (full 0):
 PSYoungGen      total 18944K, used 2537K [0x00000000eab00000, 0x00000000ed000000, 0x0000000100000000)
  eden space 16384K, 0% used [0x00000000eab00000,0x00000000eab00000,0x00000000ebb00000)
  from space 2560K, 99% used [0x00000000ebb00000,0x00000000ebd7a708,0x00000000ebd80000)
  to   space 2560K, 0% used [0x00000000ecd80000,0x00000000ecd80000,0x00000000ed000000)
 ParOldGen       total 44032K, used 1692K [0x00000000c0000000, 0x00000000c2b00000, 0x00000000eab00000)
  object space 44032K, 3% used [0x00000000c0000000,0x00000000c01a7248,0x00000000c2b00000)
 Metaspace       used 5787K, capacity 6704K, committed 6784K, reserved 1056768K
  class space    used 600K, capacity 616K, committed 640K, reserved 1048576K
}
Event: 6.599 GC heap before
{Heap before GC invocations=2 (full 0):
 PSYoungGen      total 18944K, used 18921K [0x00000000eab00000, 0x00000000ed000000, 0x0000000100000000)
  eden space 16384K, 100% used [0x00000000eab00000,0x00000000ebb00000,0x00000000ebb00000)
  from space 2560K, 99% used [0x00000000ebb00000,0x00000000ebd7a708,0x00000000ebd80000)
  to   space 2560K, 0% used [0x00000000ecd80000,0x00000000ecd80000,0x00000000ed000000)
 ParOldGen       total 44032K, used 1692K [0x00000000c0000000, 0x00000000c2b00000, 0x00000000eab00000)
  object space 44032K, 3% used [0x00000000c0000000,0x00000000c01a7248,0x00000000c2b00000)
 Metaspace       used 6047K, capacity 6960K, committed 7040K, reserved 1056768K
  class space    used 601K, capacity 616K, committed 640K, reserved 1048576K
Event: 6.937 GC heap after
Heap after GC invocations=2 (full 0):
 PSYoungGen      total 35328K, used 2553K [0x00000000eab00000, 0x00000000ed000000, 0x0000000100000000)
  eden space 32768K, 0% used [0x00000000eab00000,0x00000000eab00000,0x00000000ecb00000)
  from space 2560K, 99% used [0x00000000ecd80000,0x00000000ecffe728,0x00000000ed000000)
  to   space 2560K, 0% used [0x00000000ecb00000,0x00000000ecb00000,0x00000000ecd80000)
 ParOldGen       total 44032K, used 3673K [0x00000000c0000000, 0x00000000c2b00000, 0x00000000eab00000)
  object space 44032K, 8% used [0x00000000c0000000,0x00000000c0396500,0x00000000c2b00000)
 Metaspace       used 6047K, capacity 6960K, committed 7040K, reserved 1056768K
  class space    used 601K, capacity 616K, committed 640K, reserved 1048576K
}
Event: 9.703 GC heap before
{Heap before GC invocations=3 (full 0):
 PSYoungGen      total 35328K, used 35321K [0x00000000eab00000, 0x00000000ed000000, 0x0000000100000000)
  eden space 32768K, 100% used [0x00000000eab00000,0x00000000ecb00000,0x00000000ecb00000)
  from space 2560K, 99% used [0x00000000ecd80000,0x00000000ecffe728,0x00000000ed000000)
  to   space 2560K, 0% used [0x00000000ecb00000,0x00000000ecb00000,0x00000000ecd80000)
 ParOldGen       total 44032K, used 3673K [0x00000000c0000000, 0x00000000c2b00000, 0x00000000eab00000)
  object space 44032K, 8% used [0x00000000c0000000,0x00000000c0396500,0x00000000c2b00000)
 Metaspace       used 6230K, capacity 7090K, committed 7296K, reserved 1056768K
  class space    used 605K, capacity 618K, committed 640K, reserved 1048576K
Event: 9.777 GC heap after
Heap after GC invocations=3 (full 0):
 PSYoungGen      total 35328K, used 2536K [0x00000000eab00000, 0x00000000ef000000, 0x0000000100000000)
  eden space 32768K, 0% used [0x00000000eab00000,0x00000000eab00000,0x00000000ecb00000)
  from space 2560K, 99% used [0x00000000ecb00000,0x00000000ecd7a048,0x00000000ecd80000)
  to   space 2560K, 0% used [0x00000000eed80000,0x00000000eed80000,0x00000000ef000000)
 ParOldGen       total 44032K, used 9284K [0x00000000c0000000, 0x00000000c2b00000, 0x00000000eab00000)
  object space 44032K, 21% used [0x00000000c0000000,0x00000000c09110a8,0x00000000c2b00000)
 Metaspace       used 6230K, capacity 7090K, committed 7296K, reserved 1056768K
  class space    used 605K, capacity 618K, committed 640K, reserved 1048576K
}

Deoptimization events (10 events):
Event: 7.436 Thread 0x0000000017431000 Uncommon trap: reason=null_check action=make_not_entrant pc=0x00000000035aaab4 method=com.android.dx.ssa.SsaRenamer.getLocalForNewReg(I)Lcom/android/dx/rop/code/LocalItem; @ 19
Event: 7.437 Thread 0x0000000017431000 Uncommon trap: reason=null_check action=make_not_entrant pc=0x00000000035a2868 method=com.android.dx.ssa.SsaRenamer.getLocalForNewReg(I)Lcom/android/dx/rop/code/LocalItem; @ 19
Event: 7.550 Thread 0x00000000030a0800 Uncommon trap: reason=unloaded action=reinterpret pc=0x0000000003739f48 method=com.android.dx.cf.cst.ConstantPoolParser.parse0(ILjava/util/BitSet;)Lcom/android/dx/rop/cst/Constant; @ 220
Event: 9.141 Thread 0x0000000017435800 Uncommon trap: reason=unstable_if action=reinterpret pc=0x00000000037fc31c method=com.android.dx.dex.code.RopTranslator.getRegs(Lcom/android/dx/rop/code/Insn;Lcom/android/dx/rop/code/RegisterSpec;)Lcom/android/dx/rop/code/RegisterSpecList; @ 35
Event: 9.153 Thread 0x0000000017430000 Uncommon trap: reason=bimorphic action=maybe_recompile pc=0x000000000364ac7c method=com.android.dx.cf.code.BytecodeArray.parseInstruction(ILcom/android/dx/cf/code/BytecodeArray$Visitor;)I @ 1501
Event: 9.174 Thread 0x0000000017430000 Uncommon trap: reason=bimorphic action=maybe_recompile pc=0x000000000364ac7c method=com.android.dx.cf.code.BytecodeArray.parseInstruction(ILcom/android/dx/cf/code/BytecodeArray$Visitor;)I @ 1501
Event: 9.406 Thread 0x0000000017430000 Uncommon trap: reason=unstable_if action=reinterpret pc=0x00000000036dde80 method=com.android.dx.rop.code.DexTranslationAdvice.requiresSourcesInOrder(Lcom/android/dx/rop/code/Rop;Lcom/android/dx/rop/code/RegisterSpecList;)Z @ 21
Event: 9.428 Thread 0x0000000017427000 Uncommon trap: reason=unstable_if action=reinterpret pc=0x00000000036d8088 method=com.android.dx.rop.code.DexTranslationAdvice.requiresSourcesInOrder(Lcom/android/dx/rop/code/Rop;Lcom/android/dx/rop/code/RegisterSpecList;)Z @ 21
Event: 9.466 Thread 0x0000000017427000 Uncommon trap: reason=null_check action=make_not_entrant pc=0x00000000034ecae0 method=com.android.dx.rop.type.Type.equals(Ljava/lang/Object;)Z @ 8
Event: 9.795 Thread 0x0000000017431000 Uncommon trap: reason=unstable_if action=reinterpret pc=0x00000000038156e0 method=com.android.dx.dex.code.RopTranslator.getRegs(Lcom/android/dx/rop/code/Insn;Lcom/android/dx/rop/code/RegisterSpec;)Lcom/android/dx/rop/code/RegisterSpecList; @ 35

Internal exceptions (5 events):
Event: 0.058 Thread 0x00000000030a0800 Exception <a 'java/lang/NoSuchMethodError': Method sun.misc.Unsafe.defineClass(Ljava/lang/String;[BII)Ljava/lang/Class; name or signature does not match> (0x00000000eab07cc0) thrown at [C:\re\workspace\8-2-build-windows-amd64-cygwin\jdk8u91\6644\hotspot\sr†úH$…Í­?
Event: 0.058 Thread 0x00000000030a0800 Exception <a 'java/lang/NoSuchMethodError': Method sun.misc.Unsafe.prefetchRead(Ljava/lang/Object;J)V name or signature does not match> (0x00000000eab07fa8) thrown at [C:\re\workspace\8-2-build-windows-amd64-cygwin\jdk8u91\6644\hotspot\src\share\vm\prims\jŒ÷î<¨¾@
Event: 7.436 Thread 0x0000000017431000 Implicit null exception at 0x00000000035a9ad1 to 0x00000000035aaa7d
Event: 7.437 Thread 0x0000000017431000 Implicit null exception at 0x00000000035a1a44 to 0x00000000035a2835
Event: 9.466 Thread 0x0000000017427000 Implicit null exception at 0x00000000034ec9e2 to 0x00000000034ecad2

Events (10 events):
Event: 9.428 Thread 0x0000000017427000 DEOPT PACKING pc=0x00000000036d8088 sp=0x00000000178ae6b0
Event: 9.428 Thread 0x0000000017427000 DEOPT UNPACKING pc=0x00000000031e582a sp=0x00000000178ae640 mode 2
Event: 9.466 Thread 0x0000000017427000 Uncommon trap: trap_request=0xfffffff4 fr.pc=0x00000000034ecae0
Event: 9.466 Thread 0x0000000017427000 DEOPT PACKING pc=0x00000000034ecae0 sp=0x00000000178ae380
Event: 9.466 Thread 0x0000000017427000 DEOPT UNPACKING pc=0x00000000031e582a sp=0x00000000178ae308 mode 2
Event: 9.538 Executing VM operation: ParallelGCFailedAllocation
Event: 9.777 Executing VM operation: ParallelGCFailedAllocation done
Event: 9.795 Thread 0x0000000017431000 Uncommon trap: trap_request=0xffffff65 fr.pc=0x00000000038156e0
Event: 9.795 Thread 0x0000000017431000 DEOPT PACKING pc=0x00000000038156e0 sp=0x0000000017baea90
Event: 9.795 Thread 0x0000000017431000 DEOPT UNPACKING pc=0x00000000031e582a sp=0x0000000017bae930 mode 2


Dynamic libraries:
0x00007ff616680000 - 0x00007ff6166b7000 	C:\Program Files\Java\jdk1.8.0_91\bin\java.exe
0x00007ffce13f0000 - 0x00007ffce15b1000 	C:\WINDOWS\SYSTEM32\ntdll.dll
0x00007ffcdf640000 - 0x00007ffcdf6ed000 	C:\WINDOWS\system32\KERNEL32.DLL
0x00007ffcddbc0000 - 0x00007ffcddda8000 	C:\WINDOWS\system32\KERNELBASE.dll
0x00007ffcdfcd0000 - 0x00007ffcdfd77000 	C:\WINDOWS\system32\ADVAPI32.dll
0x00007ffce12f0000 - 0x00007ffce138d000 	C:\WINDOWS\system32\msvcrt.dll
0x00007ffcdea60000 - 0x00007ffcdeabb000 	C:\WINDOWS\system32\sechost.dll
0x00007ffcdf970000 - 0x00007ffcdfa8c000 	C:\WINDOWS\system32\RPCRT4.dll
0x00007ffcdee90000 - 0x00007ffcdefe6000 	C:\WINDOWS\system32\USER32.dll
0x00007ffcdfb40000 - 0x00007ffcdfcc6000 	C:\WINDOWS\system32\GDI32.dll
0x00007ffccf520000 - 0x00007ffccf794000 	C:\WINDOWS\WinSxS\amd64_microsoft.windows.common-controls_6595b64144ccf1df_6.0.10586.672_none_a2d6b3cea53ff843\COMCTL32.dll
0x00007ffcdeac0000 - 0x00007ffcded3d000 	C:\WINDOWS\system32\combase.dll
0x00007ffcddaf0000 - 0x00007ffcddb5a000 	C:\WINDOWS\system32\bcryptPrimitives.dll
0x00007ffcdf910000 - 0x00007ffcdf94b000 	C:\WINDOWS\system32\IMM32.DLL
0x0000000059620000 - 0x00000000596f2000 	C:\Program Files\Java\jdk1.8.0_91\jre\bin\msvcr100.dll
0x0000000059ad0000 - 0x000000005a363000 	C:\Program Files\Java\jdk1.8.0_91\jre\bin\server\jvm.dll
0x00007ffcdf760000 - 0x00007ffcdf768000 	C:\WINDOWS\system32\PSAPI.DLL
0x00007ffcd38e0000 - 0x00007ffcd38e9000 	C:\WINDOWS\SYSTEM32\WSOCK32.dll
0x00007ffcdf840000 - 0x00007ffcdf8ab000 	C:\WINDOWS\system32\WS2_32.dll
0x00007ffcdbc60000 - 0x00007ffcdbc83000 	C:\WINDOWS\SYSTEM32\WINMM.dll
0x00007ffcd4b70000 - 0x00007ffcd4b7a000 	C:\WINDOWS\SYSTEM32\VERSION.dll
0x00007ffcdbc30000 - 0x00007ffcdbc5c000 	C:\WINDOWS\SYSTEM32\WINMMBASE.dll
0x00007ffcddaa0000 - 0x00007ffcddae3000 	C:\WINDOWS\system32\cfgmgr32.dll
0x000000005a770000 - 0x000000005a77f000 	C:\Program Files\Java\jdk1.8.0_91\jre\bin\verify.dll
0x000000005a740000 - 0x000000005a769000 	C:\Program Files\Java\jdk1.8.0_91\jre\bin\java.dll
0x000000005a480000 - 0x000000005a496000 	C:\Program Files\Java\jdk1.8.0_91\jre\bin\zip.dll
0x00007ffcdfd90000 - 0x00007ffce12ec000 	C:\WINDOWS\system32\SHELL32.dll
0x00007ffcde110000 - 0x00007ffcde755000 	C:\WINDOWS\system32\windows.storage.dll
0x00007ffcdf8b0000 - 0x00007ffcdf902000 	C:\WINDOWS\system32\shlwapi.dll
0x00007ffcdda30000 - 0x00007ffcdda3f000 	C:\WINDOWS\system32\kernel.appcore.dll
0x00007ffcde050000 - 0x00007ffcde105000 	C:\WINDOWS\system32\shcore.dll
0x00007ffcdda50000 - 0x00007ffcdda9b000 	C:\WINDOWS\system32\powrprof.dll
0x00007ffcdda10000 - 0x00007ffcdda24000 	C:\WINDOWS\system32\profapi.dll

VM Arguments:
jvm_args: -Djava.awt.headless=true -Xmx1024M -Dfile.encoding=windows-1252 -Duser.country=US -Duser.language=en -Duser.variant 
java_command: com.android.dx.command.Main --dex --num-threads=4 --output E:\TableBookingApp\app\build\intermediates\pre-dexed\debug\com.android.support-mediarouter-v7-24.0.0_11427f08e1e80ffa32d9511b82eb10a87a8a22b4.jar E:\TableBookingApp\app\build\intermediates\exploded-aar\com.android.support\mediarouter-v7\24.0.0\jars\classes.jar
java_class_path (initial): C:\Users\abc\AppData\Local\Android\sdk\build-tools\25.0.2\lib\dx.jar
Launcher Type: SUN_STANDARD

Environment Variables:
PATH=C:\ProgramData\Oracle\Java\javapath;D:\oracle\product\11.2.0\dbhome_1\bin;C:\WINDOWS\system32;C:\WINDOWS;C:\WINDOWS\System32\Wbem;C:\WINDOWS\System32\WindowsPowerShell\v1.0\;C:\Program Files (x86)\Microsoft SQL Server\100\Tools\Binn\;C:\Program Files\Microsoft SQL Server\100\Tools\Binn\;C:\Program Files\Microsoft SQL Server\100\DTS\Binn\;d:\SQLSERVER\120\DTS\Binn\;d:\SQLSERVER\Client SDK\ODBC\110\Tools\Binn\;d:\SQLSERVER\x86\120\Tools\Binn\;d:\SQLSERVER\120\Tools\Binn\;d:\SQLSERVER\x86\110\Tools\Binn\ManagementStudio\;d:\SQLSERVER\x86\110\Tools\Binn\;d:\SQLSERVER\x86\110\DTS\Binn\;C:\Program Files\MATLAB\R2009b\runtime\win64;C:\Program Files\Java\jdk1.8.0_91\bin
USERNAME=MuneebPC
OS=Windows_NT
PROCESSOR_IDENTIFIER=Intel64 Family 6 Model 58 Stepping 9, GenuineIntel



---------------  S Y S T E M  ---------------

OS: Windows 10.0 , 64 bit Build 10586 (10.0.10586.589)

CPU:total 4 (2 cores per cpu, 2 threads per core) family 6 model 58 stepping 9, cmov, cx8, fxsr, mmx, sse, sse2, sse3, ssse3, sse4.1, sse4.2, popcnt, avx, aes, clmul, erms, ht, tsc, tscinvbit, tscinv

Memory: 4k page, physical 4072964k(373436k free), swap 5712656k(4860k free)

vm_info: Java HotSpot(TM) 64-Bit Server VM (25.91-b14) for windows-amd64 JRE (1.8.0_91-b14), built on Apr  1 2016 00:58:32 by "java_re" with MS VC++ 10.0 (VS2010)

time: Mon May 15 15:29:32 2017
elapsed time: 9 seconds (0d 0h 0m 9s)

